---------------------------------------------------------------
[ 2018-06-24T09:14:28+08:00 ] 0.0.0.0 GET /ArcticTern_1/trip_planning/index/index.html
[ info ] localhost/ArcticTern_1/trip_planning/index/index.html [运行时间：0.032883s][吞吐率：30.41req/s] [内存消耗：1,898.08kb] [文件加载：50]
[ info ] [ LANG ] D:\xampp\htdocs\ArcticTern_1\thinkphp\lang\zh-cn.php
[ info ] [ ROUTE ] array (
  'type' => 'module',
  'module' => 
  array (
    0 => 'trip_planning',
    1 => 'index',
    2 => 'index',
  ),
)
[ info ] [ HEADER ] array (
  'host' => 'localhost',
  'connection' => 'keep-alive',
  'upgrade-insecure-requests' => '1',
  'user-agent' => 'Mozilla/5.0 (Windows NT 10.0; WOW64) AppleWebKit/537.36 (KHTML, like Gecko) Chrome/67.0.3396.62 Safari/537.36',
  'accept' => 'text/html,application/xhtml+xml,application/xml;q=0.9,image/webp,image/apng,*/*;q=0.8',
  'referer' => 'http://localhost/ArcticTern_1/activity/index/index.html',
  'accept-encoding' => 'gzip, deflate, br',
  'accept-language' => 'zh-CN,zh;q=0.9',
  'cookie' => 'thinkphp_show_page_trace=0|0',
)
[ info ] [ PARAM ] array (
)
[ info ] [ RUN ] app\trip_planning\controller\Index->index[ D:\xampp\htdocs\ArcticTern_1\application\trip_planning\controller\Index.php ]
[ info ] [ VIEW ] D:\xampp\htdocs\ArcticTern_1/application/trip_planning\view\index\index.html [ array (
) ]
[ info ] [ LOG ] INIT File
---------------------------------------------------------------
[ 2018-06-24T09:14:28+08:00 ] 0.0.0.0 GET /ArcticTern_1/public/static/css/bootstrap.css.map
[ info ] localhost/ArcticTern_1/public/static/css/bootstrap.css.map [运行时间：0.032091s][吞吐率：31.16req/s] [内存消耗：1,427.84kb] [文件加载：43]
[ info ] [ LANG ] D:\xampp\htdocs\ArcticTern_1\thinkphp\lang\zh-cn.php
[ info ] [ ROUTE ] array (
  'type' => 'module',
  'module' => 
  array (
    0 => 'public',
    1 => 'static',
    2 => 'css',
  ),
)
[ info ] [ HEADER ] array (
  'host' => 'localhost',
  'connection' => 'keep-alive',
  'user-agent' => 'Mozilla/5.0 (Windows NT 10.0; WOW64) AppleWebKit/537.36 (KHTML, like Gecko) Chrome/67.0.3396.62 Safari/537.36',
  'accept-encoding' => 'gzip, deflate, br',
  'accept-language' => 'zh-CN,zh;q=0.9',
)
[ info ] [ PARAM ] array (
)
[ info ] [ LOG ] INIT File
---------------------------------------------------------------
[ 2018-06-24T09:14:32+08:00 ] 0.0.0.0 GET /ArcticTern_1/trip_planning/index/ziye.html
[ info ] localhost/ArcticTern_1/trip_planning/index/ziye.html [运行时间：0.026569s][吞吐率：37.64req/s] [内存消耗：1,881.24kb] [文件加载：50]
[ info ] [ LANG ] D:\xampp\htdocs\ArcticTern_1\thinkphp\lang\zh-cn.php
[ info ] [ ROUTE ] array (
  'type' => 'module',
  'module' => 
  array (
    0 => 'trip_planning',
    1 => 'index',
    2 => 'ziye',
  ),
)
[ info ] [ HEADER ] array (
  'host' => 'localhost',
  'connection' => 'keep-alive',
  'upgrade-insecure-requests' => '1',
  'user-agent' => 'Mozilla/5.0 (Windows NT 10.0; WOW64) AppleWebKit/537.36 (KHTML, like Gecko) Chrome/67.0.3396.62 Safari/537.36',
  'accept' => 'text/html,application/xhtml+xml,application/xml;q=0.9,image/webp,image/apng,*/*;q=0.8',
  'referer' => 'http://localhost/ArcticTern_1/trip_planning/index/index.html',
  'accept-encoding' => 'gzip, deflate, br',
  'accept-language' => 'zh-CN,zh;q=0.9',
  'cookie' => 'thinkphp_show_page_trace=0|0',
)
[ info ] [ PARAM ] array (
)
[ info ] [ RUN ] app\trip_planning\controller\Index->ziye[ D:\xampp\htdocs\ArcticTern_1\application\trip_planning\controller\Index.php ]
[ info ] [ VIEW ] D:\xampp\htdocs\ArcticTern_1/application/trip_planning\view\index\ziye.html [ array (
) ]
[ info ] [ LOG ] INIT File
---------------------------------------------------------------
[ 2018-06-24T09:14:37+08:00 ] 0.0.0.0 GET /ArcticTern_1/trip_planning/index/ziye.html
[ info ] localhost/ArcticTern_1/trip_planning/index/ziye.html [运行时间：0.027427s][吞吐率：36.46req/s] [内存消耗：1,719.50kb] [文件加载：48]
[ info ] [ LANG ] D:\xampp\htdocs\ArcticTern_1\thinkphp\lang\zh-cn.php
[ info ] [ ROUTE ] array (
  'type' => 'module',
  'module' => 
  array (
    0 => 'trip_planning',
    1 => 'index',
    2 => 'ziye',
  ),
)
[ info ] [ HEADER ] array (
  'host' => 'localhost',
  'connection' => 'keep-alive',
  'upgrade-insecure-requests' => '1',
  'user-agent' => 'Mozilla/5.0 (Windows NT 10.0; WOW64) AppleWebKit/537.36 (KHTML, like Gecko) Chrome/67.0.3396.62 Safari/537.36',
  'accept' => 'text/html,application/xhtml+xml,application/xml;q=0.9,image/webp,image/apng,*/*;q=0.8',
  'referer' => 'http://localhost/ArcticTern_1/trip_planning/index/ziye.html',
  'accept-encoding' => 'gzip, deflate, br',
  'accept-language' => 'zh-CN,zh;q=0.9',
  'cookie' => 'thinkphp_show_page_trace=0|0',
)
[ info ] [ PARAM ] array (
)
[ info ] [ RUN ] app\trip_planning\controller\Index->ziye[ D:\xampp\htdocs\ArcticTern_1\application\trip_planning\controller\Index.php ]
[ info ] [ VIEW ] D:\xampp\htdocs\ArcticTern_1/application/trip_planning\view\index\ziye.html [ array (
) ]
[ info ] [ LOG ] INIT File
---------------------------------------------------------------
[ 2018-06-24T09:14:39+08:00 ] 0.0.0.0 GET /ArcticTern_1/trip_planning/index/ziye.html
[ info ] localhost/ArcticTern_1/trip_planning/index/ziye.html [运行时间：0.022553s][吞吐率：44.34req/s] [内存消耗：1,719.50kb] [文件加载：48]
[ info ] [ LANG ] D:\xampp\htdocs\ArcticTern_1\thinkphp\lang\zh-cn.php
[ info ] [ ROUTE ] array (
  'type' => 'module',
  'module' => 
  array (
    0 => 'trip_planning',
    1 => 'index',
    2 => 'ziye',
  ),
)
[ info ] [ HEADER ] array (
  'host' => 'localhost',
  'connection' => 'keep-alive',
  'upgrade-insecure-requests' => '1',
  'user-agent' => 'Mozilla/5.0 (Windows NT 10.0; WOW64) AppleWebKit/537.36 (KHTML, like Gecko) Chrome/67.0.3396.62 Safari/537.36',
  'accept' => 'text/html,application/xhtml+xml,application/xml;q=0.9,image/webp,image/apng,*/*;q=0.8',
  'referer' => 'http://localhost/ArcticTern_1/trip_planning/index/ziye.html',
  'accept-encoding' => 'gzip, deflate, br',
  'accept-language' => 'zh-CN,zh;q=0.9',
  'cookie' => 'thinkphp_show_page_trace=0|0',
)
[ info ] [ PARAM ] array (
)
[ info ] [ RUN ] app\trip_planning\controller\Index->ziye[ D:\xampp\htdocs\ArcticTern_1\application\trip_planning\controller\Index.php ]
[ info ] [ VIEW ] D:\xampp\htdocs\ArcticTern_1/application/trip_planning\view\index\ziye.html [ array (
) ]
[ info ] [ LOG ] INIT File
---------------------------------------------------------------
[ 2018-06-24T09:14:40+08:00 ] 0.0.0.0 GET /ArcticTern_1/trip_planning/index/ziye.html
[ info ] localhost/ArcticTern_1/trip_planning/index/ziye.html [运行时间：0.022614s][吞吐率：44.22req/s] [内存消耗：1,719.50kb] [文件加载：48]
[ info ] [ LANG ] D:\xampp\htdocs\ArcticTern_1\thinkphp\lang\zh-cn.php
[ info ] [ ROUTE ] array (
  'type' => 'module',
  'module' => 
  array (
    0 => 'trip_planning',
    1 => 'index',
    2 => 'ziye',
  ),
)
[ info ] [ HEADER ] array (
  'host' => 'localhost',
  'connection' => 'keep-alive',
  'upgrade-insecure-requests' => '1',
  'user-agent' => 'Mozilla/5.0 (Windows NT 10.0; WOW64) AppleWebKit/537.36 (KHTML, like Gecko) Chrome/67.0.3396.62 Safari/537.36',
  'accept' => 'text/html,application/xhtml+xml,application/xml;q=0.9,image/webp,image/apng,*/*;q=0.8',
  'referer' => 'http://localhost/ArcticTern_1/trip_planning/index/ziye.html',
  'accept-encoding' => 'gzip, deflate, br',
  'accept-language' => 'zh-CN,zh;q=0.9',
  'cookie' => 'thinkphp_show_page_trace=0|0',
)
[ info ] [ PARAM ] array (
)
[ info ] [ RUN ] app\trip_planning\controller\Index->ziye[ D:\xampp\htdocs\ArcticTern_1\application\trip_planning\controller\Index.php ]
[ info ] [ VIEW ] D:\xampp\htdocs\ArcticTern_1/application/trip_planning\view\index\ziye.html [ array (
) ]
[ info ] [ LOG ] INIT File
---------------------------------------------------------------
[ 2018-06-24T09:14:41+08:00 ] 0.0.0.0 GET /ArcticTern_1/trip_planning/index/ziye.html
[ info ] localhost/ArcticTern_1/trip_planning/index/ziye.html [运行时间：0.022681s][吞吐率：44.09req/s] [内存消耗：1,719.50kb] [文件加载：48]
[ info ] [ LANG ] D:\xampp\htdocs\ArcticTern_1\thinkphp\lang\zh-cn.php
[ info ] [ ROUTE ] array (
  'type' => 'module',
  'module' => 
  array (
    0 => 'trip_planning',
    1 => 'index',
    2 => 'ziye',
  ),
)
[ info ] [ HEADER ] array (
  'host' => 'localhost',
  'connection' => 'keep-alive',
  'upgrade-insecure-requests' => '1',
  'user-agent' => 'Mozilla/5.0 (Windows NT 10.0; WOW64) AppleWebKit/537.36 (KHTML, like Gecko) Chrome/67.0.3396.62 Safari/537.36',
  'accept' => 'text/html,application/xhtml+xml,application/xml;q=0.9,image/webp,image/apng,*/*;q=0.8',
  'referer' => 'http://localhost/ArcticTern_1/trip_planning/index/ziye.html',
  'accept-encoding' => 'gzip, deflate, br',
  'accept-language' => 'zh-CN,zh;q=0.9',
  'cookie' => 'thinkphp_show_page_trace=0|0',
)
[ info ] [ PARAM ] array (
)
[ info ] [ RUN ] app\trip_planning\controller\Index->ziye[ D:\xampp\htdocs\ArcticTern_1\application\trip_planning\controller\Index.php ]
[ info ] [ VIEW ] D:\xampp\htdocs\ArcticTern_1/application/trip_planning\view\index\ziye.html [ array (
) ]
[ info ] [ LOG ] INIT File
---------------------------------------------------------------
[ 2018-06-24T09:14:42+08:00 ] 0.0.0.0 GET /ArcticTern_1/trip_planning/index/create.html
[ info ] localhost/ArcticTern_1/trip_planning/index/create.html [运行时间：0.022964s][吞吐率：43.55req/s] [内存消耗：1,719.45kb] [文件加载：48]
[ info ] [ LANG ] D:\xampp\htdocs\ArcticTern_1\thinkphp\lang\zh-cn.php
[ info ] [ ROUTE ] array (
  'type' => 'module',
  'module' => 
  array (
    0 => 'trip_planning',
    1 => 'index',
    2 => 'create',
  ),
)
[ info ] [ HEADER ] array (
  'host' => 'localhost',
  'connection' => 'keep-alive',
  'upgrade-insecure-requests' => '1',
  'user-agent' => 'Mozilla/5.0 (Windows NT 10.0; WOW64) AppleWebKit/537.36 (KHTML, like Gecko) Chrome/67.0.3396.62 Safari/537.36',
  'accept' => 'text/html,application/xhtml+xml,application/xml;q=0.9,image/webp,image/apng,*/*;q=0.8',
  'referer' => 'http://localhost/ArcticTern_1/trip_planning/index/ziye.html',
  'accept-encoding' => 'gzip, deflate, br',
  'accept-language' => 'zh-CN,zh;q=0.9',
  'cookie' => 'thinkphp_show_page_trace=0|0',
)
[ info ] [ PARAM ] array (
)
[ info ] [ RUN ] app\trip_planning\controller\Index->create[ D:\xampp\htdocs\ArcticTern_1\application\trip_planning\controller\Index.php ]
[ info ] [ VIEW ] D:\xampp\htdocs\ArcticTern_1/application/trip_planning\view\index\create.html [ array (
) ]
[ info ] [ LOG ] INIT File
---------------------------------------------------------------
[ 2018-06-24T09:14:44+08:00 ] 0.0.0.0 GET /ArcticTern_1/trip_planning/index/login.html
[ info ] localhost/ArcticTern_1/trip_planning/index/login.html [运行时间：0.021497s][吞吐率：46.52req/s] [内存消耗：1,432.55kb] [文件加载：44]
[ info ] [ LANG ] D:\xampp\htdocs\ArcticTern_1\thinkphp\lang\zh-cn.php
[ info ] [ ROUTE ] array (
  'type' => 'module',
  'module' => 
  array (
    0 => 'trip_planning',
    1 => 'index',
    2 => 'login',
  ),
)
[ info ] [ HEADER ] array (
  'host' => 'localhost',
  'connection' => 'keep-alive',
  'upgrade-insecure-requests' => '1',
  'user-agent' => 'Mozilla/5.0 (Windows NT 10.0; WOW64) AppleWebKit/537.36 (KHTML, like Gecko) Chrome/67.0.3396.62 Safari/537.36',
  'accept' => 'text/html,application/xhtml+xml,application/xml;q=0.9,image/webp,image/apng,*/*;q=0.8',
  'referer' => 'http://localhost/ArcticTern_1/trip_planning/index/create.html',
  'accept-encoding' => 'gzip, deflate, br',
  'accept-language' => 'zh-CN,zh;q=0.9',
  'cookie' => 'thinkphp_show_page_trace=0|0',
)
[ info ] [ PARAM ] array (
)
[ info ] [ LOG ] INIT File
---------------------------------------------------------------
[ 2018-06-24T09:15:43+08:00 ] 0.0.0.0 GET /ArcticTern_1/trip_planning/index/create.html
[ info ] localhost/ArcticTern_1/trip_planning/index/create.html [运行时间：0.025650s][吞吐率：38.99req/s] [内存消耗：1,884.75kb] [文件加载：50]
[ info ] [ LANG ] D:\xampp\htdocs\ArcticTern_1\thinkphp\lang\zh-cn.php
[ info ] [ ROUTE ] array (
  'type' => 'module',
  'module' => 
  array (
    0 => 'trip_planning',
    1 => 'index',
    2 => 'create',
  ),
)
[ info ] [ HEADER ] array (
  'host' => 'localhost',
  'connection' => 'keep-alive',
  'upgrade-insecure-requests' => '1',
  'user-agent' => 'Mozilla/5.0 (Windows NT 10.0; WOW64) AppleWebKit/537.36 (KHTML, like Gecko) Chrome/67.0.3396.62 Safari/537.36',
  'accept' => 'text/html,application/xhtml+xml,application/xml;q=0.9,image/webp,image/apng,*/*;q=0.8',
  'referer' => 'http://localhost/ArcticTern_1/trip_planning/index/create.html',
  'accept-encoding' => 'gzip, deflate, br',
  'accept-language' => 'zh-CN,zh;q=0.9',
  'cookie' => 'thinkphp_show_page_trace=0|0',
)
[ info ] [ PARAM ] array (
)
[ info ] [ RUN ] app\trip_planning\controller\Index->create[ D:\xampp\htdocs\ArcticTern_1\application\trip_planning\controller\Index.php ]
[ info ] [ VIEW ] D:\xampp\htdocs\ArcticTern_1/application/trip_planning\view\index\create.html [ array (
) ]
[ info ] [ LOG ] INIT File
---------------------------------------------------------------
[ 2018-06-24T09:15:58+08:00 ] 0.0.0.0 GET /ArcticTern_1/fingerpost/index/index.html
[ info ] localhost/ArcticTern_1/fingerpost/index/index.html [运行时间：0.024197s][吞吐率：41.33req/s] [内存消耗：1,734.80kb] [文件加载：48]
[ info ] [ LANG ] D:\xampp\htdocs\ArcticTern_1\thinkphp\lang\zh-cn.php
[ info ] [ ROUTE ] array (
  'type' => 'module',
  'module' => 
  array (
    0 => 'fingerpost',
    1 => 'index',
    2 => 'index',
  ),
)
[ info ] [ HEADER ] array (
  'host' => 'localhost',
  'connection' => 'keep-alive',
  'upgrade-insecure-requests' => '1',
  'user-agent' => 'Mozilla/5.0 (Windows NT 10.0; WOW64) AppleWebKit/537.36 (KHTML, like Gecko) Chrome/67.0.3396.62 Safari/537.36',
  'accept' => 'text/html,application/xhtml+xml,application/xml;q=0.9,image/webp,image/apng,*/*;q=0.8',
  'referer' => 'http://localhost/ArcticTern_1/trip_planning/index/create.html',
  'accept-encoding' => 'gzip, deflate, br',
  'accept-language' => 'zh-CN,zh;q=0.9',
  'cookie' => 'thinkphp_show_page_trace=0|0',
)
[ info ] [ PARAM ] array (
)
[ info ] [ RUN ] app\fingerpost\controller\Index->index[ D:\xampp\htdocs\ArcticTern_1\application\fingerpost\controller\Index.php ]
[ info ] [ VIEW ] D:\xampp\htdocs\ArcticTern_1/application/fingerpost\view\index\index.html [ array (
) ]
[ info ] [ LOG ] INIT File
---------------------------------------------------------------
[ 2018-06-24T09:16:05+08:00 ] 0.0.0.0 GET /ArcticTern_1/fingerpost/index/details.html
[ info ] localhost/ArcticTern_1/fingerpost/index/details.html [运行时间：0.030582s][吞吐率：32.70req/s] [内存消耗：1,738.74kb] [文件加载：48]
[ info ] [ LANG ] D:\xampp\htdocs\ArcticTern_1\thinkphp\lang\zh-cn.php
[ info ] [ ROUTE ] array (
  'type' => 'module',
  'module' => 
  array (
    0 => 'fingerpost',
    1 => 'index',
    2 => 'details',
  ),
)
[ info ] [ HEADER ] array (
  'host' => 'localhost',
  'connection' => 'keep-alive',
  'upgrade-insecure-requests' => '1',
  'user-agent' => 'Mozilla/5.0 (Windows NT 10.0; WOW64) AppleWebKit/537.36 (KHTML, like Gecko) Chrome/67.0.3396.62 Safari/537.36',
  'accept' => 'text/html,application/xhtml+xml,application/xml;q=0.9,image/webp,image/apng,*/*;q=0.8',
  'referer' => 'http://localhost/ArcticTern_1/fingerpost/index/index.html',
  'accept-encoding' => 'gzip, deflate, br',
  'accept-language' => 'zh-CN,zh;q=0.9',
  'cookie' => 'thinkphp_show_page_trace=0|0',
)
[ info ] [ PARAM ] array (
)
[ info ] [ RUN ] app\fingerpost\controller\Index->details[ D:\xampp\htdocs\ArcticTern_1\application\fingerpost\controller\Index.php ]
[ info ] [ VIEW ] D:\xampp\htdocs\ArcticTern_1/application/fingerpost\view\index\details.html [ array (
) ]
[ info ] [ LOG ] INIT File
---------------------------------------------------------------
[ 2018-06-24T09:16:06+08:00 ] 0.0.0.0 GET /ArcticTern_1/public/static/js/details.js
[ info ] localhost/ArcticTern_1/public/static/js/details.js [运行时间：0.033149s][吞吐率：30.17req/s] [内存消耗：1,428.38kb] [文件加载：43]
[ info ] [ LANG ] D:\xampp\htdocs\ArcticTern_1\thinkphp\lang\zh-cn.php
[ info ] [ ROUTE ] array (
  'type' => 'module',
  'module' => 
  array (
    0 => 'public',
    1 => 'static',
    2 => 'js',
  ),
)
[ info ] [ HEADER ] array (
  'host' => 'localhost',
  'connection' => 'keep-alive',
  'user-agent' => 'Mozilla/5.0 (Windows NT 10.0; WOW64) AppleWebKit/537.36 (KHTML, like Gecko) Chrome/67.0.3396.62 Safari/537.36',
  'accept' => '*/*',
  'referer' => 'http://localhost/ArcticTern_1/fingerpost/index/details.html',
  'accept-encoding' => 'gzip, deflate, br',
  'accept-language' => 'zh-CN,zh;q=0.9',
)
[ info ] [ PARAM ] array (
)
[ info ] [ LOG ] INIT File
---------------------------------------------------------------
[ 2018-06-24T09:16:06+08:00 ] 0.0.0.0 GET /ArcticTern_1/public/static/js/details.js
[ info ] localhost/ArcticTern_1/public/static/js/details.js [运行时间：0.024383s][吞吐率：41.01req/s] [内存消耗：1,428.38kb] [文件加载：43]
[ info ] [ LANG ] D:\xampp\htdocs\ArcticTern_1\thinkphp\lang\zh-cn.php
[ info ] [ ROUTE ] array (
  'type' => 'module',
  'module' => 
  array (
    0 => 'public',
    1 => 'static',
    2 => 'js',
  ),
)
[ info ] [ HEADER ] array (
  'host' => 'localhost',
  'connection' => 'keep-alive',
  'user-agent' => 'Mozilla/5.0 (Windows NT 10.0; WOW64) AppleWebKit/537.36 (KHTML, like Gecko) Chrome/67.0.3396.62 Safari/537.36',
  'accept' => '*/*',
  'referer' => 'http://localhost/ArcticTern_1/fingerpost/index/details.html',
  'accept-encoding' => 'gzip, deflate, br',
  'accept-language' => 'zh-CN,zh;q=0.9',
)
[ info ] [ PARAM ] array (
)
[ info ] [ LOG ] INIT File
---------------------------------------------------------------
[ 2018-06-24T09:16:20+08:00 ] 0.0.0.0 GET /ArcticTern_1/about/index/index.html
[ info ] localhost/ArcticTern_1/about/index/index.html [运行时间：0.023251s][吞吐率：43.01req/s] [内存消耗：1,714.12kb] [文件加载：48]
[ info ] [ LANG ] D:\xampp\htdocs\ArcticTern_1\thinkphp\lang\zh-cn.php
[ info ] [ ROUTE ] array (
  'type' => 'module',
  'module' => 
  array (
    0 => 'about',
    1 => 'index',
    2 => 'index',
  ),
)
[ info ] [ HEADER ] array (
  'host' => 'localhost',
  'connection' => 'keep-alive',
  'upgrade-insecure-requests' => '1',
  'user-agent' => 'Mozilla/5.0 (Windows NT 10.0; WOW64) AppleWebKit/537.36 (KHTML, like Gecko) Chrome/67.0.3396.62 Safari/537.36',
  'accept' => 'text/html,application/xhtml+xml,application/xml;q=0.9,image/webp,image/apng,*/*;q=0.8',
  'referer' => 'http://localhost/ArcticTern_1/fingerpost/index/details.html',
  'accept-encoding' => 'gzip, deflate, br',
  'accept-language' => 'zh-CN,zh;q=0.9',
  'cookie' => 'thinkphp_show_page_trace=0|0',
)
[ info ] [ PARAM ] array (
)
[ info ] [ RUN ] app\about\controller\Index->index[ D:\xampp\htdocs\ArcticTern_1\application\about\controller\Index.php ]
[ info ] [ VIEW ] D:\xampp\htdocs\ArcticTern_1/application/about\view\index\index.html [ array (
) ]
[ info ] [ LOG ] INIT File
---------------------------------------------------------------
[ 2018-06-24T09:16:27+08:00 ] 0.0.0.0 GET /ArcticTern_1/index/index/index.html
[ info ] localhost/ArcticTern_1/index/index/index.html [运行时间：0.024144s][吞吐率：41.42req/s] [内存消耗：1,777.93kb] [文件加载：50]
[ info ] [ LANG ] D:\xampp\htdocs\ArcticTern_1\thinkphp\lang\zh-cn.php
[ info ] [ ROUTE ] array (
  'type' => 'module',
  'module' => 
  array (
    0 => 'index',
    1 => 'index',
    2 => 'index',
  ),
)
[ info ] [ HEADER ] array (
  'host' => 'localhost',
  'connection' => 'keep-alive',
  'upgrade-insecure-requests' => '1',
  'user-agent' => 'Mozilla/5.0 (Windows NT 10.0; WOW64) AppleWebKit/537.36 (KHTML, like Gecko) Chrome/67.0.3396.62 Safari/537.36',
  'accept' => 'text/html,application/xhtml+xml,application/xml;q=0.9,image/webp,image/apng,*/*;q=0.8',
  'referer' => 'http://localhost/ArcticTern_1/about/index/index.html',
  'accept-encoding' => 'gzip, deflate, br',
  'accept-language' => 'zh-CN,zh;q=0.9',
  'cookie' => 'thinkphp_show_page_trace=0|0',
)
[ info ] [ PARAM ] array (
)
[ info ] [ RUN ] app\index\controller\Index->index[ D:\xampp\htdocs\ArcticTern_1\application\index\controller\Index.php ]
[ info ] [ VIEW ] D:\xampp\htdocs\ArcticTern_1/application/index\view\index\index.html [ array (
) ]
[ info ] [ LOG ] INIT File
---------------------------------------------------------------
[ 2018-06-24T09:16:34+08:00 ] 0.0.0.0 GET /ArcticTern_1/activity/index/index.html
[ info ] localhost/ArcticTern_1/activity/index/index.html [运行时间：0.034852s][吞吐率：28.69req/s] [内存消耗：1,918.34kb] [文件加载：50]
[ info ] [ LANG ] D:\xampp\htdocs\ArcticTern_1\thinkphp\lang\zh-cn.php
[ info ] [ ROUTE ] array (
  'type' => 'module',
  'module' => 
  array (
    0 => 'activity',
    1 => 'index',
    2 => 'index',
  ),
)
[ info ] [ HEADER ] array (
  'host' => 'localhost',
  'connection' => 'keep-alive',
  'upgrade-insecure-requests' => '1',
  'user-agent' => 'Mozilla/5.0 (Windows NT 10.0; WOW64) AppleWebKit/537.36 (KHTML, like Gecko) Chrome/67.0.3396.62 Safari/537.36',
  'accept' => 'text/html,application/xhtml+xml,application/xml;q=0.9,image/webp,image/apng,*/*;q=0.8',
  'referer' => 'http://localhost/ArcticTern_1/index/index/index.html',
  'accept-encoding' => 'gzip, deflate, br',
  'accept-language' => 'zh-CN,zh;q=0.9',
  'cookie' => 'thinkphp_show_page_trace=0|0',
)
[ info ] [ PARAM ] array (
)
[ info ] [ RUN ] app\activity\controller\Index->index[ D:\xampp\htdocs\ArcticTern_1\application\activity\controller\Index.php ]
[ info ] [ VIEW ] D:\xampp\htdocs\ArcticTern_1/application/activity\view\index\index.html [ array (
) ]
[ info ] [ LOG ] INIT File
---------------------------------------------------------------
[ 2018-06-24T09:16:37+08:00 ] 0.0.0.0 GET /ArcticTern_1/activity/index/apply.html
[ info ] localhost/ArcticTern_1/activity/index/apply.html [运行时间：0.029046s][吞吐率：34.43req/s] [内存消耗：1,726.85kb] [文件加载：48]
[ info ] [ LANG ] D:\xampp\htdocs\ArcticTern_1\thinkphp\lang\zh-cn.php
[ info ] [ ROUTE ] array (
  'type' => 'module',
  'module' => 
  array (
    0 => 'activity',
    1 => 'index',
    2 => 'apply',
  ),
)
[ info ] [ HEADER ] array (
  'host' => 'localhost',
  'connection' => 'keep-alive',
  'upgrade-insecure-requests' => '1',
  'user-agent' => 'Mozilla/5.0 (Windows NT 10.0; WOW64) AppleWebKit/537.36 (KHTML, like Gecko) Chrome/67.0.3396.62 Safari/537.36',
  'accept' => 'text/html,application/xhtml+xml,application/xml;q=0.9,image/webp,image/apng,*/*;q=0.8',
  'referer' => 'http://localhost/ArcticTern_1/activity/index/index.html',
  'accept-encoding' => 'gzip, deflate, br',
  'accept-language' => 'zh-CN,zh;q=0.9',
  'cookie' => 'thinkphp_show_page_trace=0|0',
)
[ info ] [ PARAM ] array (
)
[ info ] [ RUN ] app\activity\controller\Index->apply[ D:\xampp\htdocs\ArcticTern_1\application\activity\controller\Index.php ]
[ info ] [ VIEW ] D:\xampp\htdocs\ArcticTern_1/application/activity\view\index\apply.html [ array (
) ]
[ info ] [ LOG ] INIT File
---------------------------------------------------------------
[ 2018-06-24T09:18:43+08:00 ] 0.0.0.0 GET /ArcticTern_1/trip_planning/index/ziye
[ info ] localhost/ArcticTern_1/trip_planning/index/ziye [运行时间：0.042822s][吞吐率：23.35req/s] [内存消耗：1,718.80kb] [文件加载：48]
[ info ] [ LANG ] D:\xampp\htdocs\ArcticTern_1\thinkphp\lang\zh-cn.php
[ info ] [ ROUTE ] array (
  'type' => 'module',
  'module' => 
  array (
    0 => 'trip_planning',
    1 => 'index',
    2 => 'ziye',
  ),
)
[ info ] [ HEADER ] array (
  'host' => 'localhost',
  'connection' => 'keep-alive',
  'upgrade-insecure-requests' => '1',
  'user-agent' => 'Mozilla/5.0 (Windows NT 10.0; WOW64) AppleWebKit/537.36 (KHTML, like Gecko) Chrome/67.0.3396.62 Safari/537.36',
  'accept' => 'text/html,application/xhtml+xml,application/xml;q=0.9,image/webp,image/apng,*/*;q=0.8',
  'accept-encoding' => 'gzip, deflate, br',
  'accept-language' => 'zh-CN,zh;q=0.9',
)
[ info ] [ PARAM ] array (
)
[ info ] [ RUN ] app\trip_planning\controller\Index->ziye[ D:\xampp\htdocs\ArcticTern_1\application\trip_planning\controller\Index.php ]
[ info ] [ VIEW ] D:\xampp\htdocs\ArcticTern_1/application/trip_planning\view\index\ziye.html [ array (
) ]
[ info ] [ LOG ] INIT File
---------------------------------------------------------------
[ 2018-06-24T09:18:45+08:00 ] 0.0.0.0 GET /ArcticTern_1/index/index/index.html
[ info ] localhost/ArcticTern_1/index/index/index.html [运行时间：0.033472s][吞吐率：29.88req/s] [内存消耗：1,777.65kb] [文件加载：50]
[ info ] [ LANG ] D:\xampp\htdocs\ArcticTern_1\thinkphp\lang\zh-cn.php
[ info ] [ ROUTE ] array (
  'type' => 'module',
  'module' => 
  array (
    0 => 'index',
    1 => 'index',
    2 => 'index',
  ),
)
[ info ] [ HEADER ] array (
  'host' => 'localhost',
  'connection' => 'keep-alive',
  'upgrade-insecure-requests' => '1',
  'user-agent' => 'Mozilla/5.0 (Windows NT 10.0; WOW64) AppleWebKit/537.36 (KHTML, like Gecko) Chrome/67.0.3396.62 Safari/537.36',
  'accept' => 'text/html,application/xhtml+xml,application/xml;q=0.9,image/webp,image/apng,*/*;q=0.8',
  'referer' => 'http://localhost/ArcticTern_1/trip_planning/index/ziye',
  'accept-encoding' => 'gzip, deflate, br',
  'accept-language' => 'zh-CN,zh;q=0.9',
)
[ info ] [ PARAM ] array (
)
[ info ] [ RUN ] app\index\controller\Index->index[ D:\xampp\htdocs\ArcticTern_1\application\index\controller\Index.php ]
[ info ] [ VIEW ] D:\xampp\htdocs\ArcticTern_1/application/index\view\index\index.html [ array (
) ]
[ info ] [ LOG ] INIT File
---------------------------------------------------------------
[ 2018-06-24T09:19:06+08:00 ] 0.0.0.0 GET /ArcticTern_1/trip_planning/index/index.html
[ info ] localhost/ArcticTern_1/trip_planning/index/index.html [运行时间：0.030501s][吞吐率：32.79req/s] [内存消耗：1,723.50kb] [文件加载：48]
[ info ] [ LANG ] D:\xampp\htdocs\ArcticTern_1\thinkphp\lang\zh-cn.php
[ info ] [ ROUTE ] array (
  'type' => 'module',
  'module' => 
  array (
    0 => 'trip_planning',
    1 => 'index',
    2 => 'index',
  ),
)
[ info ] [ HEADER ] array (
  'host' => 'localhost',
  'connection' => 'keep-alive',
  'upgrade-insecure-requests' => '1',
  'user-agent' => 'Mozilla/5.0 (Windows NT 10.0; WOW64) AppleWebKit/537.36 (KHTML, like Gecko) Chrome/67.0.3396.62 Safari/537.36',
  'accept' => 'text/html,application/xhtml+xml,application/xml;q=0.9,image/webp,image/apng,*/*;q=0.8',
  'referer' => 'http://localhost/ArcticTern_1/index/index/index.html',
  'accept-encoding' => 'gzip, deflate, br',
  'accept-language' => 'zh-CN,zh;q=0.9',
  'cookie' => 'thinkphp_show_page_trace=0|0',
)
[ info ] [ PARAM ] array (
)
[ info ] [ RUN ] app\trip_planning\controller\Index->index[ D:\xampp\htdocs\ArcticTern_1\application\trip_planning\controller\Index.php ]
[ info ] [ VIEW ] D:\xampp\htdocs\ArcticTern_1/application/trip_planning\view\index\index.html [ array (
) ]
[ info ] [ LOG ] INIT File
---------------------------------------------------------------
[ 2018-06-24T09:19:52+08:00 ] 0.0.0.0 GET /ArcticTern_1/trip_planning/index/ziye.html
[ info ] localhost/ArcticTern_1/trip_planning/index/ziye.html [运行时间：0.027055s][吞吐率：36.96req/s] [内存消耗：1,719.50kb] [文件加载：48]
[ info ] [ LANG ] D:\xampp\htdocs\ArcticTern_1\thinkphp\lang\zh-cn.php
[ info ] [ ROUTE ] array (
  'type' => 'module',
  'module' => 
  array (
    0 => 'trip_planning',
    1 => 'index',
    2 => 'ziye',
  ),
)
[ info ] [ HEADER ] array (
  'host' => 'localhost',
  'connection' => 'keep-alive',
  'upgrade-insecure-requests' => '1',
  'user-agent' => 'Mozilla/5.0 (Windows NT 10.0; WOW64) AppleWebKit/537.36 (KHTML, like Gecko) Chrome/67.0.3396.62 Safari/537.36',
  'accept' => 'text/html,application/xhtml+xml,application/xml;q=0.9,image/webp,image/apng,*/*;q=0.8',
  'referer' => 'http://localhost/ArcticTern_1/trip_planning/index/index.html',
  'accept-encoding' => 'gzip, deflate, br',
  'accept-language' => 'zh-CN,zh;q=0.9',
  'cookie' => 'thinkphp_show_page_trace=0|0',
)
[ info ] [ PARAM ] array (
)
[ info ] [ RUN ] app\trip_planning\controller\Index->ziye[ D:\xampp\htdocs\ArcticTern_1\application\trip_planning\controller\Index.php ]
[ info ] [ VIEW ] D:\xampp\htdocs\ArcticTern_1/application/trip_planning\view\index\ziye.html [ array (
) ]
[ info ] [ LOG ] INIT File
---------------------------------------------------------------
[ 2018-06-24T09:20:18+08:00 ] 0.0.0.0 GET /ArcticTern_1/trip_planning/index/create.html
[ info ] localhost/ArcticTern_1/trip_planning/index/create.html [运行时间：0.022930s][吞吐率：43.61req/s] [内存消耗：1,719.45kb] [文件加载：48]
[ info ] [ LANG ] D:\xampp\htdocs\ArcticTern_1\thinkphp\lang\zh-cn.php
[ info ] [ ROUTE ] array (
  'type' => 'module',
  'module' => 
  array (
    0 => 'trip_planning',
    1 => 'index',
    2 => 'create',
  ),
)
[ info ] [ HEADER ] array (
  'host' => 'localhost',
  'connection' => 'keep-alive',
  'upgrade-insecure-requests' => '1',
  'user-agent' => 'Mozilla/5.0 (Windows NT 10.0; WOW64) AppleWebKit/537.36 (KHTML, like Gecko) Chrome/67.0.3396.62 Safari/537.36',
  'accept' => 'text/html,application/xhtml+xml,application/xml;q=0.9,image/webp,image/apng,*/*;q=0.8',
  'referer' => 'http://localhost/ArcticTern_1/trip_planning/index/ziye.html',
  'accept-encoding' => 'gzip, deflate, br',
  'accept-language' => 'zh-CN,zh;q=0.9',
  'cookie' => 'thinkphp_show_page_trace=0|0',
)
[ info ] [ PARAM ] array (
)
[ info ] [ RUN ] app\trip_planning\controller\Index->create[ D:\xampp\htdocs\ArcticTern_1\application\trip_planning\controller\Index.php ]
[ info ] [ VIEW ] D:\xampp\htdocs\ArcticTern_1/application/trip_planning\view\index\create.html [ array (
) ]
[ info ] [ LOG ] INIT File
---------------------------------------------------------------
[ 2018-06-24T09:20:36+08:00 ] 0.0.0.0 GET /ArcticTern_1/destination/index/index.html
[ info ] localhost/ArcticTern_1/destination/index/index.html [运行时间：0.039176s][吞吐率：25.53req/s] [内存消耗：1,934.49kb] [文件加载：48]
[ info ] [ LANG ] D:\xampp\htdocs\ArcticTern_1\thinkphp\lang\zh-cn.php
[ info ] [ ROUTE ] array (
  'type' => 'module',
  'module' => 
  array (
    0 => 'destination',
    1 => 'index',
    2 => 'index',
  ),
)
[ info ] [ HEADER ] array (
  'host' => 'localhost',
  'connection' => 'keep-alive',
  'upgrade-insecure-requests' => '1',
  'user-agent' => 'Mozilla/5.0 (Windows NT 10.0; WOW64) AppleWebKit/537.36 (KHTML, like Gecko) Chrome/67.0.3396.62 Safari/537.36',
  'accept' => 'text/html,application/xhtml+xml,application/xml;q=0.9,image/webp,image/apng,*/*;q=0.8',
  'referer' => 'http://localhost/ArcticTern_1/trip_planning/index/create.html',
  'accept-encoding' => 'gzip, deflate, br',
  'accept-language' => 'zh-CN,zh;q=0.9',
)
[ info ] [ PARAM ] array (
)
[ info ] [ RUN ] app\destination\controller\Index->index[ D:\xampp\htdocs\ArcticTern_1\application\destination\controller\Index.php ]
[ info ] [ VIEW ] D:\xampp\htdocs\ArcticTern_1/application/destination\view\index\index.html [ array (
) ]
[ info ] [ LOG ] INIT File
---------------------------------------------------------------
[ 2018-06-24T09:20:44+08:00 ] 0.0.0.0 GET /ArcticTern_1/destination/index/ziye.html
[ info ] localhost/ArcticTern_1/destination/index/ziye.html [运行时间：0.025677s][吞吐率：38.95req/s] [内存消耗：1,766.79kb] [文件加载：48]
[ info ] [ LANG ] D:\xampp\htdocs\ArcticTern_1\thinkphp\lang\zh-cn.php
[ info ] [ ROUTE ] array (
  'type' => 'module',
  'module' => 
  array (
    0 => 'destination',
    1 => 'index',
    2 => 'ziye',
  ),
)
[ info ] [ HEADER ] array (
  'host' => 'localhost',
  'connection' => 'keep-alive',
  'upgrade-insecure-requests' => '1',
  'user-agent' => 'Mozilla/5.0 (Windows NT 10.0; WOW64) AppleWebKit/537.36 (KHTML, like Gecko) Chrome/67.0.3396.62 Safari/537.36',
  'accept' => 'text/html,application/xhtml+xml,application/xml;q=0.9,image/webp,image/apng,*/*;q=0.8',
  'referer' => 'http://localhost/ArcticTern_1/destination/index/index.html',
  'accept-encoding' => 'gzip, deflate, br',
  'accept-language' => 'zh-CN,zh;q=0.9',
  'cookie' => 'thinkphp_show_page_trace=0|0',
)
[ info ] [ PARAM ] array (
)
[ info ] [ RUN ] app\destination\controller\Index->ziye[ D:\xampp\htdocs\ArcticTern_1\application\destination\controller\Index.php ]
[ info ] [ VIEW ] D:\xampp\htdocs\ArcticTern_1/application/destination\view\index\ziye.html [ array (
) ]
[ info ] [ LOG ] INIT File
---------------------------------------------------------------
[ 2018-06-24T09:21:56+08:00 ] 0.0.0.0 GET /ArcticTern_1/fingerpost/index/index.html
[ info ] localhost/ArcticTern_1/fingerpost/index/index.html [运行时间：0.028441s][吞吐率：35.16req/s] [内存消耗：1,734.48kb] [文件加载：48]
[ info ] [ LANG ] D:\xampp\htdocs\ArcticTern_1\thinkphp\lang\zh-cn.php
[ info ] [ ROUTE ] array (
  'type' => 'module',
  'module' => 
  array (
    0 => 'fingerpost',
    1 => 'index',
    2 => 'index',
  ),
)
[ info ] [ HEADER ] array (
  'host' => 'localhost',
  'connection' => 'keep-alive',
  'upgrade-insecure-requests' => '1',
  'user-agent' => 'Mozilla/5.0 (Windows NT 10.0; WOW64) AppleWebKit/537.36 (KHTML, like Gecko) Chrome/67.0.3396.62 Safari/537.36',
  'accept' => 'text/html,application/xhtml+xml,application/xml;q=0.9,image/webp,image/apng,*/*;q=0.8',
  'referer' => 'http://localhost/ArcticTern_1/destination/index/ziye.html',
  'accept-encoding' => 'gzip, deflate, br',
  'accept-language' => 'zh-CN,zh;q=0.9',
)
[ info ] [ PARAM ] array (
)
[ info ] [ RUN ] app\fingerpost\controller\Index->index[ D:\xampp\htdocs\ArcticTern_1\application\fingerpost\controller\Index.php ]
[ info ] [ VIEW ] D:\xampp\htdocs\ArcticTern_1/application/fingerpost\view\index\index.html [ array (
) ]
[ info ] [ LOG ] INIT File
---------------------------------------------------------------
[ 2018-06-24T09:22:16+08:00 ] 0.0.0.0 GET /ArcticTern_1/fingerpost/index/details.html
[ info ] localhost/ArcticTern_1/fingerpost/index/details.html [运行时间：0.024208s][吞吐率：41.31req/s] [内存消耗：1,738.74kb] [文件加载：48]
[ info ] [ LANG ] D:\xampp\htdocs\ArcticTern_1\thinkphp\lang\zh-cn.php
[ info ] [ ROUTE ] array (
  'type' => 'module',
  'module' => 
  array (
    0 => 'fingerpost',
    1 => 'index',
    2 => 'details',
  ),
)
[ info ] [ HEADER ] array (
  'host' => 'localhost',
  'connection' => 'keep-alive',
  'upgrade-insecure-requests' => '1',
  'user-agent' => 'Mozilla/5.0 (Windows NT 10.0; WOW64) AppleWebKit/537.36 (KHTML, like Gecko) Chrome/67.0.3396.62 Safari/537.36',
  'accept' => 'text/html,application/xhtml+xml,application/xml;q=0.9,image/webp,image/apng,*/*;q=0.8',
  'referer' => 'http://localhost/ArcticTern_1/fingerpost/index/index.html',
  'accept-encoding' => 'gzip, deflate, br',
  'accept-language' => 'zh-CN,zh;q=0.9',
  'cookie' => 'thinkphp_show_page_trace=0|0',
)
[ info ] [ PARAM ] array (
)
[ info ] [ RUN ] app\fingerpost\controller\Index->details[ D:\xampp\htdocs\ArcticTern_1\application\fingerpost\controller\Index.php ]
[ info ] [ VIEW ] D:\xampp\htdocs\ArcticTern_1/application/fingerpost\view\index\details.html [ array (
) ]
[ info ] [ LOG ] INIT File
---------------------------------------------------------------
[ 2018-06-24T09:22:16+08:00 ] 0.0.0.0 GET /ArcticTern_1/public/static/js/details.js
[ info ] localhost/ArcticTern_1/public/static/js/details.js [运行时间：0.028191s][吞吐率：35.47req/s] [内存消耗：1,428.38kb] [文件加载：43]
[ info ] [ LANG ] D:\xampp\htdocs\ArcticTern_1\thinkphp\lang\zh-cn.php
[ info ] [ ROUTE ] array (
  'type' => 'module',
  'module' => 
  array (
    0 => 'public',
    1 => 'static',
    2 => 'js',
  ),
)
[ info ] [ HEADER ] array (
  'host' => 'localhost',
  'connection' => 'keep-alive',
  'user-agent' => 'Mozilla/5.0 (Windows NT 10.0; WOW64) AppleWebKit/537.36 (KHTML, like Gecko) Chrome/67.0.3396.62 Safari/537.36',
  'accept' => '*/*',
  'referer' => 'http://localhost/ArcticTern_1/fingerpost/index/details.html',
  'accept-encoding' => 'gzip, deflate, br',
  'accept-language' => 'zh-CN,zh;q=0.9',
)
[ info ] [ PARAM ] array (
)
[ info ] [ LOG ] INIT File
---------------------------------------------------------------
[ 2018-06-24T09:22:16+08:00 ] 0.0.0.0 GET /ArcticTern_1/public/static/js/details.js
[ info ] localhost/ArcticTern_1/public/static/js/details.js [运行时间：0.031454s][吞吐率：31.79req/s] [内存消耗：1,428.38kb] [文件加载：43]
[ info ] [ LANG ] D:\xampp\htdocs\ArcticTern_1\thinkphp\lang\zh-cn.php
[ info ] [ ROUTE ] array (
  'type' => 'module',
  'module' => 
  array (
    0 => 'public',
    1 => 'static',
    2 => 'js',
  ),
)
[ info ] [ HEADER ] array (
  'host' => 'localhost',
  'connection' => 'keep-alive',
  'user-agent' => 'Mozilla/5.0 (Windows NT 10.0; WOW64) AppleWebKit/537.36 (KHTML, like Gecko) Chrome/67.0.3396.62 Safari/537.36',
  'accept' => '*/*',
  'referer' => 'http://localhost/ArcticTern_1/fingerpost/index/details.html',
  'accept-encoding' => 'gzip, deflate, br',
  'accept-language' => 'zh-CN,zh;q=0.9',
)
[ info ] [ PARAM ] array (
)
[ info ] [ LOG ] INIT File
---------------------------------------------------------------
[ 2018-06-24T09:22:46+08:00 ] 0.0.0.0 GET /ArcticTern_1/fingerpost/index/details
[ info ] localhost/ArcticTern_1/fingerpost/index/details [运行时间：0.023159s][吞吐率：43.18req/s] [内存消耗：1,738.34kb] [文件加载：48]
[ info ] [ LANG ] D:\xampp\htdocs\ArcticTern_1\thinkphp\lang\zh-cn.php
[ info ] [ ROUTE ] array (
  'type' => 'module',
  'module' => 
  array (
    0 => 'fingerpost',
    1 => 'index',
    2 => 'details',
  ),
)
[ info ] [ HEADER ] array (
  'host' => 'localhost',
  'connection' => 'keep-alive',
  'upgrade-insecure-requests' => '1',
  'user-agent' => 'Mozilla/5.0 (Windows NT 10.0; WOW64) AppleWebKit/537.36 (KHTML, like Gecko) Chrome/67.0.3396.62 Safari/537.36',
  'accept' => 'text/html,application/xhtml+xml,application/xml;q=0.9,image/webp,image/apng,*/*;q=0.8',
  'accept-encoding' => 'gzip, deflate, br',
  'accept-language' => 'zh-CN,zh;q=0.9',
  'cookie' => 'thinkphp_show_page_trace=0|0',
)
[ info ] [ PARAM ] array (
)
[ info ] [ RUN ] app\fingerpost\controller\Index->details[ D:\xampp\htdocs\ArcticTern_1\application\fingerpost\controller\Index.php ]
[ info ] [ VIEW ] D:\xampp\htdocs\ArcticTern_1/application/fingerpost\view\index\details.html [ array (
) ]
[ info ] [ LOG ] INIT File
---------------------------------------------------------------
[ 2018-06-24T09:22:46+08:00 ] 0.0.0.0 GET /ArcticTern_1/public/static/js/details.js
[ info ] localhost/ArcticTern_1/public/static/js/details.js [运行时间：0.031323s][吞吐率：31.93req/s] [内存消耗：1,428.45kb] [文件加载：43]
[ info ] [ LANG ] D:\xampp\htdocs\ArcticTern_1\thinkphp\lang\zh-cn.php
[ info ] [ ROUTE ] array (
  'type' => 'module',
  'module' => 
  array (
    0 => 'public',
    1 => 'static',
    2 => 'js',
  ),
)
[ info ] [ HEADER ] array (
  'host' => 'localhost',
  'connection' => 'keep-alive',
  'user-agent' => 'Mozilla/5.0 (Windows NT 10.0; WOW64) AppleWebKit/537.36 (KHTML, like Gecko) Chrome/67.0.3396.62 Safari/537.36',
  'accept' => '*/*',
  'referer' => 'http://localhost/ArcticTern_1/fingerpost/index/details',
  'accept-encoding' => 'gzip, deflate, br',
  'accept-language' => 'zh-CN,zh;q=0.9',
)
[ info ] [ PARAM ] array (
)
[ info ] [ LOG ] INIT File
---------------------------------------------------------------
[ 2018-06-24T09:22:46+08:00 ] 0.0.0.0 GET /ArcticTern_1/public/static/js/details.js
[ info ] localhost/ArcticTern_1/public/static/js/details.js [运行时间：0.024240s][吞吐率：41.25req/s] [内存消耗：1,428.45kb] [文件加载：43]
[ info ] [ LANG ] D:\xampp\htdocs\ArcticTern_1\thinkphp\lang\zh-cn.php
[ info ] [ ROUTE ] array (
  'type' => 'module',
  'module' => 
  array (
    0 => 'public',
    1 => 'static',
    2 => 'js',
  ),
)
[ info ] [ HEADER ] array (
  'host' => 'localhost',
  'connection' => 'keep-alive',
  'user-agent' => 'Mozilla/5.0 (Windows NT 10.0; WOW64) AppleWebKit/537.36 (KHTML, like Gecko) Chrome/67.0.3396.62 Safari/537.36',
  'accept' => '*/*',
  'referer' => 'http://localhost/ArcticTern_1/fingerpost/index/details',
  'accept-encoding' => 'gzip, deflate, br',
  'accept-language' => 'zh-CN,zh;q=0.9',
)
[ info ] [ PARAM ] array (
)
[ info ] [ LOG ] INIT File
---------------------------------------------------------------
[ 2018-06-24T09:23:05+08:00 ] 0.0.0.0 GET /ArcticTern_1/activity/index/index.html
[ info ] localhost/ArcticTern_1/activity/index/index.html [运行时间：0.030358s][吞吐率：32.94req/s] [内存消耗：1,730.41kb] [文件加载：48]
[ info ] [ LANG ] D:\xampp\htdocs\ArcticTern_1\thinkphp\lang\zh-cn.php
[ info ] [ ROUTE ] array (
  'type' => 'module',
  'module' => 
  array (
    0 => 'activity',
    1 => 'index',
    2 => 'index',
  ),
)
[ info ] [ HEADER ] array (
  'host' => 'localhost',
  'connection' => 'keep-alive',
  'upgrade-insecure-requests' => '1',
  'user-agent' => 'Mozilla/5.0 (Windows NT 10.0; WOW64) AppleWebKit/537.36 (KHTML, like Gecko) Chrome/67.0.3396.62 Safari/537.36',
  'accept' => 'text/html,application/xhtml+xml,application/xml;q=0.9,image/webp,image/apng,*/*;q=0.8',
  'referer' => 'http://localhost/ArcticTern_1/fingerpost/index/details',
  'accept-encoding' => 'gzip, deflate, br',
  'accept-language' => 'zh-CN,zh;q=0.9',
)
[ info ] [ PARAM ] array (
)
[ info ] [ RUN ] app\activity\controller\Index->index[ D:\xampp\htdocs\ArcticTern_1\application\activity\controller\Index.php ]
[ info ] [ VIEW ] D:\xampp\htdocs\ArcticTern_1/application/activity\view\index\index.html [ array (
) ]
[ info ] [ LOG ] INIT File
---------------------------------------------------------------
[ 2018-06-24T09:23:25+08:00 ] 0.0.0.0 GET /ArcticTern_1/activity/index/apply.html
[ info ] localhost/ArcticTern_1/activity/index/apply.html [运行时间：0.023703s][吞吐率：42.19req/s] [内存消耗：1,726.85kb] [文件加载：48]
[ info ] [ LANG ] D:\xampp\htdocs\ArcticTern_1\thinkphp\lang\zh-cn.php
[ info ] [ ROUTE ] array (
  'type' => 'module',
  'module' => 
  array (
    0 => 'activity',
    1 => 'index',
    2 => 'apply',
  ),
)
[ info ] [ HEADER ] array (
  'host' => 'localhost',
  'connection' => 'keep-alive',
  'upgrade-insecure-requests' => '1',
  'user-agent' => 'Mozilla/5.0 (Windows NT 10.0; WOW64) AppleWebKit/537.36 (KHTML, like Gecko) Chrome/67.0.3396.62 Safari/537.36',
  'accept' => 'text/html,application/xhtml+xml,application/xml;q=0.9,image/webp,image/apng,*/*;q=0.8',
  'referer' => 'http://localhost/ArcticTern_1/activity/index/index.html',
  'accept-encoding' => 'gzip, deflate, br',
  'accept-language' => 'zh-CN,zh;q=0.9',
  'cookie' => 'thinkphp_show_page_trace=0|0',
)
[ info ] [ PARAM ] array (
)
[ info ] [ RUN ] app\activity\controller\Index->apply[ D:\xampp\htdocs\ArcticTern_1\application\activity\controller\Index.php ]
[ info ] [ VIEW ] D:\xampp\htdocs\ArcticTern_1/application/activity\view\index\apply.html [ array (
) ]
[ info ] [ LOG ] INIT File
---------------------------------------------------------------
[ 2018-06-24T09:23:43+08:00 ] 0.0.0.0 GET /ArcticTern_1/about/index/index.html
[ info ] localhost/ArcticTern_1/about/index/index.html [运行时间：0.022640s][吞吐率：44.17req/s] [内存消耗：1,713.70kb] [文件加载：48]
[ info ] [ LANG ] D:\xampp\htdocs\ArcticTern_1\thinkphp\lang\zh-cn.php
[ info ] [ ROUTE ] array (
  'type' => 'module',
  'module' => 
  array (
    0 => 'about',
    1 => 'index',
    2 => 'index',
  ),
)
[ info ] [ HEADER ] array (
  'host' => 'localhost',
  'connection' => 'keep-alive',
  'upgrade-insecure-requests' => '1',
  'user-agent' => 'Mozilla/5.0 (Windows NT 10.0; WOW64) AppleWebKit/537.36 (KHTML, like Gecko) Chrome/67.0.3396.62 Safari/537.36',
  'accept' => 'text/html,application/xhtml+xml,application/xml;q=0.9,image/webp,image/apng,*/*;q=0.8',
  'referer' => 'http://localhost/ArcticTern_1/activity/index/apply.html',
  'accept-encoding' => 'gzip, deflate, br',
  'accept-language' => 'zh-CN,zh;q=0.9',
)
[ info ] [ PARAM ] array (
)
[ info ] [ RUN ] app\about\controller\Index->index[ D:\xampp\htdocs\ArcticTern_1\application\about\controller\Index.php ]
[ info ] [ VIEW ] D:\xampp\htdocs\ArcticTern_1/application/about\view\index\index.html [ array (
) ]
[ info ] [ LOG ] INIT File
---------------------------------------------------------------
[ 2018-06-24T10:18:31+08:00 ] 0.0.0.0 GET /ArcticTern_1/fingerpost/index/index.html
[ info ] localhost/ArcticTern_1/fingerpost/index/index.html [运行时间：0.030012s][吞吐率：33.32req/s] [内存消耗：1,734.75kb] [文件加载：48]
[ info ] [ LANG ] D:\xampp\htdocs\ArcticTern_1\thinkphp\lang\zh-cn.php
[ info ] [ ROUTE ] array (
  'type' => 'module',
  'module' => 
  array (
    0 => 'fingerpost',
    1 => 'index',
    2 => 'index',
  ),
)
[ info ] [ HEADER ] array (
  'host' => 'localhost',
  'connection' => 'keep-alive',
  'upgrade-insecure-requests' => '1',
  'user-agent' => 'Mozilla/5.0 (Windows NT 10.0; WOW64) AppleWebKit/537.36 (KHTML, like Gecko) Chrome/67.0.3396.62 Safari/537.36',
  'accept' => 'text/html,application/xhtml+xml,application/xml;q=0.9,image/webp,image/apng,*/*;q=0.8',
  'referer' => 'http://localhost/ArcticTern_1/about/index/index.html',
  'accept-encoding' => 'gzip, deflate, br',
  'accept-language' => 'zh-CN,zh;q=0.9',
  'cookie' => 'thinkphp_show_page_trace=0|0',
)
[ info ] [ PARAM ] array (
)
[ info ] [ RUN ] app\fingerpost\controller\Index->index[ D:\xampp\htdocs\ArcticTern_1\application\fingerpost\controller\Index.php ]
[ info ] [ VIEW ] D:\xampp\htdocs\ArcticTern_1/application/fingerpost\view\index\index.html [ array (
) ]
[ info ] [ LOG ] INIT File
---------------------------------------------------------------
[ 2018-06-24T10:18:40+08:00 ] 0.0.0.0 GET /ArcticTern_1/destination/index/index.html
[ info ] localhost/ArcticTern_1/destination/index/index.html [运行时间：0.041486s][吞吐率：24.10req/s] [内存消耗：1,934.74kb] [文件加载：48]
[ info ] [ LANG ] D:\xampp\htdocs\ArcticTern_1\thinkphp\lang\zh-cn.php
[ info ] [ ROUTE ] array (
  'type' => 'module',
  'module' => 
  array (
    0 => 'destination',
    1 => 'index',
    2 => 'index',
  ),
)
[ info ] [ HEADER ] array (
  'host' => 'localhost',
  'connection' => 'keep-alive',
  'upgrade-insecure-requests' => '1',
  'user-agent' => 'Mozilla/5.0 (Windows NT 10.0; WOW64) AppleWebKit/537.36 (KHTML, like Gecko) Chrome/67.0.3396.62 Safari/537.36',
  'accept' => 'text/html,application/xhtml+xml,application/xml;q=0.9,image/webp,image/apng,*/*;q=0.8',
  'referer' => 'http://localhost/ArcticTern_1/fingerpost/index/index.html',
  'accept-encoding' => 'gzip, deflate, br',
  'accept-language' => 'zh-CN,zh;q=0.9',
  'cookie' => 'thinkphp_show_page_trace=0|0',
)
[ info ] [ PARAM ] array (
)
[ info ] [ RUN ] app\destination\controller\Index->index[ D:\xampp\htdocs\ArcticTern_1\application\destination\controller\Index.php ]
[ info ] [ VIEW ] D:\xampp\htdocs\ArcticTern_1/application/destination\view\index\index.html [ array (
) ]
[ info ] [ LOG ] INIT File
