---------------------------------------------------------------
[ 2018-06-25T08:06:27+08:00 ] 0.0.0.0 GET /ArcticTern_1/trip_planning/index/ziye
[ info ] localhost/ArcticTern_1/trip_planning/index/ziye [运行时间：0.362343s][吞吐率：2.76req/s] [内存消耗：1,718.77kb] [文件加载：48]
[ info ] [ LANG ] D:\xampp\htdocs\ArcticTern_1\thinkphp\lang\zh-cn.php
[ info ] [ ROUTE ] array (
  'type' => 'module',
  'module' => 
  array (
    0 => 'trip_planning',
    1 => 'index',
    2 => 'ziye',
  ),
)
[ info ] [ HEADER ] array (
  'host' => 'localhost',
  'connection' => 'keep-alive',
  'upgrade-insecure-requests' => '1',
  'user-agent' => 'Mozilla/5.0 (Windows NT 10.0; WOW64) AppleWebKit/537.36 (KHTML, like Gecko) Chrome/67.0.3396.62 Safari/537.36',
  'accept' => 'text/html,application/xhtml+xml,application/xml;q=0.9,image/webp,image/apng,*/*;q=0.8',
  'accept-encoding' => 'gzip, deflate, br',
  'accept-language' => 'zh-CN,zh;q=0.9',
)
[ info ] [ PARAM ] array (
)
[ info ] [ RUN ] app\trip_planning\controller\Index->ziye[ D:\xampp\htdocs\ArcticTern_1\application\trip_planning\controller\Index.php ]
[ info ] [ VIEW ] D:\xampp\htdocs\ArcticTern_1/application/trip_planning\view\index\ziye.html [ array (
) ]
[ info ] [ LOG ] INIT File
---------------------------------------------------------------
[ 2018-06-25T08:06:53+08:00 ] 0.0.0.0 GET /ArcticTern_1/fingerpost/index/index
[ info ] localhost/ArcticTern_1/fingerpost/index/index [运行时间：0.166097s][吞吐率：6.02req/s] [内存消耗：1,734.09kb] [文件加载：48]
[ info ] [ LANG ] D:\xampp\htdocs\ArcticTern_1\thinkphp\lang\zh-cn.php
[ info ] [ ROUTE ] array (
  'type' => 'module',
  'module' => 
  array (
    0 => 'fingerpost',
    1 => 'index',
    2 => 'index',
  ),
)
[ info ] [ HEADER ] array (
  'host' => 'localhost',
  'connection' => 'keep-alive',
  'upgrade-insecure-requests' => '1',
  'user-agent' => 'Mozilla/5.0 (Windows NT 10.0; WOW64) AppleWebKit/537.36 (KHTML, like Gecko) Chrome/67.0.3396.62 Safari/537.36',
  'accept' => 'text/html,application/xhtml+xml,application/xml;q=0.9,image/webp,image/apng,*/*;q=0.8',
  'accept-encoding' => 'gzip, deflate, br',
  'accept-language' => 'zh-CN,zh;q=0.9',
)
[ info ] [ PARAM ] array (
)
[ info ] [ RUN ] app\fingerpost\controller\Index->index[ D:\xampp\htdocs\ArcticTern_1\application\fingerpost\controller\Index.php ]
[ info ] [ VIEW ] D:\xampp\htdocs\ArcticTern_1/application/fingerpost\view\index\index.html [ array (
) ]
[ info ] [ LOG ] INIT File
---------------------------------------------------------------
[ 2018-06-25T08:07:31+08:00 ] 0.0.0.0 GET /ArcticTern_1/fingerpost/index/details.html
[ info ] localhost/ArcticTern_1/fingerpost/index/details.html [运行时间：0.147691s][吞吐率：6.77req/s] [内存消耗：1,738.78kb] [文件加载：48]
[ info ] [ LANG ] D:\xampp\htdocs\ArcticTern_1\thinkphp\lang\zh-cn.php
[ info ] [ ROUTE ] array (
  'type' => 'module',
  'module' => 
  array (
    0 => 'fingerpost',
    1 => 'index',
    2 => 'details',
  ),
)
[ info ] [ HEADER ] array (
  'host' => 'localhost',
  'connection' => 'keep-alive',
  'upgrade-insecure-requests' => '1',
  'user-agent' => 'Mozilla/5.0 (Windows NT 10.0; WOW64) AppleWebKit/537.36 (KHTML, like Gecko) Chrome/67.0.3396.62 Safari/537.36',
  'accept' => 'text/html,application/xhtml+xml,application/xml;q=0.9,image/webp,image/apng,*/*;q=0.8',
  'referer' => 'http://localhost/ArcticTern_1/fingerpost/index/index',
  'accept-encoding' => 'gzip, deflate, br',
  'accept-language' => 'zh-CN,zh;q=0.9',
  'cookie' => 'thinkphp_show_page_trace=0|0',
)
[ info ] [ PARAM ] array (
)
[ info ] [ RUN ] app\fingerpost\controller\Index->details[ D:\xampp\htdocs\ArcticTern_1\application\fingerpost\controller\Index.php ]
[ info ] [ VIEW ] D:\xampp\htdocs\ArcticTern_1/application/fingerpost\view\index\details.html [ array (
) ]
[ info ] [ LOG ] INIT File
---------------------------------------------------------------
[ 2018-06-25T08:07:31+08:00 ] 0.0.0.0 GET /ArcticTern_1/public/static/js/details.js
[ info ] localhost/ArcticTern_1/public/static/js/details.js [运行时间：0.060094s][吞吐率：16.64req/s] [内存消耗：1,428.52kb] [文件加载：43]
[ info ] [ LANG ] D:\xampp\htdocs\ArcticTern_1\thinkphp\lang\zh-cn.php
[ info ] [ ROUTE ] array (
  'type' => 'module',
  'module' => 
  array (
    0 => 'public',
    1 => 'static',
    2 => 'js',
  ),
)
[ info ] [ HEADER ] array (
  'host' => 'localhost',
  'connection' => 'keep-alive',
  'user-agent' => 'Mozilla/5.0 (Windows NT 10.0; WOW64) AppleWebKit/537.36 (KHTML, like Gecko) Chrome/67.0.3396.62 Safari/537.36',
  'accept' => '*/*',
  'referer' => 'http://localhost/ArcticTern_1/fingerpost/index/details.html',
  'accept-encoding' => 'gzip, deflate, br',
  'accept-language' => 'zh-CN,zh;q=0.9',
)
[ info ] [ PARAM ] array (
)
[ info ] [ LOG ] INIT File
---------------------------------------------------------------
[ 2018-06-25T08:07:32+08:00 ] 0.0.0.0 GET /ArcticTern_1/public/static/js/details.js
[ info ] localhost/ArcticTern_1/public/static/js/details.js [运行时间：0.026873s][吞吐率：37.21req/s] [内存消耗：1,428.38kb] [文件加载：43]
[ info ] [ LANG ] D:\xampp\htdocs\ArcticTern_1\thinkphp\lang\zh-cn.php
[ info ] [ ROUTE ] array (
  'type' => 'module',
  'module' => 
  array (
    0 => 'public',
    1 => 'static',
    2 => 'js',
  ),
)
[ info ] [ HEADER ] array (
  'host' => 'localhost',
  'connection' => 'keep-alive',
  'user-agent' => 'Mozilla/5.0 (Windows NT 10.0; WOW64) AppleWebKit/537.36 (KHTML, like Gecko) Chrome/67.0.3396.62 Safari/537.36',
  'accept' => '*/*',
  'referer' => 'http://localhost/ArcticTern_1/fingerpost/index/details.html',
  'accept-encoding' => 'gzip, deflate, br',
  'accept-language' => 'zh-CN,zh;q=0.9',
)
[ info ] [ PARAM ] array (
)
[ info ] [ LOG ] INIT File
---------------------------------------------------------------
[ 2018-06-25T08:09:21+08:00 ] 0.0.0.0 GET /ArcticTern_1/about/index/index
[ info ] localhost/ArcticTern_1/about/index/index [运行时间：0.143915s][吞吐率：6.95req/s] [内存消耗：1,713.38kb] [文件加载：48]
[ info ] [ LANG ] D:\xampp\htdocs\ArcticTern_1\thinkphp\lang\zh-cn.php
[ info ] [ ROUTE ] array (
  'type' => 'module',
  'module' => 
  array (
    0 => 'about',
    1 => 'index',
    2 => 'index',
  ),
)
[ info ] [ HEADER ] array (
  'host' => 'localhost',
  'connection' => 'keep-alive',
  'upgrade-insecure-requests' => '1',
  'user-agent' => 'Mozilla/5.0 (Windows NT 10.0; WOW64) AppleWebKit/537.36 (KHTML, like Gecko) Chrome/67.0.3396.62 Safari/537.36',
  'accept' => 'text/html,application/xhtml+xml,application/xml;q=0.9,image/webp,image/apng,*/*;q=0.8',
  'accept-encoding' => 'gzip, deflate, br',
  'accept-language' => 'zh-CN,zh;q=0.9',
)
[ info ] [ PARAM ] array (
)
[ info ] [ RUN ] app\about\controller\Index->index[ D:\xampp\htdocs\ArcticTern_1\application\about\controller\Index.php ]
[ info ] [ VIEW ] D:\xampp\htdocs\ArcticTern_1/application/about\view\index\index.html [ array (
) ]
[ info ] [ LOG ] INIT File
---------------------------------------------------------------
[ 2018-06-25T08:10:21+08:00 ] 0.0.0.0 GET /ArcticTern_1/activity/index/index
[ info ] localhost/ArcticTern_1/activity/index/index [运行时间：0.043648s][吞吐率：22.91req/s] [内存消耗：1,730.02kb] [文件加载：48]
[ info ] [ LANG ] D:\xampp\htdocs\ArcticTern_1\thinkphp\lang\zh-cn.php
[ info ] [ ROUTE ] array (
  'type' => 'module',
  'module' => 
  array (
    0 => 'activity',
    1 => 'index',
    2 => 'index',
  ),
)
[ info ] [ HEADER ] array (
  'host' => 'localhost',
  'connection' => 'keep-alive',
  'upgrade-insecure-requests' => '1',
  'user-agent' => 'Mozilla/5.0 (Windows NT 10.0; WOW64) AppleWebKit/537.36 (KHTML, like Gecko) Chrome/67.0.3396.62 Safari/537.36',
  'accept' => 'text/html,application/xhtml+xml,application/xml;q=0.9,image/webp,image/apng,*/*;q=0.8',
  'accept-encoding' => 'gzip, deflate, br',
  'accept-language' => 'zh-CN,zh;q=0.9',
)
[ info ] [ PARAM ] array (
)
[ info ] [ RUN ] app\activity\controller\Index->index[ D:\xampp\htdocs\ArcticTern_1\application\activity\controller\Index.php ]
[ info ] [ VIEW ] D:\xampp\htdocs\ArcticTern_1/application/activity\view\index\index.html [ array (
) ]
[ info ] [ LOG ] INIT File
---------------------------------------------------------------
[ 2018-06-25T08:10:52+08:00 ] 0.0.0.0 GET /ArcticTern_1/activity/index/apply
[ info ] localhost/ArcticTern_1/activity/index/apply [运行时间：0.147257s][吞吐率：6.79req/s] [内存消耗：1,726.34kb] [文件加载：48]
[ info ] [ LANG ] D:\xampp\htdocs\ArcticTern_1\thinkphp\lang\zh-cn.php
[ info ] [ ROUTE ] array (
  'type' => 'module',
  'module' => 
  array (
    0 => 'activity',
    1 => 'index',
    2 => 'apply',
  ),
)
[ info ] [ HEADER ] array (
  'host' => 'localhost',
  'connection' => 'keep-alive',
  'upgrade-insecure-requests' => '1',
  'user-agent' => 'Mozilla/5.0 (Windows NT 10.0; WOW64) AppleWebKit/537.36 (KHTML, like Gecko) Chrome/67.0.3396.62 Safari/537.36',
  'accept' => 'text/html,application/xhtml+xml,application/xml;q=0.9,image/webp,image/apng,*/*;q=0.8',
  'accept-encoding' => 'gzip, deflate, br',
  'accept-language' => 'zh-CN,zh;q=0.9',
  'cookie' => 'thinkphp_show_page_trace=0|0',
)
[ info ] [ PARAM ] array (
)
[ info ] [ RUN ] app\activity\controller\Index->apply[ D:\xampp\htdocs\ArcticTern_1\application\activity\controller\Index.php ]
[ info ] [ VIEW ] D:\xampp\htdocs\ArcticTern_1/application/activity\view\index\apply.html [ array (
) ]
[ info ] [ LOG ] INIT File
---------------------------------------------------------------
[ 2018-06-25T08:15:09+08:00 ] 0.0.0.0 GET /ArcticTern_1/trip_planning/index/ziye
[ info ] localhost/ArcticTern_1/trip_planning/index/ziye [运行时间：0.032154s][吞吐率：31.10req/s] [内存消耗：1,718.80kb] [文件加载：48]
[ info ] [ LANG ] D:\xampp\htdocs\ArcticTern_1\thinkphp\lang\zh-cn.php
[ info ] [ ROUTE ] array (
  'type' => 'module',
  'module' => 
  array (
    0 => 'trip_planning',
    1 => 'index',
    2 => 'ziye',
  ),
)
[ info ] [ HEADER ] array (
  'host' => 'localhost',
  'connection' => 'keep-alive',
  'upgrade-insecure-requests' => '1',
  'user-agent' => 'Mozilla/5.0 (Windows NT 10.0; WOW64) AppleWebKit/537.36 (KHTML, like Gecko) Chrome/67.0.3396.62 Safari/537.36',
  'accept' => 'text/html,application/xhtml+xml,application/xml;q=0.9,image/webp,image/apng,*/*;q=0.8',
  'accept-encoding' => 'gzip, deflate, br',
  'accept-language' => 'zh-CN,zh;q=0.9',
)
[ info ] [ PARAM ] array (
)
[ info ] [ RUN ] app\trip_planning\controller\Index->ziye[ D:\xampp\htdocs\ArcticTern_1\application\trip_planning\controller\Index.php ]
[ info ] [ VIEW ] D:\xampp\htdocs\ArcticTern_1/application/trip_planning\view\index\ziye.html [ array (
) ]
[ info ] [ LOG ] INIT File
---------------------------------------------------------------
[ 2018-06-25T08:15:30+08:00 ] 0.0.0.0 GET /ArcticTern_1/destination/index/index.html
[ info ] localhost/ArcticTern_1/destination/index/index.html [运行时间：0.200873s][吞吐率：4.98req/s] [内存消耗：1,934.54kb] [文件加载：48]
[ info ] [ LANG ] D:\xampp\htdocs\ArcticTern_1\thinkphp\lang\zh-cn.php
[ info ] [ ROUTE ] array (
  'type' => 'module',
  'module' => 
  array (
    0 => 'destination',
    1 => 'index',
    2 => 'index',
  ),
)
[ info ] [ HEADER ] array (
  'host' => 'localhost',
  'connection' => 'keep-alive',
  'upgrade-insecure-requests' => '1',
  'user-agent' => 'Mozilla/5.0 (Windows NT 10.0; WOW64) AppleWebKit/537.36 (KHTML, like Gecko) Chrome/67.0.3396.62 Safari/537.36',
  'accept' => 'text/html,application/xhtml+xml,application/xml;q=0.9,image/webp,image/apng,*/*;q=0.8',
  'referer' => 'http://localhost/ArcticTern_1/trip_planning/index/ziye',
  'accept-encoding' => 'gzip, deflate, br',
  'accept-language' => 'zh-CN,zh;q=0.9',
)
[ info ] [ PARAM ] array (
)
[ info ] [ RUN ] app\destination\controller\Index->index[ D:\xampp\htdocs\ArcticTern_1\application\destination\controller\Index.php ]
[ info ] [ VIEW ] D:\xampp\htdocs\ArcticTern_1/application/destination\view\index\index.html [ array (
) ]
[ info ] [ LOG ] INIT File
---------------------------------------------------------------
[ 2018-06-25T08:15:53+08:00 ] 0.0.0.0 GET /ArcticTern_1/destination/index/ziye.html
[ info ] localhost/ArcticTern_1/destination/index/ziye.html [运行时间：0.162363s][吞吐率：6.16req/s] [内存消耗：1,766.81kb] [文件加载：48]
[ info ] [ LANG ] D:\xampp\htdocs\ArcticTern_1\thinkphp\lang\zh-cn.php
[ info ] [ ROUTE ] array (
  'type' => 'module',
  'module' => 
  array (
    0 => 'destination',
    1 => 'index',
    2 => 'ziye',
  ),
)
[ info ] [ HEADER ] array (
  'host' => 'localhost',
  'connection' => 'keep-alive',
  'upgrade-insecure-requests' => '1',
  'user-agent' => 'Mozilla/5.0 (Windows NT 10.0; WOW64) AppleWebKit/537.36 (KHTML, like Gecko) Chrome/67.0.3396.62 Safari/537.36',
  'accept' => 'text/html,application/xhtml+xml,application/xml;q=0.9,image/webp,image/apng,*/*;q=0.8',
  'referer' => 'http://localhost/ArcticTern_1/destination/index/index.html',
  'accept-encoding' => 'gzip, deflate, br',
  'accept-language' => 'zh-CN,zh;q=0.9',
  'cookie' => 'thinkphp_show_page_trace=0|0',
)
[ info ] [ PARAM ] array (
)
[ info ] [ RUN ] app\destination\controller\Index->ziye[ D:\xampp\htdocs\ArcticTern_1\application\destination\controller\Index.php ]
[ info ] [ VIEW ] D:\xampp\htdocs\ArcticTern_1/application/destination\view\index\ziye.html [ array (
) ]
[ info ] [ LOG ] INIT File
---------------------------------------------------------------
[ 2018-06-25T08:16:08+08:00 ] 0.0.0.0 GET /ArcticTern_1/trip_planning/index/index.html
[ info ] localhost/ArcticTern_1/trip_planning/index/index.html [运行时间：0.182355s][吞吐率：5.48req/s] [内存消耗：1,723.52kb] [文件加载：48]
[ info ] [ LANG ] D:\xampp\htdocs\ArcticTern_1\thinkphp\lang\zh-cn.php
[ info ] [ ROUTE ] array (
  'type' => 'module',
  'module' => 
  array (
    0 => 'trip_planning',
    1 => 'index',
    2 => 'index',
  ),
)
[ info ] [ HEADER ] array (
  'host' => 'localhost',
  'connection' => 'keep-alive',
  'upgrade-insecure-requests' => '1',
  'user-agent' => 'Mozilla/5.0 (Windows NT 10.0; WOW64) AppleWebKit/537.36 (KHTML, like Gecko) Chrome/67.0.3396.62 Safari/537.36',
  'accept' => 'text/html,application/xhtml+xml,application/xml;q=0.9,image/webp,image/apng,*/*;q=0.8',
  'referer' => 'http://localhost/ArcticTern_1/destination/index/ziye.html',
  'accept-encoding' => 'gzip, deflate, br',
  'accept-language' => 'zh-CN,zh;q=0.9',
  'cookie' => 'thinkphp_show_page_trace=0|0',
)
[ info ] [ PARAM ] array (
)
[ info ] [ RUN ] app\trip_planning\controller\Index->index[ D:\xampp\htdocs\ArcticTern_1\application\trip_planning\controller\Index.php ]
[ info ] [ VIEW ] D:\xampp\htdocs\ArcticTern_1/application/trip_planning\view\index\index.html [ array (
) ]
[ info ] [ LOG ] INIT File
---------------------------------------------------------------
[ 2018-06-25T08:17:29+08:00 ] 0.0.0.0 GET /ArcticTern_1/trip_planning/index/ziye.html
[ info ] localhost/ArcticTern_1/trip_planning/index/ziye.html [运行时间：0.028307s][吞吐率：35.33req/s] [内存消耗：1,719.50kb] [文件加载：48]
[ info ] [ LANG ] D:\xampp\htdocs\ArcticTern_1\thinkphp\lang\zh-cn.php
[ info ] [ ROUTE ] array (
  'type' => 'module',
  'module' => 
  array (
    0 => 'trip_planning',
    1 => 'index',
    2 => 'ziye',
  ),
)
[ info ] [ HEADER ] array (
  'host' => 'localhost',
  'connection' => 'keep-alive',
  'upgrade-insecure-requests' => '1',
  'user-agent' => 'Mozilla/5.0 (Windows NT 10.0; WOW64) AppleWebKit/537.36 (KHTML, like Gecko) Chrome/67.0.3396.62 Safari/537.36',
  'accept' => 'text/html,application/xhtml+xml,application/xml;q=0.9,image/webp,image/apng,*/*;q=0.8',
  'referer' => 'http://localhost/ArcticTern_1/trip_planning/index/index.html',
  'accept-encoding' => 'gzip, deflate, br',
  'accept-language' => 'zh-CN,zh;q=0.9',
  'cookie' => 'thinkphp_show_page_trace=0|0',
)
[ info ] [ PARAM ] array (
)
[ info ] [ RUN ] app\trip_planning\controller\Index->ziye[ D:\xampp\htdocs\ArcticTern_1\application\trip_planning\controller\Index.php ]
[ info ] [ VIEW ] D:\xampp\htdocs\ArcticTern_1/application/trip_planning\view\index\ziye.html [ array (
) ]
[ info ] [ LOG ] INIT File
---------------------------------------------------------------
[ 2018-06-25T08:17:43+08:00 ] 0.0.0.0 GET /ArcticTern_1/trip_planning/index/create.html
[ info ] localhost/ArcticTern_1/trip_planning/index/create.html [运行时间：0.143729s][吞吐率：6.96req/s] [内存消耗：1,719.49kb] [文件加载：48]
[ info ] [ LANG ] D:\xampp\htdocs\ArcticTern_1\thinkphp\lang\zh-cn.php
[ info ] [ ROUTE ] array (
  'type' => 'module',
  'module' => 
  array (
    0 => 'trip_planning',
    1 => 'index',
    2 => 'create',
  ),
)
[ info ] [ HEADER ] array (
  'host' => 'localhost',
  'connection' => 'keep-alive',
  'upgrade-insecure-requests' => '1',
  'user-agent' => 'Mozilla/5.0 (Windows NT 10.0; WOW64) AppleWebKit/537.36 (KHTML, like Gecko) Chrome/67.0.3396.62 Safari/537.36',
  'accept' => 'text/html,application/xhtml+xml,application/xml;q=0.9,image/webp,image/apng,*/*;q=0.8',
  'referer' => 'http://localhost/ArcticTern_1/trip_planning/index/ziye.html',
  'accept-encoding' => 'gzip, deflate, br',
  'accept-language' => 'zh-CN,zh;q=0.9',
  'cookie' => 'thinkphp_show_page_trace=0|0',
)
[ info ] [ PARAM ] array (
)
[ info ] [ RUN ] app\trip_planning\controller\Index->create[ D:\xampp\htdocs\ArcticTern_1\application\trip_planning\controller\Index.php ]
[ info ] [ VIEW ] D:\xampp\htdocs\ArcticTern_1/application/trip_planning\view\index\create.html [ array (
) ]
[ info ] [ LOG ] INIT File
---------------------------------------------------------------
[ 2018-06-25T08:17:50+08:00 ] 0.0.0.0 GET /ArcticTern_1/activity/index/index.html
[ info ] localhost/ArcticTern_1/activity/index/index.html [运行时间：0.028181s][吞吐率：35.49req/s] [内存消耗：1,730.37kb] [文件加载：48]
[ info ] [ LANG ] D:\xampp\htdocs\ArcticTern_1\thinkphp\lang\zh-cn.php
[ info ] [ ROUTE ] array (
  'type' => 'module',
  'module' => 
  array (
    0 => 'activity',
    1 => 'index',
    2 => 'index',
  ),
)
[ info ] [ HEADER ] array (
  'host' => 'localhost',
  'connection' => 'keep-alive',
  'upgrade-insecure-requests' => '1',
  'user-agent' => 'Mozilla/5.0 (Windows NT 10.0; WOW64) AppleWebKit/537.36 (KHTML, like Gecko) Chrome/67.0.3396.62 Safari/537.36',
  'accept' => 'text/html,application/xhtml+xml,application/xml;q=0.9,image/webp,image/apng,*/*;q=0.8',
  'referer' => 'http://localhost/ArcticTern_1/trip_planning/index/create.html',
  'accept-encoding' => 'gzip, deflate, br',
  'accept-language' => 'zh-CN,zh;q=0.9',
)
[ info ] [ PARAM ] array (
)
[ info ] [ RUN ] app\activity\controller\Index->index[ D:\xampp\htdocs\ArcticTern_1\application\activity\controller\Index.php ]
[ info ] [ VIEW ] D:\xampp\htdocs\ArcticTern_1/application/activity\view\index\index.html [ array (
) ]
[ info ] [ LOG ] INIT File
---------------------------------------------------------------
[ 2018-06-25T08:18:07+08:00 ] 0.0.0.0 GET /ArcticTern_1/activity/index/apply.html
[ info ] localhost/ArcticTern_1/activity/index/apply.html [运行时间：0.022487s][吞吐率：44.47req/s] [内存消耗：1,726.85kb] [文件加载：48]
[ info ] [ LANG ] D:\xampp\htdocs\ArcticTern_1\thinkphp\lang\zh-cn.php
[ info ] [ ROUTE ] array (
  'type' => 'module',
  'module' => 
  array (
    0 => 'activity',
    1 => 'index',
    2 => 'apply',
  ),
)
[ info ] [ HEADER ] array (
  'host' => 'localhost',
  'connection' => 'keep-alive',
  'upgrade-insecure-requests' => '1',
  'user-agent' => 'Mozilla/5.0 (Windows NT 10.0; WOW64) AppleWebKit/537.36 (KHTML, like Gecko) Chrome/67.0.3396.62 Safari/537.36',
  'accept' => 'text/html,application/xhtml+xml,application/xml;q=0.9,image/webp,image/apng,*/*;q=0.8',
  'referer' => 'http://localhost/ArcticTern_1/activity/index/index.html',
  'accept-encoding' => 'gzip, deflate, br',
  'accept-language' => 'zh-CN,zh;q=0.9',
  'cookie' => 'thinkphp_show_page_trace=0|0',
)
[ info ] [ PARAM ] array (
)
[ info ] [ RUN ] app\activity\controller\Index->apply[ D:\xampp\htdocs\ArcticTern_1\application\activity\controller\Index.php ]
[ info ] [ VIEW ] D:\xampp\htdocs\ArcticTern_1/application/activity\view\index\apply.html [ array (
) ]
[ info ] [ LOG ] INIT File
---------------------------------------------------------------
[ 2018-06-25T08:18:16+08:00 ] 0.0.0.0 GET /ArcticTern_1/fingerpost/index/index.html
[ info ] localhost/ArcticTern_1/fingerpost/index/index.html [运行时间：0.022434s][吞吐率：44.58req/s] [内存消耗：1,734.48kb] [文件加载：48]
[ info ] [ LANG ] D:\xampp\htdocs\ArcticTern_1\thinkphp\lang\zh-cn.php
[ info ] [ ROUTE ] array (
  'type' => 'module',
  'module' => 
  array (
    0 => 'fingerpost',
    1 => 'index',
    2 => 'index',
  ),
)
[ info ] [ HEADER ] array (
  'host' => 'localhost',
  'connection' => 'keep-alive',
  'upgrade-insecure-requests' => '1',
  'user-agent' => 'Mozilla/5.0 (Windows NT 10.0; WOW64) AppleWebKit/537.36 (KHTML, like Gecko) Chrome/67.0.3396.62 Safari/537.36',
  'accept' => 'text/html,application/xhtml+xml,application/xml;q=0.9,image/webp,image/apng,*/*;q=0.8',
  'referer' => 'http://localhost/ArcticTern_1/activity/index/apply.html',
  'accept-encoding' => 'gzip, deflate, br',
  'accept-language' => 'zh-CN,zh;q=0.9',
)
[ info ] [ PARAM ] array (
)
[ info ] [ RUN ] app\fingerpost\controller\Index->index[ D:\xampp\htdocs\ArcticTern_1\application\fingerpost\controller\Index.php ]
[ info ] [ VIEW ] D:\xampp\htdocs\ArcticTern_1/application/fingerpost\view\index\index.html [ array (
) ]
[ info ] [ LOG ] INIT File
---------------------------------------------------------------
[ 2018-06-25T08:18:55+08:00 ] 0.0.0.0 GET /ArcticTern_1/fingerpost/index/index.html
[ info ] localhost/ArcticTern_1/fingerpost/index/index.html [运行时间：0.023506s][吞吐率：42.54req/s] [内存消耗：1,734.59kb] [文件加载：48]
[ info ] [ LANG ] D:\xampp\htdocs\ArcticTern_1\thinkphp\lang\zh-cn.php
[ info ] [ ROUTE ] array (
  'type' => 'module',
  'module' => 
  array (
    0 => 'fingerpost',
    1 => 'index',
    2 => 'index',
  ),
)
[ info ] [ HEADER ] array (
  'host' => 'localhost',
  'connection' => 'keep-alive',
  'cache-control' => 'max-age=0',
  'upgrade-insecure-requests' => '1',
  'user-agent' => 'Mozilla/5.0 (Windows NT 10.0; WOW64) AppleWebKit/537.36 (KHTML, like Gecko) Chrome/67.0.3396.62 Safari/537.36',
  'accept' => 'text/html,application/xhtml+xml,application/xml;q=0.9,image/webp,image/apng,*/*;q=0.8',
  'accept-encoding' => 'gzip, deflate, br',
  'accept-language' => 'zh-CN,zh;q=0.9',
  'cookie' => 'thinkphp_show_page_trace=0|0',
)
[ info ] [ PARAM ] array (
)
[ info ] [ RUN ] app\fingerpost\controller\Index->index[ D:\xampp\htdocs\ArcticTern_1\application\fingerpost\controller\Index.php ]
[ info ] [ VIEW ] D:\xampp\htdocs\ArcticTern_1/application/fingerpost\view\index\index.html [ array (
) ]
[ info ] [ LOG ] INIT File
---------------------------------------------------------------
[ 2018-06-25T08:20:42+08:00 ] 0.0.0.0 GET /ArcticTern_1/fingerpost/index/details.html
[ info ] localhost/ArcticTern_1/fingerpost/index/details.html [运行时间：0.029801s][吞吐率：33.56req/s] [内存消耗：1,738.74kb] [文件加载：48]
[ info ] [ LANG ] D:\xampp\htdocs\ArcticTern_1\thinkphp\lang\zh-cn.php
[ info ] [ ROUTE ] array (
  'type' => 'module',
  'module' => 
  array (
    0 => 'fingerpost',
    1 => 'index',
    2 => 'details',
  ),
)
[ info ] [ HEADER ] array (
  'host' => 'localhost',
  'connection' => 'keep-alive',
  'upgrade-insecure-requests' => '1',
  'user-agent' => 'Mozilla/5.0 (Windows NT 10.0; WOW64) AppleWebKit/537.36 (KHTML, like Gecko) Chrome/67.0.3396.62 Safari/537.36',
  'accept' => 'text/html,application/xhtml+xml,application/xml;q=0.9,image/webp,image/apng,*/*;q=0.8',
  'referer' => 'http://localhost/ArcticTern_1/fingerpost/index/index.html',
  'accept-encoding' => 'gzip, deflate, br',
  'accept-language' => 'zh-CN,zh;q=0.9',
  'cookie' => 'thinkphp_show_page_trace=0|0',
)
[ info ] [ PARAM ] array (
)
[ info ] [ RUN ] app\fingerpost\controller\Index->details[ D:\xampp\htdocs\ArcticTern_1\application\fingerpost\controller\Index.php ]
[ info ] [ VIEW ] D:\xampp\htdocs\ArcticTern_1/application/fingerpost\view\index\details.html [ array (
) ]
[ info ] [ LOG ] INIT File
---------------------------------------------------------------
[ 2018-06-25T08:20:42+08:00 ] 0.0.0.0 GET /ArcticTern_1/public/static/js/details.js
[ info ] localhost/ArcticTern_1/public/static/js/details.js [运行时间：0.027185s][吞吐率：36.79req/s] [内存消耗：1,428.38kb] [文件加载：43]
[ info ] [ LANG ] D:\xampp\htdocs\ArcticTern_1\thinkphp\lang\zh-cn.php
[ info ] [ ROUTE ] array (
  'type' => 'module',
  'module' => 
  array (
    0 => 'public',
    1 => 'static',
    2 => 'js',
  ),
)
[ info ] [ HEADER ] array (
  'host' => 'localhost',
  'connection' => 'keep-alive',
  'user-agent' => 'Mozilla/5.0 (Windows NT 10.0; WOW64) AppleWebKit/537.36 (KHTML, like Gecko) Chrome/67.0.3396.62 Safari/537.36',
  'accept' => '*/*',
  'referer' => 'http://localhost/ArcticTern_1/fingerpost/index/details.html',
  'accept-encoding' => 'gzip, deflate, br',
  'accept-language' => 'zh-CN,zh;q=0.9',
)
[ info ] [ PARAM ] array (
)
[ info ] [ LOG ] INIT File
---------------------------------------------------------------
[ 2018-06-25T08:20:42+08:00 ] 0.0.0.0 GET /ArcticTern_1/public/static/js/details.js
[ info ] localhost/ArcticTern_1/public/static/js/details.js [运行时间：0.020151s][吞吐率：49.63req/s] [内存消耗：1,428.38kb] [文件加载：43]
[ info ] [ LANG ] D:\xampp\htdocs\ArcticTern_1\thinkphp\lang\zh-cn.php
[ info ] [ ROUTE ] array (
  'type' => 'module',
  'module' => 
  array (
    0 => 'public',
    1 => 'static',
    2 => 'js',
  ),
)
[ info ] [ HEADER ] array (
  'host' => 'localhost',
  'connection' => 'keep-alive',
  'user-agent' => 'Mozilla/5.0 (Windows NT 10.0; WOW64) AppleWebKit/537.36 (KHTML, like Gecko) Chrome/67.0.3396.62 Safari/537.36',
  'accept' => '*/*',
  'referer' => 'http://localhost/ArcticTern_1/fingerpost/index/details.html',
  'accept-encoding' => 'gzip, deflate, br',
  'accept-language' => 'zh-CN,zh;q=0.9',
)
[ info ] [ PARAM ] array (
)
[ info ] [ LOG ] INIT File
---------------------------------------------------------------
[ 2018-06-25T08:21:02+08:00 ] 0.0.0.0 GET /ArcticTern_1/about/index/index.html
[ info ] localhost/ArcticTern_1/about/index/index.html [运行时间：0.021557s][吞吐率：46.39req/s] [内存消耗：1,713.71kb] [文件加载：48]
[ info ] [ LANG ] D:\xampp\htdocs\ArcticTern_1\thinkphp\lang\zh-cn.php
[ info ] [ ROUTE ] array (
  'type' => 'module',
  'module' => 
  array (
    0 => 'about',
    1 => 'index',
    2 => 'index',
  ),
)
[ info ] [ HEADER ] array (
  'host' => 'localhost',
  'connection' => 'keep-alive',
  'upgrade-insecure-requests' => '1',
  'user-agent' => 'Mozilla/5.0 (Windows NT 10.0; WOW64) AppleWebKit/537.36 (KHTML, like Gecko) Chrome/67.0.3396.62 Safari/537.36',
  'accept' => 'text/html,application/xhtml+xml,application/xml;q=0.9,image/webp,image/apng,*/*;q=0.8',
  'referer' => 'http://localhost/ArcticTern_1/fingerpost/index/details.html',
  'accept-encoding' => 'gzip, deflate, br',
  'accept-language' => 'zh-CN,zh;q=0.9',
)
[ info ] [ PARAM ] array (
)
[ info ] [ RUN ] app\about\controller\Index->index[ D:\xampp\htdocs\ArcticTern_1\application\about\controller\Index.php ]
[ info ] [ VIEW ] D:\xampp\htdocs\ArcticTern_1/application/about\view\index\index.html [ array (
) ]
[ info ] [ LOG ] INIT File
---------------------------------------------------------------
[ 2018-06-25T08:21:18+08:00 ] 0.0.0.0 GET /ArcticTern_1/login/index/index.html
[ info ] localhost/ArcticTern_1/login/index/index.html [运行时间：0.426376s][吞吐率：2.35req/s] [内存消耗：1,771.27kb] [文件加载：50]
[ info ] [ LANG ] D:\xampp\htdocs\ArcticTern_1\thinkphp\lang\zh-cn.php
[ info ] [ ROUTE ] array (
  'type' => 'module',
  'module' => 
  array (
    0 => 'login',
    1 => 'index',
    2 => 'index',
  ),
)
[ info ] [ HEADER ] array (
  'host' => 'localhost',
  'connection' => 'keep-alive',
  'upgrade-insecure-requests' => '1',
  'user-agent' => 'Mozilla/5.0 (Windows NT 10.0; WOW64) AppleWebKit/537.36 (KHTML, like Gecko) Chrome/67.0.3396.62 Safari/537.36',
  'accept' => 'text/html,application/xhtml+xml,application/xml;q=0.9,image/webp,image/apng,*/*;q=0.8',
  'referer' => 'http://localhost/ArcticTern_1/about/index/index.html',
  'accept-encoding' => 'gzip, deflate, br',
  'accept-language' => 'zh-CN,zh;q=0.9',
)
[ info ] [ PARAM ] array (
)
[ info ] [ RUN ] app\login\controller\Index->index[ D:\xampp\htdocs\ArcticTern_1\application\login\controller\Index.php ]
[ info ] [ VIEW ] D:\xampp\htdocs\ArcticTern_1/application/login\view\index\index.html [ array (
) ]
[ info ] [ LOG ] INIT File
---------------------------------------------------------------
[ 2018-06-25T08:21:40+08:00 ] 0.0.0.0 GET /ArcticTern_1/login/index/login.html
[ info ] localhost/ArcticTern_1/login/index/login.html [运行时间：0.143995s][吞吐率：6.94req/s] [内存消耗：1,771.56kb] [文件加载：50]
[ info ] [ LANG ] D:\xampp\htdocs\ArcticTern_1\thinkphp\lang\zh-cn.php
[ info ] [ ROUTE ] array (
  'type' => 'module',
  'module' => 
  array (
    0 => 'login',
    1 => 'index',
    2 => 'login',
  ),
)
[ info ] [ HEADER ] array (
  'host' => 'localhost',
  'connection' => 'keep-alive',
  'upgrade-insecure-requests' => '1',
  'user-agent' => 'Mozilla/5.0 (Windows NT 10.0; WOW64) AppleWebKit/537.36 (KHTML, like Gecko) Chrome/67.0.3396.62 Safari/537.36',
  'accept' => 'text/html,application/xhtml+xml,application/xml;q=0.9,image/webp,image/apng,*/*;q=0.8',
  'referer' => 'http://localhost/ArcticTern_1/login/index/index.html',
  'accept-encoding' => 'gzip, deflate, br',
  'accept-language' => 'zh-CN,zh;q=0.9',
  'cookie' => 'thinkphp_show_page_trace=0|0',
)
[ info ] [ PARAM ] array (
)
[ info ] [ RUN ] app\login\controller\Index->login[ D:\xampp\htdocs\ArcticTern_1\application\login\controller\Index.php ]
[ info ] [ VIEW ] D:\xampp\htdocs\ArcticTern_1/application/login\view\index\login.html [ array (
) ]
[ info ] [ LOG ] INIT File
---------------------------------------------------------------
[ 2018-06-25T08:22:01+08:00 ] 0.0.0.0 GET /ArcticTern_1/fingerpost/index/details.html
[ info ] localhost/ArcticTern_1/fingerpost/index/details.html [运行时间：0.027165s][吞吐率：36.81req/s] [内存消耗：1,738.74kb] [文件加载：48]
[ info ] [ LANG ] D:\xampp\htdocs\ArcticTern_1\thinkphp\lang\zh-cn.php
[ info ] [ ROUTE ] array (
  'type' => 'module',
  'module' => 
  array (
    0 => 'fingerpost',
    1 => 'index',
    2 => 'details',
  ),
)
[ info ] [ HEADER ] array (
  'host' => 'localhost',
  'connection' => 'keep-alive',
  'upgrade-insecure-requests' => '1',
  'user-agent' => 'Mozilla/5.0 (Windows NT 10.0; WOW64) AppleWebKit/537.36 (KHTML, like Gecko) Chrome/67.0.3396.62 Safari/537.36',
  'accept' => 'text/html,application/xhtml+xml,application/xml;q=0.9,image/webp,image/apng,*/*;q=0.8',
  'referer' => 'http://localhost/ArcticTern_1/fingerpost/index/index.html',
  'accept-encoding' => 'gzip, deflate, br',
  'accept-language' => 'zh-CN,zh;q=0.9',
  'cookie' => 'thinkphp_show_page_trace=0|0',
)
[ info ] [ PARAM ] array (
)
[ info ] [ RUN ] app\fingerpost\controller\Index->details[ D:\xampp\htdocs\ArcticTern_1\application\fingerpost\controller\Index.php ]
[ info ] [ VIEW ] D:\xampp\htdocs\ArcticTern_1/application/fingerpost\view\index\details.html [ array (
) ]
[ info ] [ LOG ] INIT File
---------------------------------------------------------------
[ 2018-06-25T08:22:02+08:00 ] 0.0.0.0 GET /ArcticTern_1/public/static/js/details.js
[ info ] localhost/ArcticTern_1/public/static/js/details.js [运行时间：0.025610s][吞吐率：39.05req/s] [内存消耗：1,428.38kb] [文件加载：43]
[ info ] [ LANG ] D:\xampp\htdocs\ArcticTern_1\thinkphp\lang\zh-cn.php
[ info ] [ ROUTE ] array (
  'type' => 'module',
  'module' => 
  array (
    0 => 'public',
    1 => 'static',
    2 => 'js',
  ),
)
[ info ] [ HEADER ] array (
  'host' => 'localhost',
  'connection' => 'keep-alive',
  'user-agent' => 'Mozilla/5.0 (Windows NT 10.0; WOW64) AppleWebKit/537.36 (KHTML, like Gecko) Chrome/67.0.3396.62 Safari/537.36',
  'accept' => '*/*',
  'referer' => 'http://localhost/ArcticTern_1/fingerpost/index/details.html',
  'accept-encoding' => 'gzip, deflate, br',
  'accept-language' => 'zh-CN,zh;q=0.9',
)
[ info ] [ PARAM ] array (
)
[ info ] [ LOG ] INIT File
---------------------------------------------------------------
[ 2018-06-25T08:22:02+08:00 ] 0.0.0.0 GET /ArcticTern_1/public/static/js/details.js
[ info ] localhost/ArcticTern_1/public/static/js/details.js [运行时间：0.025451s][吞吐率：39.29req/s] [内存消耗：1,428.38kb] [文件加载：43]
[ info ] [ LANG ] D:\xampp\htdocs\ArcticTern_1\thinkphp\lang\zh-cn.php
[ info ] [ ROUTE ] array (
  'type' => 'module',
  'module' => 
  array (
    0 => 'public',
    1 => 'static',
    2 => 'js',
  ),
)
[ info ] [ HEADER ] array (
  'host' => 'localhost',
  'connection' => 'keep-alive',
  'user-agent' => 'Mozilla/5.0 (Windows NT 10.0; WOW64) AppleWebKit/537.36 (KHTML, like Gecko) Chrome/67.0.3396.62 Safari/537.36',
  'accept' => '*/*',
  'referer' => 'http://localhost/ArcticTern_1/fingerpost/index/details.html',
  'accept-encoding' => 'gzip, deflate, br',
  'accept-language' => 'zh-CN,zh;q=0.9',
)
[ info ] [ PARAM ] array (
)
[ info ] [ LOG ] INIT File
---------------------------------------------------------------
[ 2018-06-25T08:24:23+08:00 ] 0.0.0.0 GET /ArcticTern_1/fingerpost/index/details.html
[ info ] localhost/ArcticTern_1/fingerpost/index/details.html [运行时间：0.032764s][吞吐率：30.52req/s] [内存消耗：1,738.59kb] [文件加载：48]
[ info ] [ LANG ] D:\xampp\htdocs\ArcticTern_1\thinkphp\lang\zh-cn.php
[ info ] [ ROUTE ] array (
  'type' => 'module',
  'module' => 
  array (
    0 => 'fingerpost',
    1 => 'index',
    2 => 'details',
  ),
)
[ info ] [ HEADER ] array (
  'host' => 'localhost',
  'connection' => 'keep-alive',
  'cache-control' => 'max-age=0',
  'upgrade-insecure-requests' => '1',
  'user-agent' => 'Mozilla/5.0 (Windows NT 10.0; WOW64) AppleWebKit/537.36 (KHTML, like Gecko) Chrome/67.0.3396.62 Safari/537.36',
  'accept' => 'text/html,application/xhtml+xml,application/xml;q=0.9,image/webp,image/apng,*/*;q=0.8',
  'accept-encoding' => 'gzip, deflate, br',
  'accept-language' => 'zh-CN,zh;q=0.9',
  'cookie' => 'thinkphp_show_page_trace=0|0',
)
[ info ] [ PARAM ] array (
)
[ info ] [ RUN ] app\fingerpost\controller\Index->details[ D:\xampp\htdocs\ArcticTern_1\application\fingerpost\controller\Index.php ]
[ info ] [ VIEW ] D:\xampp\htdocs\ArcticTern_1/application/fingerpost\view\index\details.html [ array (
) ]
[ info ] [ LOG ] INIT File
---------------------------------------------------------------
[ 2018-06-25T08:24:23+08:00 ] 0.0.0.0 GET /ArcticTern_1/public/static/js/details.js
[ info ] localhost/ArcticTern_1/public/static/js/details.js [运行时间：0.033698s][吞吐率：29.68req/s] [内存消耗：1,428.38kb] [文件加载：43]
[ info ] [ LANG ] D:\xampp\htdocs\ArcticTern_1\thinkphp\lang\zh-cn.php
[ info ] [ ROUTE ] array (
  'type' => 'module',
  'module' => 
  array (
    0 => 'public',
    1 => 'static',
    2 => 'js',
  ),
)
[ info ] [ HEADER ] array (
  'host' => 'localhost',
  'connection' => 'keep-alive',
  'user-agent' => 'Mozilla/5.0 (Windows NT 10.0; WOW64) AppleWebKit/537.36 (KHTML, like Gecko) Chrome/67.0.3396.62 Safari/537.36',
  'accept' => '*/*',
  'referer' => 'http://localhost/ArcticTern_1/fingerpost/index/details.html',
  'accept-encoding' => 'gzip, deflate, br',
  'accept-language' => 'zh-CN,zh;q=0.9',
)
[ info ] [ PARAM ] array (
)
[ info ] [ LOG ] INIT File
---------------------------------------------------------------
[ 2018-06-25T08:24:24+08:00 ] 0.0.0.0 GET /ArcticTern_1/public/static/js/details.js
[ info ] localhost/ArcticTern_1/public/static/js/details.js [运行时间：0.036384s][吞吐率：27.48req/s] [内存消耗：1,428.38kb] [文件加载：43]
[ info ] [ LANG ] D:\xampp\htdocs\ArcticTern_1\thinkphp\lang\zh-cn.php
[ info ] [ ROUTE ] array (
  'type' => 'module',
  'module' => 
  array (
    0 => 'public',
    1 => 'static',
    2 => 'js',
  ),
)
[ info ] [ HEADER ] array (
  'host' => 'localhost',
  'connection' => 'keep-alive',
  'user-agent' => 'Mozilla/5.0 (Windows NT 10.0; WOW64) AppleWebKit/537.36 (KHTML, like Gecko) Chrome/67.0.3396.62 Safari/537.36',
  'accept' => '*/*',
  'referer' => 'http://localhost/ArcticTern_1/fingerpost/index/details.html',
  'accept-encoding' => 'gzip, deflate, br',
  'accept-language' => 'zh-CN,zh;q=0.9',
)
[ info ] [ PARAM ] array (
)
[ info ] [ LOG ] INIT File
---------------------------------------------------------------
[ 2018-06-25T08:24:46+08:00 ] 0.0.0.0 GET /ArcticTern_1/index/index/index.html
[ info ] localhost/ArcticTern_1/index/index/index.html [运行时间：0.152053s][吞吐率：6.58req/s] [内存消耗：1,777.66kb] [文件加载：50]
[ info ] [ LANG ] D:\xampp\htdocs\ArcticTern_1\thinkphp\lang\zh-cn.php
[ info ] [ ROUTE ] array (
  'type' => 'module',
  'module' => 
  array (
    0 => 'index',
    1 => 'index',
    2 => 'index',
  ),
)
[ info ] [ HEADER ] array (
  'host' => 'localhost',
  'connection' => 'keep-alive',
  'upgrade-insecure-requests' => '1',
  'user-agent' => 'Mozilla/5.0 (Windows NT 10.0; WOW64) AppleWebKit/537.36 (KHTML, like Gecko) Chrome/67.0.3396.62 Safari/537.36',
  'accept' => 'text/html,application/xhtml+xml,application/xml;q=0.9,image/webp,image/apng,*/*;q=0.8',
  'referer' => 'http://localhost/ArcticTern_1/fingerpost/index/index.html',
  'accept-encoding' => 'gzip, deflate, br',
  'accept-language' => 'zh-CN,zh;q=0.9',
)
[ info ] [ PARAM ] array (
)
[ info ] [ RUN ] app\index\controller\Index->index[ D:\xampp\htdocs\ArcticTern_1\application\index\controller\Index.php ]
[ info ] [ VIEW ] D:\xampp\htdocs\ArcticTern_1/application/index\view\index\index.html [ array (
) ]
[ info ] [ LOG ] INIT File
---------------------------------------------------------------
[ 2018-06-25T08:25:52+08:00 ] 0.0.0.0 GET /ArcticTern_1/activity/index/index.html
[ info ] localhost/ArcticTern_1/activity/index/index.html [运行时间：0.028411s][吞吐率：35.20req/s] [内存消耗：1,730.78kb] [文件加载：48]
[ info ] [ LANG ] D:\xampp\htdocs\ArcticTern_1\thinkphp\lang\zh-cn.php
[ info ] [ ROUTE ] array (
  'type' => 'module',
  'module' => 
  array (
    0 => 'activity',
    1 => 'index',
    2 => 'index',
  ),
)
[ info ] [ HEADER ] array (
  'host' => 'localhost',
  'connection' => 'keep-alive',
  'upgrade-insecure-requests' => '1',
  'user-agent' => 'Mozilla/5.0 (Windows NT 10.0; WOW64) AppleWebKit/537.36 (KHTML, like Gecko) Chrome/67.0.3396.62 Safari/537.36',
  'accept' => 'text/html,application/xhtml+xml,application/xml;q=0.9,image/webp,image/apng,*/*;q=0.8',
  'referer' => 'http://localhost/ArcticTern_1/index/index/index.html',
  'accept-encoding' => 'gzip, deflate, br',
  'accept-language' => 'zh-CN,zh;q=0.9',
  'cookie' => 'thinkphp_show_page_trace=0|0',
)
[ info ] [ PARAM ] array (
)
[ info ] [ RUN ] app\activity\controller\Index->index[ D:\xampp\htdocs\ArcticTern_1\application\activity\controller\Index.php ]
[ info ] [ VIEW ] D:\xampp\htdocs\ArcticTern_1/application/activity\view\index\index.html [ array (
) ]
[ info ] [ LOG ] INIT File
---------------------------------------------------------------
[ 2018-06-25T08:26:04+08:00 ] 0.0.0.0 GET /ArcticTern_1/trip_planning/index/index.html
[ info ] localhost/ArcticTern_1/trip_planning/index/index.html [运行时间：0.021836s][吞吐率：45.80req/s] [内存消耗：1,723.55kb] [文件加载：48]
[ info ] [ LANG ] D:\xampp\htdocs\ArcticTern_1\thinkphp\lang\zh-cn.php
[ info ] [ ROUTE ] array (
  'type' => 'module',
  'module' => 
  array (
    0 => 'trip_planning',
    1 => 'index',
    2 => 'index',
  ),
)
[ info ] [ HEADER ] array (
  'host' => 'localhost',
  'connection' => 'keep-alive',
  'upgrade-insecure-requests' => '1',
  'user-agent' => 'Mozilla/5.0 (Windows NT 10.0; WOW64) AppleWebKit/537.36 (KHTML, like Gecko) Chrome/67.0.3396.62 Safari/537.36',
  'accept' => 'text/html,application/xhtml+xml,application/xml;q=0.9,image/webp,image/apng,*/*;q=0.8',
  'referer' => 'http://localhost/ArcticTern_1/activity/index/index.html',
  'accept-encoding' => 'gzip, deflate, br',
  'accept-language' => 'zh-CN,zh;q=0.9',
  'cookie' => 'thinkphp_show_page_trace=0|0',
)
[ info ] [ PARAM ] array (
)
[ info ] [ RUN ] app\trip_planning\controller\Index->index[ D:\xampp\htdocs\ArcticTern_1\application\trip_planning\controller\Index.php ]
[ info ] [ VIEW ] D:\xampp\htdocs\ArcticTern_1/application/trip_planning\view\index\index.html [ array (
) ]
[ info ] [ LOG ] INIT File
---------------------------------------------------------------
[ 2018-06-25T08:26:13+08:00 ] 0.0.0.0 GET /ArcticTern_1/trip_planning/index/ziye.html
[ info ] localhost/ArcticTern_1/trip_planning/index/ziye.html [运行时间：0.024883s][吞吐率：40.19req/s] [内存消耗：1,719.50kb] [文件加载：48]
[ info ] [ LANG ] D:\xampp\htdocs\ArcticTern_1\thinkphp\lang\zh-cn.php
[ info ] [ ROUTE ] array (
  'type' => 'module',
  'module' => 
  array (
    0 => 'trip_planning',
    1 => 'index',
    2 => 'ziye',
  ),
)
[ info ] [ HEADER ] array (
  'host' => 'localhost',
  'connection' => 'keep-alive',
  'upgrade-insecure-requests' => '1',
  'user-agent' => 'Mozilla/5.0 (Windows NT 10.0; WOW64) AppleWebKit/537.36 (KHTML, like Gecko) Chrome/67.0.3396.62 Safari/537.36',
  'accept' => 'text/html,application/xhtml+xml,application/xml;q=0.9,image/webp,image/apng,*/*;q=0.8',
  'referer' => 'http://localhost/ArcticTern_1/trip_planning/index/index.html',
  'accept-encoding' => 'gzip, deflate, br',
  'accept-language' => 'zh-CN,zh;q=0.9',
  'cookie' => 'thinkphp_show_page_trace=0|0',
)
[ info ] [ PARAM ] array (
)
[ info ] [ RUN ] app\trip_planning\controller\Index->ziye[ D:\xampp\htdocs\ArcticTern_1\application\trip_planning\controller\Index.php ]
[ info ] [ VIEW ] D:\xampp\htdocs\ArcticTern_1/application/trip_planning\view\index\ziye.html [ array (
) ]
[ info ] [ LOG ] INIT File
---------------------------------------------------------------
[ 2018-06-25T08:26:28+08:00 ] 0.0.0.0 GET /ArcticTern_1/fingerpost/index/index.html
[ info ] localhost/ArcticTern_1/fingerpost/index/index.html [运行时间：0.023505s][吞吐率：42.54req/s] [内存消耗：1,734.80kb] [文件加载：48]
[ info ] [ LANG ] D:\xampp\htdocs\ArcticTern_1\thinkphp\lang\zh-cn.php
[ info ] [ ROUTE ] array (
  'type' => 'module',
  'module' => 
  array (
    0 => 'fingerpost',
    1 => 'index',
    2 => 'index',
  ),
)
[ info ] [ HEADER ] array (
  'host' => 'localhost',
  'connection' => 'keep-alive',
  'upgrade-insecure-requests' => '1',
  'user-agent' => 'Mozilla/5.0 (Windows NT 10.0; WOW64) AppleWebKit/537.36 (KHTML, like Gecko) Chrome/67.0.3396.62 Safari/537.36',
  'accept' => 'text/html,application/xhtml+xml,application/xml;q=0.9,image/webp,image/apng,*/*;q=0.8',
  'referer' => 'http://localhost/ArcticTern_1/trip_planning/index/ziye.html',
  'accept-encoding' => 'gzip, deflate, br',
  'accept-language' => 'zh-CN,zh;q=0.9',
  'cookie' => 'thinkphp_show_page_trace=0|0',
)
[ info ] [ PARAM ] array (
)
[ info ] [ RUN ] app\fingerpost\controller\Index->index[ D:\xampp\htdocs\ArcticTern_1\application\fingerpost\controller\Index.php ]
[ info ] [ VIEW ] D:\xampp\htdocs\ArcticTern_1/application/fingerpost\view\index\index.html [ array (
) ]
[ info ] [ LOG ] INIT File
---------------------------------------------------------------
[ 2018-06-25T08:26:33+08:00 ] 0.0.0.0 GET /ArcticTern_1/about/index/index.html
[ info ] localhost/ArcticTern_1/about/index/index.html [运行时间：0.024497s][吞吐率：40.82req/s] [内存消耗：1,714.12kb] [文件加载：48]
[ info ] [ LANG ] D:\xampp\htdocs\ArcticTern_1\thinkphp\lang\zh-cn.php
[ info ] [ ROUTE ] array (
  'type' => 'module',
  'module' => 
  array (
    0 => 'about',
    1 => 'index',
    2 => 'index',
  ),
)
[ info ] [ HEADER ] array (
  'host' => 'localhost',
  'connection' => 'keep-alive',
  'upgrade-insecure-requests' => '1',
  'user-agent' => 'Mozilla/5.0 (Windows NT 10.0; WOW64) AppleWebKit/537.36 (KHTML, like Gecko) Chrome/67.0.3396.62 Safari/537.36',
  'accept' => 'text/html,application/xhtml+xml,application/xml;q=0.9,image/webp,image/apng,*/*;q=0.8',
  'referer' => 'http://localhost/ArcticTern_1/fingerpost/index/index.html',
  'accept-encoding' => 'gzip, deflate, br',
  'accept-language' => 'zh-CN,zh;q=0.9',
  'cookie' => 'thinkphp_show_page_trace=0|0',
)
[ info ] [ PARAM ] array (
)
[ info ] [ RUN ] app\about\controller\Index->index[ D:\xampp\htdocs\ArcticTern_1\application\about\controller\Index.php ]
[ info ] [ VIEW ] D:\xampp\htdocs\ArcticTern_1/application/about\view\index\index.html [ array (
) ]
[ info ] [ LOG ] INIT File
---------------------------------------------------------------
[ 2018-06-25T08:26:43+08:00 ] 0.0.0.0 GET /ArcticTern_1/activity/index/index.html
[ info ] localhost/ArcticTern_1/activity/index/index.html [运行时间：0.023742s][吞吐率：42.12req/s] [内存消耗：1,730.78kb] [文件加载：48]
[ info ] [ LANG ] D:\xampp\htdocs\ArcticTern_1\thinkphp\lang\zh-cn.php
[ info ] [ ROUTE ] array (
  'type' => 'module',
  'module' => 
  array (
    0 => 'activity',
    1 => 'index',
    2 => 'index',
  ),
)
[ info ] [ HEADER ] array (
  'host' => 'localhost',
  'connection' => 'keep-alive',
  'upgrade-insecure-requests' => '1',
  'user-agent' => 'Mozilla/5.0 (Windows NT 10.0; WOW64) AppleWebKit/537.36 (KHTML, like Gecko) Chrome/67.0.3396.62 Safari/537.36',
  'accept' => 'text/html,application/xhtml+xml,application/xml;q=0.9,image/webp,image/apng,*/*;q=0.8',
  'referer' => 'http://localhost/ArcticTern_1/about/index/index.html',
  'accept-encoding' => 'gzip, deflate, br',
  'accept-language' => 'zh-CN,zh;q=0.9',
  'cookie' => 'thinkphp_show_page_trace=0|0',
)
[ info ] [ PARAM ] array (
)
[ info ] [ RUN ] app\activity\controller\Index->index[ D:\xampp\htdocs\ArcticTern_1\application\activity\controller\Index.php ]
[ info ] [ VIEW ] D:\xampp\htdocs\ArcticTern_1/application/activity\view\index\index.html [ array (
) ]
[ info ] [ LOG ] INIT File
---------------------------------------------------------------
[ 2018-06-25T08:26:45+08:00 ] 0.0.0.0 GET /ArcticTern_1/activity/index/apply.html
[ info ] localhost/ArcticTern_1/activity/index/apply.html [运行时间：0.023101s][吞吐率：43.29req/s] [内存消耗：1,726.85kb] [文件加载：48]
[ info ] [ LANG ] D:\xampp\htdocs\ArcticTern_1\thinkphp\lang\zh-cn.php
[ info ] [ ROUTE ] array (
  'type' => 'module',
  'module' => 
  array (
    0 => 'activity',
    1 => 'index',
    2 => 'apply',
  ),
)
[ info ] [ HEADER ] array (
  'host' => 'localhost',
  'connection' => 'keep-alive',
  'upgrade-insecure-requests' => '1',
  'user-agent' => 'Mozilla/5.0 (Windows NT 10.0; WOW64) AppleWebKit/537.36 (KHTML, like Gecko) Chrome/67.0.3396.62 Safari/537.36',
  'accept' => 'text/html,application/xhtml+xml,application/xml;q=0.9,image/webp,image/apng,*/*;q=0.8',
  'referer' => 'http://localhost/ArcticTern_1/activity/index/index.html',
  'accept-encoding' => 'gzip, deflate, br',
  'accept-language' => 'zh-CN,zh;q=0.9',
  'cookie' => 'thinkphp_show_page_trace=0|0',
)
[ info ] [ PARAM ] array (
)
[ info ] [ RUN ] app\activity\controller\Index->apply[ D:\xampp\htdocs\ArcticTern_1\application\activity\controller\Index.php ]
[ info ] [ VIEW ] D:\xampp\htdocs\ArcticTern_1/application/activity\view\index\apply.html [ array (
) ]
[ info ] [ LOG ] INIT File
---------------------------------------------------------------
[ 2018-06-25T08:27:17+08:00 ] 0.0.0.0 GET /ArcticTern_1/index/index/index.html
[ info ] localhost/ArcticTern_1/index/index/index.html [运行时间：0.025120s][吞吐率：39.81req/s] [内存消耗：1,778.09kb] [文件加载：50]
[ info ] [ LANG ] D:\xampp\htdocs\ArcticTern_1\thinkphp\lang\zh-cn.php
[ info ] [ ROUTE ] array (
  'type' => 'module',
  'module' => 
  array (
    0 => 'index',
    1 => 'index',
    2 => 'index',
  ),
)
[ info ] [ HEADER ] array (
  'host' => 'localhost',
  'connection' => 'keep-alive',
  'upgrade-insecure-requests' => '1',
  'user-agent' => 'Mozilla/5.0 (Windows NT 10.0; WOW64) AppleWebKit/537.36 (KHTML, like Gecko) Chrome/67.0.3396.62 Safari/537.36',
  'accept' => 'text/html,application/xhtml+xml,application/xml;q=0.9,image/webp,image/apng,*/*;q=0.8',
  'referer' => 'http://localhost/ArcticTern_1/fingerpost/index/details.html',
  'accept-encoding' => 'gzip, deflate, br',
  'accept-language' => 'zh-CN,zh;q=0.9',
  'cookie' => 'thinkphp_show_page_trace=0|0',
)
[ info ] [ PARAM ] array (
)
[ info ] [ RUN ] app\index\controller\Index->index[ D:\xampp\htdocs\ArcticTern_1\application\index\controller\Index.php ]
[ info ] [ VIEW ] D:\xampp\htdocs\ArcticTern_1/application/index\view\index\index.html [ array (
) ]
[ info ] [ LOG ] INIT File
---------------------------------------------------------------
[ 2018-06-25T08:31:07+08:00 ] 0.0.0.0 GET /ArcticTern_1/destination/index/index.html
[ info ] localhost/ArcticTern_1/destination/index/index.html [运行时间：0.041987s][吞吐率：23.82req/s] [内存消耗：1,934.77kb] [文件加载：48]
[ info ] [ LANG ] D:\xampp\htdocs\ArcticTern_1\thinkphp\lang\zh-cn.php
[ info ] [ ROUTE ] array (
  'type' => 'module',
  'module' => 
  array (
    0 => 'destination',
    1 => 'index',
    2 => 'index',
  ),
)
[ info ] [ HEADER ] array (
  'host' => 'localhost',
  'connection' => 'keep-alive',
  'upgrade-insecure-requests' => '1',
  'user-agent' => 'Mozilla/5.0 (Windows NT 10.0; WOW64) AppleWebKit/537.36 (KHTML, like Gecko) Chrome/67.0.3396.62 Safari/537.36',
  'accept' => 'text/html,application/xhtml+xml,application/xml;q=0.9,image/webp,image/apng,*/*;q=0.8',
  'referer' => 'http://localhost/ArcticTern_1/activity/index/apply.html',
  'accept-encoding' => 'gzip, deflate, br',
  'accept-language' => 'zh-CN,zh;q=0.9',
  'cookie' => 'thinkphp_show_page_trace=0|0',
)
[ info ] [ PARAM ] array (
)
[ info ] [ RUN ] app\destination\controller\Index->index[ D:\xampp\htdocs\ArcticTern_1\application\destination\controller\Index.php ]
[ info ] [ VIEW ] D:\xampp\htdocs\ArcticTern_1/application/destination\view\index\index.html [ array (
) ]
[ info ] [ LOG ] INIT File
---------------------------------------------------------------
[ 2018-06-25T08:31:11+08:00 ] 0.0.0.0 GET /ArcticTern_1/trip_planning/index/index.html
[ info ] localhost/ArcticTern_1/trip_planning/index/index.html [运行时间：0.022205s][吞吐率：45.04req/s] [内存消耗：1,723.54kb] [文件加载：48]
[ info ] [ LANG ] D:\xampp\htdocs\ArcticTern_1\thinkphp\lang\zh-cn.php
[ info ] [ ROUTE ] array (
  'type' => 'module',
  'module' => 
  array (
    0 => 'trip_planning',
    1 => 'index',
    2 => 'index',
  ),
)
[ info ] [ HEADER ] array (
  'host' => 'localhost',
  'connection' => 'keep-alive',
  'upgrade-insecure-requests' => '1',
  'user-agent' => 'Mozilla/5.0 (Windows NT 10.0; WOW64) AppleWebKit/537.36 (KHTML, like Gecko) Chrome/67.0.3396.62 Safari/537.36',
  'accept' => 'text/html,application/xhtml+xml,application/xml;q=0.9,image/webp,image/apng,*/*;q=0.8',
  'referer' => 'http://localhost/ArcticTern_1/destination/index/index.html',
  'accept-encoding' => 'gzip, deflate, br',
  'accept-language' => 'zh-CN,zh;q=0.9',
  'cookie' => 'thinkphp_show_page_trace=0|0',
)
[ info ] [ PARAM ] array (
)
[ info ] [ RUN ] app\trip_planning\controller\Index->index[ D:\xampp\htdocs\ArcticTern_1\application\trip_planning\controller\Index.php ]
[ info ] [ VIEW ] D:\xampp\htdocs\ArcticTern_1/application/trip_planning\view\index\index.html [ array (
) ]
[ info ] [ LOG ] INIT File
---------------------------------------------------------------
[ 2018-06-25T08:31:13+08:00 ] 0.0.0.0 GET /ArcticTern_1/fingerpost/index/index.html
[ info ] localhost/ArcticTern_1/fingerpost/index/index.html [运行时间：0.023281s][吞吐率：42.95req/s] [内存消耗：1,734.80kb] [文件加载：48]
[ info ] [ LANG ] D:\xampp\htdocs\ArcticTern_1\thinkphp\lang\zh-cn.php
[ info ] [ ROUTE ] array (
  'type' => 'module',
  'module' => 
  array (
    0 => 'fingerpost',
    1 => 'index',
    2 => 'index',
  ),
)
[ info ] [ HEADER ] array (
  'host' => 'localhost',
  'connection' => 'keep-alive',
  'upgrade-insecure-requests' => '1',
  'user-agent' => 'Mozilla/5.0 (Windows NT 10.0; WOW64) AppleWebKit/537.36 (KHTML, like Gecko) Chrome/67.0.3396.62 Safari/537.36',
  'accept' => 'text/html,application/xhtml+xml,application/xml;q=0.9,image/webp,image/apng,*/*;q=0.8',
  'referer' => 'http://localhost/ArcticTern_1/trip_planning/index/index.html',
  'accept-encoding' => 'gzip, deflate, br',
  'accept-language' => 'zh-CN,zh;q=0.9',
  'cookie' => 'thinkphp_show_page_trace=0|0',
)
[ info ] [ PARAM ] array (
)
[ info ] [ RUN ] app\fingerpost\controller\Index->index[ D:\xampp\htdocs\ArcticTern_1\application\fingerpost\controller\Index.php ]
[ info ] [ VIEW ] D:\xampp\htdocs\ArcticTern_1/application/fingerpost\view\index\index.html [ array (
) ]
[ info ] [ LOG ] INIT File
---------------------------------------------------------------
[ 2018-06-25T08:32:16+08:00 ] 0.0.0.0 GET /ArcticTern_1/trip_planning/index/index.html
[ info ] localhost/ArcticTern_1/trip_planning/index/index.html [运行时间：0.023607s][吞吐率：42.36req/s] [内存消耗：1,723.54kb] [文件加载：48]
[ info ] [ LANG ] D:\xampp\htdocs\ArcticTern_1\thinkphp\lang\zh-cn.php
[ info ] [ ROUTE ] array (
  'type' => 'module',
  'module' => 
  array (
    0 => 'trip_planning',
    1 => 'index',
    2 => 'index',
  ),
)
[ info ] [ HEADER ] array (
  'host' => 'localhost',
  'connection' => 'keep-alive',
  'upgrade-insecure-requests' => '1',
  'user-agent' => 'Mozilla/5.0 (Windows NT 10.0; WOW64) AppleWebKit/537.36 (KHTML, like Gecko) Chrome/67.0.3396.62 Safari/537.36',
  'accept' => 'text/html,application/xhtml+xml,application/xml;q=0.9,image/webp,image/apng,*/*;q=0.8',
  'referer' => 'http://localhost/ArcticTern_1/fingerpost/index/index.html',
  'accept-encoding' => 'gzip, deflate, br',
  'accept-language' => 'zh-CN,zh;q=0.9',
  'cookie' => 'thinkphp_show_page_trace=0|0',
)
[ info ] [ PARAM ] array (
)
[ info ] [ RUN ] app\trip_planning\controller\Index->index[ D:\xampp\htdocs\ArcticTern_1\application\trip_planning\controller\Index.php ]
[ info ] [ VIEW ] D:\xampp\htdocs\ArcticTern_1/application/trip_planning\view\index\index.html [ array (
) ]
[ info ] [ LOG ] INIT File
---------------------------------------------------------------
[ 2018-06-25T08:37:02+08:00 ] 0.0.0.0 GET /ArcticTern_1/activity/index/index.html
[ info ] localhost/ArcticTern_1/activity/index/index.html [运行时间：0.030731s][吞吐率：32.54req/s] [内存消耗：1,730.78kb] [文件加载：48]
[ info ] [ LANG ] D:\xampp\htdocs\ArcticTern_1\thinkphp\lang\zh-cn.php
[ info ] [ ROUTE ] array (
  'type' => 'module',
  'module' => 
  array (
    0 => 'activity',
    1 => 'index',
    2 => 'index',
  ),
)
[ info ] [ HEADER ] array (
  'host' => 'localhost',
  'connection' => 'keep-alive',
  'upgrade-insecure-requests' => '1',
  'user-agent' => 'Mozilla/5.0 (Windows NT 10.0; WOW64) AppleWebKit/537.36 (KHTML, like Gecko) Chrome/67.0.3396.62 Safari/537.36',
  'accept' => 'text/html,application/xhtml+xml,application/xml;q=0.9,image/webp,image/apng,*/*;q=0.8',
  'referer' => 'http://localhost/ArcticTern_1/index/index/index.html',
  'accept-encoding' => 'gzip, deflate, br',
  'accept-language' => 'zh-CN,zh;q=0.9',
  'cookie' => 'thinkphp_show_page_trace=0|0',
)
[ info ] [ PARAM ] array (
)
[ info ] [ RUN ] app\activity\controller\Index->index[ D:\xampp\htdocs\ArcticTern_1\application\activity\controller\Index.php ]
[ info ] [ VIEW ] D:\xampp\htdocs\ArcticTern_1/application/activity\view\index\index.html [ array (
) ]
[ info ] [ LOG ] INIT File
---------------------------------------------------------------
[ 2018-06-25T08:37:03+08:00 ] 0.0.0.0 GET /ArcticTern_1/activity/index/apply.html
[ info ] localhost/ArcticTern_1/activity/index/apply.html [运行时间：0.023445s][吞吐率：42.65req/s] [内存消耗：1,726.85kb] [文件加载：48]
[ info ] [ LANG ] D:\xampp\htdocs\ArcticTern_1\thinkphp\lang\zh-cn.php
[ info ] [ ROUTE ] array (
  'type' => 'module',
  'module' => 
  array (
    0 => 'activity',
    1 => 'index',
    2 => 'apply',
  ),
)
[ info ] [ HEADER ] array (
  'host' => 'localhost',
  'connection' => 'keep-alive',
  'upgrade-insecure-requests' => '1',
  'user-agent' => 'Mozilla/5.0 (Windows NT 10.0; WOW64) AppleWebKit/537.36 (KHTML, like Gecko) Chrome/67.0.3396.62 Safari/537.36',
  'accept' => 'text/html,application/xhtml+xml,application/xml;q=0.9,image/webp,image/apng,*/*;q=0.8',
  'referer' => 'http://localhost/ArcticTern_1/activity/index/index.html',
  'accept-encoding' => 'gzip, deflate, br',
  'accept-language' => 'zh-CN,zh;q=0.9',
  'cookie' => 'thinkphp_show_page_trace=0|0',
)
[ info ] [ PARAM ] array (
)
[ info ] [ RUN ] app\activity\controller\Index->apply[ D:\xampp\htdocs\ArcticTern_1\application\activity\controller\Index.php ]
[ info ] [ VIEW ] D:\xampp\htdocs\ArcticTern_1/application/activity\view\index\apply.html [ array (
) ]
[ info ] [ LOG ] INIT File
---------------------------------------------------------------
[ 2018-06-25T08:39:35+08:00 ] 0.0.0.0 GET /ArcticTern_1/trip_planning/index/apply.html
[ info ] localhost/ArcticTern_1/trip_planning/index/apply.html [运行时间：0.027605s][吞吐率：36.23req/s] [内存消耗：1,432.55kb] [文件加载：44]
[ info ] [ LANG ] D:\xampp\htdocs\ArcticTern_1\thinkphp\lang\zh-cn.php
[ info ] [ ROUTE ] array (
  'type' => 'module',
  'module' => 
  array (
    0 => 'trip_planning',
    1 => 'index',
    2 => 'apply',
  ),
)
[ info ] [ HEADER ] array (
  'host' => 'localhost',
  'connection' => 'keep-alive',
  'upgrade-insecure-requests' => '1',
  'user-agent' => 'Mozilla/5.0 (Windows NT 10.0; WOW64) AppleWebKit/537.36 (KHTML, like Gecko) Chrome/67.0.3396.62 Safari/537.36',
  'accept' => 'text/html,application/xhtml+xml,application/xml;q=0.9,image/webp,image/apng,*/*;q=0.8',
  'referer' => 'http://localhost/ArcticTern_1/trip_planning/index/index.html',
  'accept-encoding' => 'gzip, deflate, br',
  'accept-language' => 'zh-CN,zh;q=0.9',
  'cookie' => 'thinkphp_show_page_trace=0|0',
)
[ info ] [ PARAM ] array (
)
[ info ] [ LOG ] INIT File
---------------------------------------------------------------
[ 2018-06-25T08:40:47+08:00 ] 0.0.0.0 GET /ArcticTern_1/trip_planning/index/apply.html
[ info ] localhost/ArcticTern_1/trip_planning/index/apply.html [运行时间：0.020450s][吞吐率：48.90req/s] [内存消耗：1,432.23kb] [文件加载：44]
[ info ] [ LANG ] D:\xampp\htdocs\ArcticTern_1\thinkphp\lang\zh-cn.php
[ info ] [ ROUTE ] array (
  'type' => 'module',
  'module' => 
  array (
    0 => 'trip_planning',
    1 => 'index',
    2 => 'apply',
  ),
)
[ info ] [ HEADER ] array (
  'host' => 'localhost',
  'connection' => 'keep-alive',
  'cache-control' => 'max-age=0',
  'upgrade-insecure-requests' => '1',
  'user-agent' => 'Mozilla/5.0 (Windows NT 10.0; WOW64) AppleWebKit/537.36 (KHTML, like Gecko) Chrome/67.0.3396.62 Safari/537.36',
  'accept' => 'text/html,application/xhtml+xml,application/xml;q=0.9,image/webp,image/apng,*/*;q=0.8',
  'accept-encoding' => 'gzip, deflate, br',
  'accept-language' => 'zh-CN,zh;q=0.9',
  'cookie' => 'thinkphp_show_page_trace=0|0',
)
[ info ] [ PARAM ] array (
)
[ info ] [ LOG ] INIT File
---------------------------------------------------------------
[ 2018-06-25T08:40:51+08:00 ] 0.0.0.0 GET /ArcticTern_1/trip_planning/index/apply.html
[ info ] localhost/ArcticTern_1/trip_planning/index/apply.html [运行时间：0.021035s][吞吐率：47.54req/s] [内存消耗：1,432.55kb] [文件加载：44]
[ info ] [ LANG ] D:\xampp\htdocs\ArcticTern_1\thinkphp\lang\zh-cn.php
[ info ] [ ROUTE ] array (
  'type' => 'module',
  'module' => 
  array (
    0 => 'trip_planning',
    1 => 'index',
    2 => 'apply',
  ),
)
[ info ] [ HEADER ] array (
  'host' => 'localhost',
  'connection' => 'keep-alive',
  'upgrade-insecure-requests' => '1',
  'user-agent' => 'Mozilla/5.0 (Windows NT 10.0; WOW64) AppleWebKit/537.36 (KHTML, like Gecko) Chrome/67.0.3396.62 Safari/537.36',
  'accept' => 'text/html,application/xhtml+xml,application/xml;q=0.9,image/webp,image/apng,*/*;q=0.8',
  'referer' => 'http://localhost/ArcticTern_1/trip_planning/index/index.html',
  'accept-encoding' => 'gzip, deflate, br',
  'accept-language' => 'zh-CN,zh;q=0.9',
  'cookie' => 'thinkphp_show_page_trace=0|0',
)
[ info ] [ PARAM ] array (
)
[ info ] [ LOG ] INIT File
---------------------------------------------------------------
[ 2018-06-25T08:41:18+08:00 ] 0.0.0.0 GET /ArcticTern_1/trip_planning/index/create
[ info ] localhost/ArcticTern_1/trip_planning/index/create [运行时间：0.028770s][吞吐率：34.76req/s] [内存消耗：1,718.82kb] [文件加载：48]
[ info ] [ LANG ] D:\xampp\htdocs\ArcticTern_1\thinkphp\lang\zh-cn.php
[ info ] [ ROUTE ] array (
  'type' => 'module',
  'module' => 
  array (
    0 => 'trip_planning',
    1 => 'index',
    2 => 'create',
  ),
)
[ info ] [ HEADER ] array (
  'host' => 'localhost',
  'connection' => 'keep-alive',
  'upgrade-insecure-requests' => '1',
  'user-agent' => 'Mozilla/5.0 (Windows NT 10.0; WOW64) AppleWebKit/537.36 (KHTML, like Gecko) Chrome/67.0.3396.62 Safari/537.36',
  'accept' => 'text/html,application/xhtml+xml,application/xml;q=0.9,image/webp,image/apng,*/*;q=0.8',
  'accept-encoding' => 'gzip, deflate, br',
  'accept-language' => 'zh-CN,zh;q=0.9',
)
[ info ] [ PARAM ] array (
)
[ info ] [ RUN ] app\trip_planning\controller\Index->create[ D:\xampp\htdocs\ArcticTern_1\application\trip_planning\controller\Index.php ]
[ info ] [ VIEW ] D:\xampp\htdocs\ArcticTern_1/application/trip_planning\view\index\create.html [ array (
) ]
[ info ] [ LOG ] INIT File
---------------------------------------------------------------
[ 2018-06-25T08:41:20+08:00 ] 0.0.0.0 GET /ArcticTern_1/trip_planning/index/create
[ info ] localhost/ArcticTern_1/trip_planning/index/create [运行时间：0.030860s][吞吐率：32.40req/s] [内存消耗：1,719.52kb] [文件加载：48]
[ info ] [ LANG ] D:\xampp\htdocs\ArcticTern_1\thinkphp\lang\zh-cn.php
[ info ] [ ROUTE ] array (
  'type' => 'module',
  'module' => 
  array (
    0 => 'trip_planning',
    1 => 'index',
    2 => 'create',
  ),
)
[ info ] [ HEADER ] array (
  'host' => 'localhost',
  'connection' => 'keep-alive',
  'upgrade-insecure-requests' => '1',
  'user-agent' => 'Mozilla/5.0 (Windows NT 10.0; WOW64) AppleWebKit/537.36 (KHTML, like Gecko) Chrome/67.0.3396.62 Safari/537.36',
  'accept' => 'text/html,application/xhtml+xml,application/xml;q=0.9,image/webp,image/apng,*/*;q=0.8',
  'referer' => 'http://localhost/ArcticTern_1/trip_planning/index/create',
  'accept-encoding' => 'gzip, deflate, br',
  'accept-language' => 'zh-CN,zh;q=0.9',
  'cookie' => 'thinkphp_show_page_trace=0|0',
)
[ info ] [ PARAM ] array (
)
[ info ] [ RUN ] app\trip_planning\controller\Index->create[ D:\xampp\htdocs\ArcticTern_1\application\trip_planning\controller\Index.php ]
[ info ] [ VIEW ] D:\xampp\htdocs\ArcticTern_1/application/trip_planning\view\index\create.html [ array (
) ]
[ info ] [ LOG ] INIT File
---------------------------------------------------------------
[ 2018-06-25T08:41:22+08:00 ] 0.0.0.0 GET /ArcticTern_1/trip_planning/index/create
[ info ] localhost/ArcticTern_1/trip_planning/index/create [运行时间：0.023138s][吞吐率：43.22req/s] [内存消耗：1,719.52kb] [文件加载：48]
[ info ] [ LANG ] D:\xampp\htdocs\ArcticTern_1\thinkphp\lang\zh-cn.php
[ info ] [ ROUTE ] array (
  'type' => 'module',
  'module' => 
  array (
    0 => 'trip_planning',
    1 => 'index',
    2 => 'create',
  ),
)
[ info ] [ HEADER ] array (
  'host' => 'localhost',
  'connection' => 'keep-alive',
  'upgrade-insecure-requests' => '1',
  'user-agent' => 'Mozilla/5.0 (Windows NT 10.0; WOW64) AppleWebKit/537.36 (KHTML, like Gecko) Chrome/67.0.3396.62 Safari/537.36',
  'accept' => 'text/html,application/xhtml+xml,application/xml;q=0.9,image/webp,image/apng,*/*;q=0.8',
  'referer' => 'http://localhost/ArcticTern_1/trip_planning/index/create',
  'accept-encoding' => 'gzip, deflate, br',
  'accept-language' => 'zh-CN,zh;q=0.9',
  'cookie' => 'thinkphp_show_page_trace=0|0',
)
[ info ] [ PARAM ] array (
)
[ info ] [ RUN ] app\trip_planning\controller\Index->create[ D:\xampp\htdocs\ArcticTern_1\application\trip_planning\controller\Index.php ]
[ info ] [ VIEW ] D:\xampp\htdocs\ArcticTern_1/application/trip_planning\view\index\create.html [ array (
) ]
[ info ] [ LOG ] INIT File
---------------------------------------------------------------
[ 2018-06-25T08:47:13+08:00 ] 0.0.0.0 GET /ArcticTern_1/fingerpost/index/index.html
[ info ] localhost/ArcticTern_1/fingerpost/index/index.html [运行时间：0.028019s][吞吐率：35.69req/s] [内存消耗：1,734.47kb] [文件加载：48]
[ info ] [ LANG ] D:\xampp\htdocs\ArcticTern_1\thinkphp\lang\zh-cn.php
[ info ] [ ROUTE ] array (
  'type' => 'module',
  'module' => 
  array (
    0 => 'fingerpost',
    1 => 'index',
    2 => 'index',
  ),
)
[ info ] [ HEADER ] array (
  'host' => 'localhost',
  'connection' => 'keep-alive',
  'upgrade-insecure-requests' => '1',
  'user-agent' => 'Mozilla/5.0 (Windows NT 10.0; WOW64) AppleWebKit/537.36 (KHTML, like Gecko) Chrome/67.0.3396.62 Safari/537.36',
  'accept' => 'text/html,application/xhtml+xml,application/xml;q=0.9,image/webp,image/apng,*/*;q=0.8',
  'referer' => 'http://localhost/ArcticTern_1/trip_planning/index/create',
  'accept-encoding' => 'gzip, deflate, br',
  'accept-language' => 'zh-CN,zh;q=0.9',
)
[ info ] [ PARAM ] array (
)
[ info ] [ RUN ] app\fingerpost\controller\Index->index[ D:\xampp\htdocs\ArcticTern_1\application\fingerpost\controller\Index.php ]
[ info ] [ VIEW ] D:\xampp\htdocs\ArcticTern_1/application/fingerpost\view\index\index.html [ array (
) ]
[ info ] [ LOG ] INIT File
---------------------------------------------------------------
[ 2018-06-25T08:49:05+08:00 ] 0.0.0.0 GET /ArcticTern_1/public/static/css/bootstrap.css.map
[ info ] localhost/ArcticTern_1/public/static/css/bootstrap.css.map [运行时间：0.031164s][吞吐率：32.09req/s] [内存消耗：1,427.84kb] [文件加载：43]
[ info ] [ LANG ] D:\xampp\htdocs\ArcticTern_1\thinkphp\lang\zh-cn.php
[ info ] [ ROUTE ] array (
  'type' => 'module',
  'module' => 
  array (
    0 => 'public',
    1 => 'static',
    2 => 'css',
  ),
)
[ info ] [ HEADER ] array (
  'host' => 'localhost',
  'connection' => 'keep-alive',
  'user-agent' => 'Mozilla/5.0 (Windows NT 10.0; WOW64) AppleWebKit/537.36 (KHTML, like Gecko) Chrome/67.0.3396.62 Safari/537.36',
  'accept-encoding' => 'gzip, deflate, br',
  'accept-language' => 'zh-CN,zh;q=0.9',
)
[ info ] [ PARAM ] array (
)
[ info ] [ LOG ] INIT File
---------------------------------------------------------------
[ 2018-06-25T08:56:02+08:00 ] 0.0.0.0 GET /ArcticTern_1/fingerpost/index/index.html
[ info ] localhost/ArcticTern_1/fingerpost/index/index.html [运行时间：0.030464s][吞吐率：32.83req/s] [内存消耗：1,734.93kb] [文件加载：48]
[ info ] [ LANG ] D:\xampp\htdocs\ArcticTern_1\thinkphp\lang\zh-cn.php
[ info ] [ ROUTE ] array (
  'type' => 'module',
  'module' => 
  array (
    0 => 'fingerpost',
    1 => 'index',
    2 => 'index',
  ),
)
[ info ] [ HEADER ] array (
  'host' => 'localhost',
  'connection' => 'keep-alive',
  'cache-control' => 'max-age=0',
  'upgrade-insecure-requests' => '1',
  'user-agent' => 'Mozilla/5.0 (Windows NT 10.0; WOW64) AppleWebKit/537.36 (KHTML, like Gecko) Chrome/67.0.3396.62 Safari/537.36',
  'accept' => 'text/html,application/xhtml+xml,application/xml;q=0.9,image/webp,image/apng,*/*;q=0.8',
  'referer' => 'http://localhost/ArcticTern_1/trip_planning/index/create',
  'accept-encoding' => 'gzip, deflate, br',
  'accept-language' => 'zh-CN,zh;q=0.9',
  'cookie' => 'thinkphp_show_page_trace=0|0',
)
[ info ] [ PARAM ] array (
)
[ info ] [ RUN ] app\fingerpost\controller\Index->index[ D:\xampp\htdocs\ArcticTern_1\application\fingerpost\controller\Index.php ]
[ info ] [ VIEW ] D:\xampp\htdocs\ArcticTern_1/application/fingerpost\view\index\index.html [ array (
) ]
[ info ] [ LOG ] INIT File
---------------------------------------------------------------
[ 2018-06-25T08:56:03+08:00 ] 0.0.0.0 GET /ArcticTern_1/public/static/css/bootstrap.css.map
[ info ] localhost/ArcticTern_1/public/static/css/bootstrap.css.map [运行时间：0.033362s][吞吐率：29.97req/s] [内存消耗：1,427.84kb] [文件加载：43]
[ info ] [ LANG ] D:\xampp\htdocs\ArcticTern_1\thinkphp\lang\zh-cn.php
[ info ] [ ROUTE ] array (
  'type' => 'module',
  'module' => 
  array (
    0 => 'public',
    1 => 'static',
    2 => 'css',
  ),
)
[ info ] [ HEADER ] array (
  'host' => 'localhost',
  'connection' => 'keep-alive',
  'user-agent' => 'Mozilla/5.0 (Windows NT 10.0; WOW64) AppleWebKit/537.36 (KHTML, like Gecko) Chrome/67.0.3396.62 Safari/537.36',
  'accept-encoding' => 'gzip, deflate, br',
  'accept-language' => 'zh-CN,zh;q=0.9',
)
[ info ] [ PARAM ] array (
)
[ info ] [ LOG ] INIT File
---------------------------------------------------------------
[ 2018-06-25T09:12:05+08:00 ] 0.0.0.0 GET /ArcticTern_1/trip_planning/index/create
[ info ] localhost/ArcticTern_1/trip_planning/index/create [运行时间：0.041380s][吞吐率：24.17req/s] [内存消耗：1,718.82kb] [文件加载：48]
[ info ] [ LANG ] D:\xampp\htdocs\ArcticTern_1\thinkphp\lang\zh-cn.php
[ info ] [ ROUTE ] array (
  'type' => 'module',
  'module' => 
  array (
    0 => 'trip_planning',
    1 => 'index',
    2 => 'create',
  ),
)
[ info ] [ HEADER ] array (
  'host' => 'localhost',
  'connection' => 'keep-alive',
  'upgrade-insecure-requests' => '1',
  'user-agent' => 'Mozilla/5.0 (Windows NT 10.0; WOW64) AppleWebKit/537.36 (KHTML, like Gecko) Chrome/67.0.3396.62 Safari/537.36',
  'accept' => 'text/html,application/xhtml+xml,application/xml;q=0.9,image/webp,image/apng,*/*;q=0.8',
  'accept-encoding' => 'gzip, deflate, br',
  'accept-language' => 'zh-CN,zh;q=0.9',
)
[ info ] [ PARAM ] array (
)
[ info ] [ RUN ] app\trip_planning\controller\Index->create[ D:\xampp\htdocs\ArcticTern_1\application\trip_planning\controller\Index.php ]
[ info ] [ VIEW ] D:\xampp\htdocs\ArcticTern_1/application/trip_planning\view\index\create.html [ array (
) ]
[ info ] [ LOG ] INIT File
---------------------------------------------------------------
[ 2018-06-25T09:12:27+08:00 ] 0.0.0.0 GET /ArcticTern_1/activity/index/apply
[ info ] localhost/ArcticTern_1/activity/index/apply [运行时间：0.037349s][吞吐率：26.77req/s] [内存消耗：1,844.86kb] [文件加载：49]
[ info ] [ LANG ] D:\xampp\htdocs\ArcticTern_1\thinkphp\lang\zh-cn.php
[ info ] [ ROUTE ] array (
  'type' => 'module',
  'module' => 
  array (
    0 => 'activity',
    1 => 'index',
    2 => 'apply',
  ),
)
[ info ] [ HEADER ] array (
  'host' => 'localhost',
  'connection' => 'keep-alive',
  'upgrade-insecure-requests' => '1',
  'user-agent' => 'Mozilla/5.0 (Windows NT 10.0; WOW64) AppleWebKit/537.36 (KHTML, like Gecko) Chrome/67.0.3396.62 Safari/537.36',
  'accept' => 'text/html,application/xhtml+xml,application/xml;q=0.9,image/webp,image/apng,*/*;q=0.8',
  'accept-encoding' => 'gzip, deflate, br',
  'accept-language' => 'zh-CN,zh;q=0.9',
)
[ info ] [ PARAM ] array (
)
[ info ] [ RUN ] app\activity\controller\Index->apply[ D:\xampp\htdocs\ArcticTern_1\application\activity\controller\Index.php ]
[ info ] [ VIEW ] D:\xampp\htdocs\ArcticTern_1/application/activity\view\index\apply.html [ array (
) ]
[ info ] [ LOG ] INIT File
---------------------------------------------------------------
[ 2018-06-25T09:12:27+08:00 ] 0.0.0.0 GET /ArcticTern_1/activity/index/img/1.jpg
[ info ] localhost/ArcticTern_1/activity/index/img/1.jpg [运行时间：0.040408s][吞吐率：24.75req/s] [内存消耗：1,430.98kb] [文件加载：44]
[ info ] [ LANG ] D:\xampp\htdocs\ArcticTern_1\thinkphp\lang\zh-cn.php
[ info ] [ ROUTE ] array (
  'type' => 'module',
  'module' => 
  array (
    0 => 'activity',
    1 => 'index',
    2 => 'img',
  ),
)
[ info ] [ HEADER ] array (
  'host' => 'localhost',
  'connection' => 'keep-alive',
  'user-agent' => 'Mozilla/5.0 (Windows NT 10.0; WOW64) AppleWebKit/537.36 (KHTML, like Gecko) Chrome/67.0.3396.62 Safari/537.36',
  'accept' => 'image/webp,image/apng,image/*,*/*;q=0.8',
  'referer' => 'http://localhost/ArcticTern_1/activity/index/apply',
  'accept-encoding' => 'gzip, deflate, br',
  'accept-language' => 'zh-CN,zh;q=0.9',
)
[ info ] [ PARAM ] array (
)
[ info ] [ LOG ] INIT File
---------------------------------------------------------------
[ 2018-06-25T09:12:27+08:00 ] 0.0.0.0 GET /ArcticTern_1/activity/index/img/2.JPG
[ info ] localhost/ArcticTern_1/activity/index/img/2.JPG [运行时间：0.040726s][吞吐率：24.55req/s] [内存消耗：1,430.98kb] [文件加载：44]
[ info ] [ LANG ] D:\xampp\htdocs\ArcticTern_1\thinkphp\lang\zh-cn.php
[ info ] [ ROUTE ] array (
  'type' => 'module',
  'module' => 
  array (
    0 => 'activity',
    1 => 'index',
    2 => 'img',
  ),
)
[ info ] [ HEADER ] array (
  'host' => 'localhost',
  'connection' => 'keep-alive',
  'user-agent' => 'Mozilla/5.0 (Windows NT 10.0; WOW64) AppleWebKit/537.36 (KHTML, like Gecko) Chrome/67.0.3396.62 Safari/537.36',
  'accept' => 'image/webp,image/apng,image/*,*/*;q=0.8',
  'referer' => 'http://localhost/ArcticTern_1/activity/index/apply',
  'accept-encoding' => 'gzip, deflate, br',
  'accept-language' => 'zh-CN,zh;q=0.9',
)
[ info ] [ PARAM ] array (
)
[ info ] [ LOG ] INIT File
---------------------------------------------------------------
[ 2018-06-25T09:12:27+08:00 ] 0.0.0.0 GET /ArcticTern_1/activity/index/img/09.png
[ info ] localhost/ArcticTern_1/activity/index/img/09.png [运行时间：0.031858s][吞吐率：31.39req/s] [内存消耗：1,430.97kb] [文件加载：44]
[ info ] [ LANG ] D:\xampp\htdocs\ArcticTern_1\thinkphp\lang\zh-cn.php
[ info ] [ ROUTE ] array (
  'type' => 'module',
  'module' => 
  array (
    0 => 'activity',
    1 => 'index',
    2 => 'img',
  ),
)
[ info ] [ HEADER ] array (
  'host' => 'localhost',
  'connection' => 'keep-alive',
  'user-agent' => 'Mozilla/5.0 (Windows NT 10.0; WOW64) AppleWebKit/537.36 (KHTML, like Gecko) Chrome/67.0.3396.62 Safari/537.36',
  'accept' => 'image/webp,image/apng,image/*,*/*;q=0.8',
  'referer' => 'http://localhost/ArcticTern_1/activity/index/apply',
  'accept-encoding' => 'gzip, deflate, br',
  'accept-language' => 'zh-CN,zh;q=0.9',
)
[ info ] [ PARAM ] array (
)
[ info ] [ LOG ] INIT File
---------------------------------------------------------------
[ 2018-06-25T09:12:27+08:00 ] 0.0.0.0 GET /ArcticTern_1/activity/index/js/bootstrap.js
[ info ] localhost/ArcticTern_1/activity/index/js/bootstrap.js [运行时间：0.046272s][吞吐率：21.61req/s] [内存消耗：1,430.89kb] [文件加载：44]
[ info ] [ LANG ] D:\xampp\htdocs\ArcticTern_1\thinkphp\lang\zh-cn.php
[ info ] [ ROUTE ] array (
  'type' => 'module',
  'module' => 
  array (
    0 => 'activity',
    1 => 'index',
    2 => 'js',
  ),
)
[ info ] [ HEADER ] array (
  'host' => 'localhost',
  'connection' => 'keep-alive',
  'user-agent' => 'Mozilla/5.0 (Windows NT 10.0; WOW64) AppleWebKit/537.36 (KHTML, like Gecko) Chrome/67.0.3396.62 Safari/537.36',
  'accept' => '*/*',
  'referer' => 'http://localhost/ArcticTern_1/activity/index/apply',
  'accept-encoding' => 'gzip, deflate, br',
  'accept-language' => 'zh-CN,zh;q=0.9',
)
[ info ] [ PARAM ] array (
)
[ info ] [ LOG ] INIT File
---------------------------------------------------------------
[ 2018-06-25T09:12:27+08:00 ] 0.0.0.0 GET /ArcticTern_1/activity/index/js/jquery-1.12.4.js
[ info ] localhost/ArcticTern_1/activity/index/js/jquery-1.12.4.js [运行时间：0.057423s][吞吐率：17.41req/s] [内存消耗：1,430.87kb] [文件加载：44]
[ info ] [ LANG ] D:\xampp\htdocs\ArcticTern_1\thinkphp\lang\zh-cn.php
[ info ] [ ROUTE ] array (
  'type' => 'module',
  'module' => 
  array (
    0 => 'activity',
    1 => 'index',
    2 => 'js',
  ),
)
[ info ] [ HEADER ] array (
  'host' => 'localhost',
  'connection' => 'keep-alive',
  'user-agent' => 'Mozilla/5.0 (Windows NT 10.0; WOW64) AppleWebKit/537.36 (KHTML, like Gecko) Chrome/67.0.3396.62 Safari/537.36',
  'accept' => '*/*',
  'referer' => 'http://localhost/ArcticTern_1/activity/index/apply',
  'accept-encoding' => 'gzip, deflate, br',
  'accept-language' => 'zh-CN,zh;q=0.9',
)
[ info ] [ PARAM ] array (
)
[ info ] [ LOG ] INIT File
---------------------------------------------------------------
[ 2018-06-25T09:12:27+08:00 ] 0.0.0.0 GET /ArcticTern_1/activity/index/img/4.jpg
[ info ] localhost/ArcticTern_1/activity/index/img/4.jpg [运行时间：0.062445s][吞吐率：16.01req/s] [内存消耗：1,430.98kb] [文件加载：44]
[ info ] [ LANG ] D:\xampp\htdocs\ArcticTern_1\thinkphp\lang\zh-cn.php
[ info ] [ ROUTE ] array (
  'type' => 'module',
  'module' => 
  array (
    0 => 'activity',
    1 => 'index',
    2 => 'img',
  ),
)
[ info ] [ HEADER ] array (
  'host' => 'localhost',
  'connection' => 'keep-alive',
  'user-agent' => 'Mozilla/5.0 (Windows NT 10.0; WOW64) AppleWebKit/537.36 (KHTML, like Gecko) Chrome/67.0.3396.62 Safari/537.36',
  'accept' => 'image/webp,image/apng,image/*,*/*;q=0.8',
  'referer' => 'http://localhost/ArcticTern_1/activity/index/apply',
  'accept-encoding' => 'gzip, deflate, br',
  'accept-language' => 'zh-CN,zh;q=0.9',
)
[ info ] [ PARAM ] array (
)
[ info ] [ LOG ] INIT File
---------------------------------------------------------------
[ 2018-06-25T09:12:27+08:00 ] 0.0.0.0 GET /ArcticTern_1/activity/index/img/1.png
[ info ] localhost/ArcticTern_1/activity/index/img/1.png [运行时间：0.031913s][吞吐率：31.34req/s] [内存消耗：1,430.98kb] [文件加载：44]
[ info ] [ LANG ] D:\xampp\htdocs\ArcticTern_1\thinkphp\lang\zh-cn.php
[ info ] [ ROUTE ] array (
  'type' => 'module',
  'module' => 
  array (
    0 => 'activity',
    1 => 'index',
    2 => 'img',
  ),
)
[ info ] [ HEADER ] array (
  'host' => 'localhost',
  'connection' => 'keep-alive',
  'user-agent' => 'Mozilla/5.0 (Windows NT 10.0; WOW64) AppleWebKit/537.36 (KHTML, like Gecko) Chrome/67.0.3396.62 Safari/537.36',
  'accept' => 'image/webp,image/apng,image/*,*/*;q=0.8',
  'referer' => 'http://localhost/ArcticTern_1/activity/index/apply',
  'accept-encoding' => 'gzip, deflate, br',
  'accept-language' => 'zh-CN,zh;q=0.9',
)
[ info ] [ PARAM ] array (
)
[ info ] [ LOG ] INIT File
---------------------------------------------------------------
[ 2018-06-25T09:12:27+08:00 ] 0.0.0.0 GET /ArcticTern_1/activity/index/img/3.jpg
[ info ] localhost/ArcticTern_1/activity/index/img/3.jpg [运行时间：0.069590s][吞吐率：14.37req/s] [内存消耗：1,430.98kb] [文件加载：44]
[ info ] [ LANG ] D:\xampp\htdocs\ArcticTern_1\thinkphp\lang\zh-cn.php
[ info ] [ ROUTE ] array (
  'type' => 'module',
  'module' => 
  array (
    0 => 'activity',
    1 => 'index',
    2 => 'img',
  ),
)
[ info ] [ HEADER ] array (
  'host' => 'localhost',
  'connection' => 'keep-alive',
  'user-agent' => 'Mozilla/5.0 (Windows NT 10.0; WOW64) AppleWebKit/537.36 (KHTML, like Gecko) Chrome/67.0.3396.62 Safari/537.36',
  'accept' => 'image/webp,image/apng,image/*,*/*;q=0.8',
  'referer' => 'http://localhost/ArcticTern_1/activity/index/apply',
  'accept-encoding' => 'gzip, deflate, br',
  'accept-language' => 'zh-CN,zh;q=0.9',
)
[ info ] [ PARAM ] array (
)
[ info ] [ LOG ] INIT File
---------------------------------------------------------------
[ 2018-06-25T09:12:27+08:00 ] 0.0.0.0 GET /ArcticTern_1/activity/index/js/index.js
[ info ] localhost/ArcticTern_1/activity/index/js/index.js [运行时间：0.063022s][吞吐率：15.87req/s] [内存消耗：1,430.91kb] [文件加载：44]
[ info ] [ LANG ] D:\xampp\htdocs\ArcticTern_1\thinkphp\lang\zh-cn.php
[ info ] [ ROUTE ] array (
  'type' => 'module',
  'module' => 
  array (
    0 => 'activity',
    1 => 'index',
    2 => 'js',
  ),
)
[ info ] [ HEADER ] array (
  'host' => 'localhost',
  'connection' => 'keep-alive',
  'user-agent' => 'Mozilla/5.0 (Windows NT 10.0; WOW64) AppleWebKit/537.36 (KHTML, like Gecko) Chrome/67.0.3396.62 Safari/537.36',
  'accept' => '*/*',
  'referer' => 'http://localhost/ArcticTern_1/activity/index/apply',
  'accept-encoding' => 'gzip, deflate, br',
  'accept-language' => 'zh-CN,zh;q=0.9',
)
[ info ] [ PARAM ] array (
)
[ info ] [ LOG ] INIT File
---------------------------------------------------------------
[ 2018-06-25T09:12:27+08:00 ] 0.0.0.0 GET /ArcticTern_1/activity/index/img/bali.jpg
[ info ] localhost/ArcticTern_1/activity/index/img/bali.jpg [运行时间：0.032496s][吞吐率：30.77req/s] [内存消耗：1,431.09kb] [文件加载：44]
[ info ] [ LANG ] D:\xampp\htdocs\ArcticTern_1\thinkphp\lang\zh-cn.php
[ info ] [ ROUTE ] array (
  'type' => 'module',
  'module' => 
  array (
    0 => 'activity',
    1 => 'index',
    2 => 'img',
  ),
)
[ info ] [ HEADER ] array (
  'host' => 'localhost',
  'connection' => 'keep-alive',
  'user-agent' => 'Mozilla/5.0 (Windows NT 10.0; WOW64) AppleWebKit/537.36 (KHTML, like Gecko) Chrome/67.0.3396.62 Safari/537.36',
  'accept' => 'image/webp,image/apng,image/*,*/*;q=0.8',
  'referer' => 'http://localhost/ArcticTern_1/activity/index/apply',
  'accept-encoding' => 'gzip, deflate, br',
  'accept-language' => 'zh-CN,zh;q=0.9',
)
[ info ] [ PARAM ] array (
)
[ info ] [ LOG ] INIT File
---------------------------------------------------------------
[ 2018-06-25T09:12:27+08:00 ] 0.0.0.0 GET /ArcticTern_1/activity/index/img/630.jpg
[ info ] localhost/ArcticTern_1/activity/index/img/630.jpg [运行时间：0.038819s][吞吐率：25.76req/s] [内存消耗：1,431.12kb] [文件加载：44]
[ info ] [ LANG ] D:\xampp\htdocs\ArcticTern_1\thinkphp\lang\zh-cn.php
[ info ] [ ROUTE ] array (
  'type' => 'module',
  'module' => 
  array (
    0 => 'activity',
    1 => 'index',
    2 => 'img',
  ),
)
[ info ] [ HEADER ] array (
  'host' => 'localhost',
  'connection' => 'keep-alive',
  'user-agent' => 'Mozilla/5.0 (Windows NT 10.0; WOW64) AppleWebKit/537.36 (KHTML, like Gecko) Chrome/67.0.3396.62 Safari/537.36',
  'accept' => 'image/webp,image/apng,image/*,*/*;q=0.8',
  'referer' => 'http://localhost/ArcticTern_1/activity/index/apply',
  'accept-encoding' => 'gzip, deflate, br',
  'accept-language' => 'zh-CN,zh;q=0.9',
)
[ info ] [ PARAM ] array (
)
[ info ] [ LOG ] INIT File
---------------------------------------------------------------
[ 2018-06-25T09:12:27+08:00 ] 0.0.0.0 GET /ArcticTern_1/activity/index/js/bootstrap.js
[ info ] localhost/ArcticTern_1/activity/index/js/bootstrap.js [运行时间：0.029041s][吞吐率：34.43req/s] [内存消耗：1,430.89kb] [文件加载：44]
[ info ] [ LANG ] D:\xampp\htdocs\ArcticTern_1\thinkphp\lang\zh-cn.php
[ info ] [ ROUTE ] array (
  'type' => 'module',
  'module' => 
  array (
    0 => 'activity',
    1 => 'index',
    2 => 'js',
  ),
)
[ info ] [ HEADER ] array (
  'host' => 'localhost',
  'connection' => 'keep-alive',
  'user-agent' => 'Mozilla/5.0 (Windows NT 10.0; WOW64) AppleWebKit/537.36 (KHTML, like Gecko) Chrome/67.0.3396.62 Safari/537.36',
  'accept' => '*/*',
  'referer' => 'http://localhost/ArcticTern_1/activity/index/apply',
  'accept-encoding' => 'gzip, deflate, br',
  'accept-language' => 'zh-CN,zh;q=0.9',
)
[ info ] [ PARAM ] array (
)
[ info ] [ LOG ] INIT File
---------------------------------------------------------------
[ 2018-06-25T09:12:27+08:00 ] 0.0.0.0 GET /ArcticTern_1/activity/index/js/index.js
[ info ] localhost/ArcticTern_1/activity/index/js/index.js [运行时间：0.024628s][吞吐率：40.60req/s] [内存消耗：1,430.91kb] [文件加载：44]
[ info ] [ LANG ] D:\xampp\htdocs\ArcticTern_1\thinkphp\lang\zh-cn.php
[ info ] [ ROUTE ] array (
  'type' => 'module',
  'module' => 
  array (
    0 => 'activity',
    1 => 'index',
    2 => 'js',
  ),
)
[ info ] [ HEADER ] array (
  'host' => 'localhost',
  'connection' => 'keep-alive',
  'user-agent' => 'Mozilla/5.0 (Windows NT 10.0; WOW64) AppleWebKit/537.36 (KHTML, like Gecko) Chrome/67.0.3396.62 Safari/537.36',
  'accept' => '*/*',
  'referer' => 'http://localhost/ArcticTern_1/activity/index/apply',
  'accept-encoding' => 'gzip, deflate, br',
  'accept-language' => 'zh-CN,zh;q=0.9',
)
[ info ] [ PARAM ] array (
)
[ info ] [ LOG ] INIT File
---------------------------------------------------------------
[ 2018-06-25T09:24:24+08:00 ] 0.0.0.0 GET /ArcticTern_1/trip_planning/index/create
[ info ] localhost/ArcticTern_1/trip_planning/index/create [运行时间：0.040379s][吞吐率：24.77req/s] [内存消耗：1,718.82kb] [文件加载：48]
[ info ] [ LANG ] D:\xampp\htdocs\ArcticTern_1\thinkphp\lang\zh-cn.php
[ info ] [ ROUTE ] array (
  'type' => 'module',
  'module' => 
  array (
    0 => 'trip_planning',
    1 => 'index',
    2 => 'create',
  ),
)
[ info ] [ HEADER ] array (
  'host' => 'localhost',
  'connection' => 'keep-alive',
  'upgrade-insecure-requests' => '1',
  'user-agent' => 'Mozilla/5.0 (Windows NT 10.0; WOW64) AppleWebKit/537.36 (KHTML, like Gecko) Chrome/67.0.3396.62 Safari/537.36',
  'accept' => 'text/html,application/xhtml+xml,application/xml;q=0.9,image/webp,image/apng,*/*;q=0.8',
  'accept-encoding' => 'gzip, deflate, br',
  'accept-language' => 'zh-CN,zh;q=0.9',
)
[ info ] [ PARAM ] array (
)
[ info ] [ RUN ] app\trip_planning\controller\Index->create[ D:\xampp\htdocs\ArcticTern_1\application\trip_planning\controller\Index.php ]
[ info ] [ VIEW ] D:\xampp\htdocs\ArcticTern_1/application/trip_planning\view\index\create.html [ array (
) ]
[ info ] [ LOG ] INIT File
---------------------------------------------------------------
[ 2018-06-25T09:24:26+08:00 ] 0.0.0.0 GET /ArcticTern_1/trip_planning/index/index.html
[ info ] localhost/ArcticTern_1/trip_planning/index/index.html [运行时间：0.034153s][吞吐率：29.28req/s] [内存消耗：1,898.31kb] [文件加载：50]
[ info ] [ LANG ] D:\xampp\htdocs\ArcticTern_1\thinkphp\lang\zh-cn.php
[ info ] [ ROUTE ] array (
  'type' => 'module',
  'module' => 
  array (
    0 => 'trip_planning',
    1 => 'index',
    2 => 'index',
  ),
)
[ info ] [ HEADER ] array (
  'host' => 'localhost',
  'connection' => 'keep-alive',
  'upgrade-insecure-requests' => '1',
  'user-agent' => 'Mozilla/5.0 (Windows NT 10.0; WOW64) AppleWebKit/537.36 (KHTML, like Gecko) Chrome/67.0.3396.62 Safari/537.36',
  'accept' => 'text/html,application/xhtml+xml,application/xml;q=0.9,image/webp,image/apng,*/*;q=0.8',
  'referer' => 'http://localhost/ArcticTern_1/trip_planning/index/create',
  'accept-encoding' => 'gzip, deflate, br',
  'accept-language' => 'zh-CN,zh;q=0.9',
  'cookie' => 'thinkphp_show_page_trace=0|0',
)
[ info ] [ PARAM ] array (
)
[ info ] [ RUN ] app\trip_planning\controller\Index->index[ D:\xampp\htdocs\ArcticTern_1\application\trip_planning\controller\Index.php ]
[ info ] [ VIEW ] D:\xampp\htdocs\ArcticTern_1/application/trip_planning\view\index\index.html [ array (
) ]
[ info ] [ LOG ] INIT File
---------------------------------------------------------------
[ 2018-06-25T09:43:12+08:00 ] 0.0.0.0 GET /ArcticTern_1/trip_planning/index/create
[ info ] localhost/ArcticTern_1/trip_planning/index/create [运行时间：0.036989s][吞吐率：27.04req/s] [内存消耗：1,719.15kb] [文件加载：48]
[ info ] [ LANG ] D:\xampp\htdocs\ArcticTern_1\thinkphp\lang\zh-cn.php
[ info ] [ ROUTE ] array (
  'type' => 'module',
  'module' => 
  array (
    0 => 'trip_planning',
    1 => 'index',
    2 => 'create',
  ),
)
[ info ] [ HEADER ] array (
  'host' => 'localhost',
  'connection' => 'keep-alive',
  'upgrade-insecure-requests' => '1',
  'user-agent' => 'Mozilla/5.0 (Windows NT 10.0; WOW64) AppleWebKit/537.36 (KHTML, like Gecko) Chrome/67.0.3396.62 Safari/537.36',
  'accept' => 'text/html,application/xhtml+xml,application/xml;q=0.9,image/webp,image/apng,*/*;q=0.8',
  'accept-encoding' => 'gzip, deflate, br',
  'accept-language' => 'zh-CN,zh;q=0.9',
  'cookie' => 'thinkphp_show_page_trace=0|0',
)
[ info ] [ PARAM ] array (
)
[ info ] [ RUN ] app\trip_planning\controller\Index->create[ D:\xampp\htdocs\ArcticTern_1\application\trip_planning\controller\Index.php ]
[ info ] [ VIEW ] D:\xampp\htdocs\ArcticTern_1/application/trip_planning\view\index\create.html [ array (
) ]
[ info ] [ LOG ] INIT File
---------------------------------------------------------------
[ 2018-06-25T09:43:26+08:00 ] 0.0.0.0 GET /ArcticTern_1/fingerpost/index/index.html
[ info ] localhost/ArcticTern_1/fingerpost/index/index.html [运行时间：0.031946s][吞吐率：31.30req/s] [内存消耗：1,734.04kb] [文件加载：48]
[ info ] [ LANG ] D:\xampp\htdocs\ArcticTern_1\thinkphp\lang\zh-cn.php
[ info ] [ ROUTE ] array (
  'type' => 'module',
  'module' => 
  array (
    0 => 'fingerpost',
    1 => 'index',
    2 => 'index',
  ),
)
[ info ] [ HEADER ] array (
  'host' => 'localhost',
  'connection' => 'keep-alive',
  'upgrade-insecure-requests' => '1',
  'user-agent' => 'Mozilla/5.0 (Windows NT 10.0; WOW64) AppleWebKit/537.36 (KHTML, like Gecko) Chrome/67.0.3396.62 Safari/537.36',
  'accept' => 'text/html,application/xhtml+xml,application/xml;q=0.9,image/webp,image/apng,*/*;q=0.8',
  'accept-encoding' => 'gzip, deflate, br',
  'accept-language' => 'zh-CN,zh;q=0.9',
)
[ info ] [ PARAM ] array (
)
[ info ] [ RUN ] app\fingerpost\controller\Index->index[ D:\xampp\htdocs\ArcticTern_1\application\fingerpost\controller\Index.php ]
[ info ] [ VIEW ] D:\xampp\htdocs\ArcticTern_1/application/fingerpost\view\index\index.html [ array (
) ]
[ info ] [ LOG ] INIT File
---------------------------------------------------------------
[ 2018-06-25T09:43:33+08:00 ] 0.0.0.0 GET /ArcticTern_1/login/index/index.html
[ info ] localhost/ArcticTern_1/login/index/index.html [运行时间：0.032431s][吞吐率：30.83req/s] [内存消耗：1,770.96kb] [文件加载：50]
[ info ] [ LANG ] D:\xampp\htdocs\ArcticTern_1\thinkphp\lang\zh-cn.php
[ info ] [ ROUTE ] array (
  'type' => 'module',
  'module' => 
  array (
    0 => 'login',
    1 => 'index',
    2 => 'index',
  ),
)
[ info ] [ HEADER ] array (
  'host' => 'localhost',
  'connection' => 'keep-alive',
  'upgrade-insecure-requests' => '1',
  'user-agent' => 'Mozilla/5.0 (Windows NT 10.0; WOW64) AppleWebKit/537.36 (KHTML, like Gecko) Chrome/67.0.3396.62 Safari/537.36',
  'accept' => 'text/html,application/xhtml+xml,application/xml;q=0.9,image/webp,image/apng,*/*;q=0.8',
  'accept-encoding' => 'gzip, deflate, br',
  'accept-language' => 'zh-CN,zh;q=0.9',
)
[ info ] [ PARAM ] array (
)
[ info ] [ RUN ] app\login\controller\Index->index[ D:\xampp\htdocs\ArcticTern_1\application\login\controller\Index.php ]
[ info ] [ VIEW ] D:\xampp\htdocs\ArcticTern_1/application/login\view\index\index.html [ array (
) ]
[ info ] [ LOG ] INIT File
---------------------------------------------------------------
[ 2018-06-25T09:43:46+08:00 ] 0.0.0.0 GET /ArcticTern_1/
[ info ] localhost/ArcticTern_1/ [运行时间：0.031170s][吞吐率：32.08req/s] [内存消耗：1,777.13kb] [文件加载：50]
[ info ] [ LANG ] D:\xampp\htdocs\ArcticTern_1\thinkphp\lang\zh-cn.php
[ info ] [ ROUTE ] array (
  'type' => 'module',
  'module' => 
  array (
    0 => '',
    1 => NULL,
    2 => NULL,
  ),
)
[ info ] [ HEADER ] array (
  'host' => 'localhost',
  'connection' => 'keep-alive',
  'upgrade-insecure-requests' => '1',
  'user-agent' => 'Mozilla/5.0 (Windows NT 10.0; WOW64) AppleWebKit/537.36 (KHTML, like Gecko) Chrome/67.0.3396.62 Safari/537.36',
  'accept' => 'text/html,application/xhtml+xml,application/xml;q=0.9,image/webp,image/apng,*/*;q=0.8',
  'accept-encoding' => 'gzip, deflate, br',
  'accept-language' => 'zh-CN,zh;q=0.9',
)
[ info ] [ PARAM ] array (
)
[ info ] [ RUN ] app\index\controller\Index->index[ D:\xampp\htdocs\ArcticTern_1\application\index\controller\Index.php ]
[ info ] [ VIEW ] D:\xampp\htdocs\ArcticTern_1/application/index\view\index\index.html [ array (
) ]
[ info ] [ LOG ] INIT File
---------------------------------------------------------------
[ 2018-06-25T09:43:47+08:00 ] 0.0.0.0 GET /ArcticTern_1/fingerpost/index/index.html
[ info ] localhost/ArcticTern_1/fingerpost/index/index.html [运行时间：0.032057s][吞吐率：31.19req/s] [内存消耗：1,734.80kb] [文件加载：48]
[ info ] [ LANG ] D:\xampp\htdocs\ArcticTern_1\thinkphp\lang\zh-cn.php
[ info ] [ ROUTE ] array (
  'type' => 'module',
  'module' => 
  array (
    0 => 'fingerpost',
    1 => 'index',
    2 => 'index',
  ),
)
[ info ] [ HEADER ] array (
  'host' => 'localhost',
  'connection' => 'keep-alive',
  'upgrade-insecure-requests' => '1',
  'user-agent' => 'Mozilla/5.0 (Windows NT 10.0; WOW64) AppleWebKit/537.36 (KHTML, like Gecko) Chrome/67.0.3396.62 Safari/537.36',
  'accept' => 'text/html,application/xhtml+xml,application/xml;q=0.9,image/webp,image/apng,*/*;q=0.8',
  'referer' => 'http://localhost/ArcticTern_1/',
  'accept-encoding' => 'gzip, deflate, br',
  'accept-language' => 'zh-CN,zh;q=0.9',
  'cookie' => 'thinkphp_show_page_trace=0|0; thinkphp_show_page_trace=0|0',
)
[ info ] [ PARAM ] array (
)
[ info ] [ RUN ] app\fingerpost\controller\Index->index[ D:\xampp\htdocs\ArcticTern_1\application\fingerpost\controller\Index.php ]
[ info ] [ VIEW ] D:\xampp\htdocs\ArcticTern_1/application/fingerpost\view\index\index.html [ array (
) ]
[ info ] [ LOG ] INIT File
---------------------------------------------------------------
[ 2018-06-25T10:11:25+08:00 ] 0.0.0.0 GET /ArcticTern_1/trip_planning/index/create
[ info ] localhost/ArcticTern_1/trip_planning/index/create [运行时间：0.050338s][吞吐率：19.87req/s] [内存消耗：1,719.30kb] [文件加载：48]
[ info ] [ LANG ] D:\xampp\htdocs\ArcticTern_1\thinkphp\lang\zh-cn.php
[ info ] [ ROUTE ] array (
  'type' => 'module',
  'module' => 
  array (
    0 => 'trip_planning',
    1 => 'index',
    2 => 'create',
  ),
)
[ info ] [ HEADER ] array (
  'host' => 'localhost',
  'connection' => 'keep-alive',
  'upgrade-insecure-requests' => '1',
  'user-agent' => 'Mozilla/5.0 (Windows NT 10.0; WOW64) AppleWebKit/537.36 (KHTML, like Gecko) Chrome/67.0.3396.62 Safari/537.36',
  'accept' => 'text/html,application/xhtml+xml,application/xml;q=0.9,image/webp,image/apng,*/*;q=0.8',
  'accept-encoding' => 'gzip, deflate, br',
  'accept-language' => 'zh-CN,zh;q=0.9',
  'cookie' => 'thinkphp_show_page_trace=0|0; thinkphp_show_page_trace=0|0',
)
[ info ] [ PARAM ] array (
)
[ info ] [ RUN ] app\trip_planning\controller\Index->create[ D:\xampp\htdocs\ArcticTern_1\application\trip_planning\controller\Index.php ]
[ info ] [ VIEW ] D:\xampp\htdocs\ArcticTern_1/application/trip_planning\view\index\create.html [ array (
) ]
[ info ] [ LOG ] INIT File
