---------------------------------------------------------------
[ 2018-07-06T08:02:33+08:00 ] 0.0.0.0 GET /ArcticTern_1/
[ info ] localhost/ArcticTern_1/ [运行时间：0.493556s][吞吐率：2.03req/s] [内存消耗：1,777.87kb] [文件加载：50]
[ info ] [ LANG ] D:\xampp\htdocs\ArcticTern_1\thinkphp\lang\zh-cn.php
[ info ] [ ROUTE ] array (
  'type' => 'module',
  'module' => 
  array (
    0 => '',
    1 => NULL,
    2 => NULL,
  ),
)
[ info ] [ HEADER ] array (
  'host' => 'localhost',
  'connection' => 'keep-alive',
  'upgrade-insecure-requests' => '1',
  'user-agent' => 'Mozilla/5.0 (Windows NT 10.0; WOW64) AppleWebKit/537.36 (KHTML, like Gecko) Chrome/67.0.3396.62 Safari/537.36',
  'accept' => 'text/html,application/xhtml+xml,application/xml;q=0.9,image/webp,image/apng,*/*;q=0.8',
  'accept-encoding' => 'gzip, deflate, br',
  'accept-language' => 'zh-CN,zh;q=0.9',
)
[ info ] [ PARAM ] array (
)
[ info ] [ RUN ] app\index\controller\Index->index[ D:\xampp\htdocs\ArcticTern_1\application\index\controller\Index.php ]
[ info ] [ VIEW ] D:\xampp\htdocs\ArcticTern_1/application/index\view\index\index.html [ array (
) ]
[ info ] [ LOG ] INIT File
---------------------------------------------------------------
[ 2018-07-06T08:02:56+08:00 ] 0.0.0.0 GET /ArcticTern_1/trip_planning/index/index.html
[ info ] localhost/ArcticTern_1/trip_planning/index/index.html [运行时间：0.133455s][吞吐率：7.49req/s] [内存消耗：1,727.39kb] [文件加载：48]
[ info ] [ LANG ] D:\xampp\htdocs\ArcticTern_1\thinkphp\lang\zh-cn.php
[ info ] [ ROUTE ] array (
  'type' => 'module',
  'module' => 
  array (
    0 => 'trip_planning',
    1 => 'index',
    2 => 'index',
  ),
)
[ info ] [ HEADER ] array (
  'host' => 'localhost',
  'connection' => 'keep-alive',
  'upgrade-insecure-requests' => '1',
  'user-agent' => 'Mozilla/5.0 (Windows NT 10.0; WOW64) AppleWebKit/537.36 (KHTML, like Gecko) Chrome/67.0.3396.62 Safari/537.36',
  'accept' => 'text/html,application/xhtml+xml,application/xml;q=0.9,image/webp,image/apng,*/*;q=0.8',
  'referer' => 'http://localhost/ArcticTern_1/',
  'accept-encoding' => 'gzip, deflate, br',
  'accept-language' => 'zh-CN,zh;q=0.9',
  'cookie' => 'thinkphp_show_page_trace=0|0',
)
[ info ] [ PARAM ] array (
)
[ info ] [ RUN ] app\trip_planning\controller\Index->index[ D:\xampp\htdocs\ArcticTern_1\application\trip_planning\controller\Index.php ]
[ info ] [ VIEW ] D:\xampp\htdocs\ArcticTern_1/application/trip_planning\view\index\index.html [ array (
) ]
[ info ] [ LOG ] INIT File
---------------------------------------------------------------
[ 2018-07-06T08:03:00+08:00 ] 0.0.0.0 GET /ArcticTern_1/destination/index/index.html
[ info ] localhost/ArcticTern_1/destination/index/index.html [运行时间：0.155493s][吞吐率：6.43req/s] [内存消耗：1,936.09kb] [文件加载：48]
[ info ] [ LANG ] D:\xampp\htdocs\ArcticTern_1\thinkphp\lang\zh-cn.php
[ info ] [ ROUTE ] array (
  'type' => 'module',
  'module' => 
  array (
    0 => 'destination',
    1 => 'index',
    2 => 'index',
  ),
)
[ info ] [ HEADER ] array (
  'host' => 'localhost',
  'connection' => 'keep-alive',
  'upgrade-insecure-requests' => '1',
  'user-agent' => 'Mozilla/5.0 (Windows NT 10.0; WOW64) AppleWebKit/537.36 (KHTML, like Gecko) Chrome/67.0.3396.62 Safari/537.36',
  'accept' => 'text/html,application/xhtml+xml,application/xml;q=0.9,image/webp,image/apng,*/*;q=0.8',
  'referer' => 'http://localhost/ArcticTern_1/trip_planning/index/index.html',
  'accept-encoding' => 'gzip, deflate, br',
  'accept-language' => 'zh-CN,zh;q=0.9',
  'cookie' => 'thinkphp_show_page_trace=0|0',
)
[ info ] [ PARAM ] array (
)
[ info ] [ RUN ] app\destination\controller\Index->index[ D:\xampp\htdocs\ArcticTern_1\application\destination\controller\Index.php ]
[ info ] [ VIEW ] D:\xampp\htdocs\ArcticTern_1/application/destination\view\index\index.html [ array (
) ]
[ info ] [ LOG ] INIT File
---------------------------------------------------------------
[ 2018-07-06T08:03:02+08:00 ] 0.0.0.0 GET /ArcticTern_1/fingerpost/index/index.html
[ info ] localhost/ArcticTern_1/fingerpost/index/index.html [运行时间：0.071903s][吞吐率：13.91req/s] [内存消耗：1,738.60kb] [文件加载：48]
[ info ] [ LANG ] D:\xampp\htdocs\ArcticTern_1\thinkphp\lang\zh-cn.php
[ info ] [ ROUTE ] array (
  'type' => 'module',
  'module' => 
  array (
    0 => 'fingerpost',
    1 => 'index',
    2 => 'index',
  ),
)
[ info ] [ HEADER ] array (
  'host' => 'localhost',
  'connection' => 'keep-alive',
  'upgrade-insecure-requests' => '1',
  'user-agent' => 'Mozilla/5.0 (Windows NT 10.0; WOW64) AppleWebKit/537.36 (KHTML, like Gecko) Chrome/67.0.3396.62 Safari/537.36',
  'accept' => 'text/html,application/xhtml+xml,application/xml;q=0.9,image/webp,image/apng,*/*;q=0.8',
  'referer' => 'http://localhost/ArcticTern_1/destination/index/index.html',
  'accept-encoding' => 'gzip, deflate, br',
  'accept-language' => 'zh-CN,zh;q=0.9',
  'cookie' => 'thinkphp_show_page_trace=0|0',
)
[ info ] [ PARAM ] array (
)
[ info ] [ RUN ] app\fingerpost\controller\Index->index[ D:\xampp\htdocs\ArcticTern_1\application\fingerpost\controller\Index.php ]
[ info ] [ VIEW ] D:\xampp\htdocs\ArcticTern_1/application/fingerpost\view\index\index.html [ array (
) ]
[ info ] [ LOG ] INIT File
---------------------------------------------------------------
[ 2018-07-06T08:03:07+08:00 ] 0.0.0.0 GET /ArcticTern_1/activity/index/index.html
[ info ] localhost/ArcticTern_1/activity/index/index.html [运行时间：0.143916s][吞吐率：6.95req/s] [内存消耗：1,730.70kb] [文件加载：48]
[ info ] [ LANG ] D:\xampp\htdocs\ArcticTern_1\thinkphp\lang\zh-cn.php
[ info ] [ ROUTE ] array (
  'type' => 'module',
  'module' => 
  array (
    0 => 'activity',
    1 => 'index',
    2 => 'index',
  ),
)
[ info ] [ HEADER ] array (
  'host' => 'localhost',
  'connection' => 'keep-alive',
  'upgrade-insecure-requests' => '1',
  'user-agent' => 'Mozilla/5.0 (Windows NT 10.0; WOW64) AppleWebKit/537.36 (KHTML, like Gecko) Chrome/67.0.3396.62 Safari/537.36',
  'accept' => 'text/html,application/xhtml+xml,application/xml;q=0.9,image/webp,image/apng,*/*;q=0.8',
  'referer' => 'http://localhost/ArcticTern_1/fingerpost/index/index.html',
  'accept-encoding' => 'gzip, deflate, br',
  'accept-language' => 'zh-CN,zh;q=0.9',
  'cookie' => 'thinkphp_show_page_trace=0|0',
)
[ info ] [ PARAM ] array (
)
[ info ] [ RUN ] app\activity\controller\Index->index[ D:\xampp\htdocs\ArcticTern_1\application\activity\controller\Index.php ]
[ info ] [ VIEW ] D:\xampp\htdocs\ArcticTern_1/application/activity\view\index\index.html [ array (
) ]
[ info ] [ LOG ] INIT File
---------------------------------------------------------------
[ 2018-07-06T08:03:16+08:00 ] 0.0.0.0 GET /ArcticTern_1/about/index/index.html
[ info ] localhost/ArcticTern_1/about/index/index.html [运行时间：0.123191s][吞吐率：8.12req/s] [内存消耗：1,714.02kb] [文件加载：48]
[ info ] [ LANG ] D:\xampp\htdocs\ArcticTern_1\thinkphp\lang\zh-cn.php
[ info ] [ ROUTE ] array (
  'type' => 'module',
  'module' => 
  array (
    0 => 'about',
    1 => 'index',
    2 => 'index',
  ),
)
[ info ] [ HEADER ] array (
  'host' => 'localhost',
  'connection' => 'keep-alive',
  'upgrade-insecure-requests' => '1',
  'user-agent' => 'Mozilla/5.0 (Windows NT 10.0; WOW64) AppleWebKit/537.36 (KHTML, like Gecko) Chrome/67.0.3396.62 Safari/537.36',
  'accept' => 'text/html,application/xhtml+xml,application/xml;q=0.9,image/webp,image/apng,*/*;q=0.8',
  'referer' => 'http://localhost/ArcticTern_1/activity/index/index.html',
  'accept-encoding' => 'gzip, deflate, br',
  'accept-language' => 'zh-CN,zh;q=0.9',
  'cookie' => 'thinkphp_show_page_trace=0|0',
)
[ info ] [ PARAM ] array (
)
[ info ] [ RUN ] app\about\controller\Index->index[ D:\xampp\htdocs\ArcticTern_1\application\about\controller\Index.php ]
[ info ] [ VIEW ] D:\xampp\htdocs\ArcticTern_1/application/about\view\index\index.html [ array (
) ]
[ info ] [ LOG ] INIT File
---------------------------------------------------------------
[ 2018-07-06T08:03:21+08:00 ] 0.0.0.0 GET /ArcticTern_1/about/index/index.html
[ info ] localhost/ArcticTern_1/about/index/index.html [运行时间：0.022023s][吞吐率：45.41req/s] [内存消耗：1,714.11kb] [文件加载：48]
[ info ] [ LANG ] D:\xampp\htdocs\ArcticTern_1\thinkphp\lang\zh-cn.php
[ info ] [ ROUTE ] array (
  'type' => 'module',
  'module' => 
  array (
    0 => 'about',
    1 => 'index',
    2 => 'index',
  ),
)
[ info ] [ HEADER ] array (
  'host' => 'localhost',
  'connection' => 'keep-alive',
  'upgrade-insecure-requests' => '1',
  'user-agent' => 'Mozilla/5.0 (Windows NT 10.0; WOW64) AppleWebKit/537.36 (KHTML, like Gecko) Chrome/67.0.3396.62 Safari/537.36',
  'accept' => 'text/html,application/xhtml+xml,application/xml;q=0.9,image/webp,image/apng,*/*;q=0.8',
  'referer' => 'http://localhost/ArcticTern_1/about/index/index.html',
  'accept-encoding' => 'gzip, deflate, br',
  'accept-language' => 'zh-CN,zh;q=0.9',
  'cookie' => 'thinkphp_show_page_trace=0|0; thinkphp_show_page_trace=0|0',
)
[ info ] [ PARAM ] array (
)
[ info ] [ RUN ] app\about\controller\Index->index[ D:\xampp\htdocs\ArcticTern_1\application\about\controller\Index.php ]
[ info ] [ VIEW ] D:\xampp\htdocs\ArcticTern_1/application/about\view\index\index.html [ array (
) ]
[ info ] [ LOG ] INIT File
---------------------------------------------------------------
[ 2018-07-06T08:03:22+08:00 ] 0.0.0.0 GET /ArcticTern_1/activity/index/index.html
[ info ] localhost/ArcticTern_1/activity/index/index.html [运行时间：0.022607s][吞吐率：44.23req/s] [内存消耗：1,730.71kb] [文件加载：48]
[ info ] [ LANG ] D:\xampp\htdocs\ArcticTern_1\thinkphp\lang\zh-cn.php
[ info ] [ ROUTE ] array (
  'type' => 'module',
  'module' => 
  array (
    0 => 'activity',
    1 => 'index',
    2 => 'index',
  ),
)
[ info ] [ HEADER ] array (
  'host' => 'localhost',
  'connection' => 'keep-alive',
  'upgrade-insecure-requests' => '1',
  'user-agent' => 'Mozilla/5.0 (Windows NT 10.0; WOW64) AppleWebKit/537.36 (KHTML, like Gecko) Chrome/67.0.3396.62 Safari/537.36',
  'accept' => 'text/html,application/xhtml+xml,application/xml;q=0.9,image/webp,image/apng,*/*;q=0.8',
  'referer' => 'http://localhost/ArcticTern_1/about/index/index.html',
  'accept-encoding' => 'gzip, deflate, br',
  'accept-language' => 'zh-CN,zh;q=0.9',
  'cookie' => 'thinkphp_show_page_trace=0|0; thinkphp_show_page_trace=0|0',
)
[ info ] [ PARAM ] array (
)
[ info ] [ RUN ] app\activity\controller\Index->index[ D:\xampp\htdocs\ArcticTern_1\application\activity\controller\Index.php ]
[ info ] [ VIEW ] D:\xampp\htdocs\ArcticTern_1/application/activity\view\index\index.html [ array (
) ]
[ info ] [ LOG ] INIT File
---------------------------------------------------------------
[ 2018-07-06T08:03:34+08:00 ] 0.0.0.0 GET /ArcticTern_1/activity/index/index.html
[ info ] localhost/ArcticTern_1/activity/index/index.html [运行时间：0.026136s][吞吐率：38.26req/s] [内存消耗：1,730.66kb] [文件加载：48]
[ info ] [ LANG ] D:\xampp\htdocs\ArcticTern_1\thinkphp\lang\zh-cn.php
[ info ] [ ROUTE ] array (
  'type' => 'module',
  'module' => 
  array (
    0 => 'activity',
    1 => 'index',
    2 => 'index',
  ),
)
[ info ] [ HEADER ] array (
  'host' => 'localhost',
  'connection' => 'keep-alive',
  'cache-control' => 'max-age=0',
  'upgrade-insecure-requests' => '1',
  'user-agent' => 'Mozilla/5.0 (Windows NT 10.0; WOW64) AppleWebKit/537.36 (KHTML, like Gecko) Chrome/67.0.3396.62 Safari/537.36',
  'accept' => 'text/html,application/xhtml+xml,application/xml;q=0.9,image/webp,image/apng,*/*;q=0.8',
  'accept-encoding' => 'gzip, deflate, br',
  'accept-language' => 'zh-CN,zh;q=0.9',
  'cookie' => 'thinkphp_show_page_trace=0|0; thinkphp_show_page_trace=0|0',
)
[ info ] [ PARAM ] array (
)
[ info ] [ RUN ] app\activity\controller\Index->index[ D:\xampp\htdocs\ArcticTern_1\application\activity\controller\Index.php ]
[ info ] [ VIEW ] D:\xampp\htdocs\ArcticTern_1/application/activity\view\index\index.html [ array (
) ]
[ info ] [ LOG ] INIT File
---------------------------------------------------------------
[ 2018-07-06T08:04:53+08:00 ] 0.0.0.0 GET /ArcticTern_1/index/index/index.html
[ info ] localhost/ArcticTern_1/index/index/index.html [运行时间：0.029065s][吞吐率：34.41req/s] [内存消耗：1,778.52kb] [文件加载：50]
[ info ] [ LANG ] D:\xampp\htdocs\ArcticTern_1\thinkphp\lang\zh-cn.php
[ info ] [ ROUTE ] array (
  'type' => 'module',
  'module' => 
  array (
    0 => 'index',
    1 => 'index',
    2 => 'index',
  ),
)
[ info ] [ HEADER ] array (
  'host' => 'localhost',
  'connection' => 'keep-alive',
  'upgrade-insecure-requests' => '1',
  'user-agent' => 'Mozilla/5.0 (Windows NT 10.0; WOW64) AppleWebKit/537.36 (KHTML, like Gecko) Chrome/67.0.3396.62 Safari/537.36',
  'accept' => 'text/html,application/xhtml+xml,application/xml;q=0.9,image/webp,image/apng,*/*;q=0.8',
  'referer' => 'http://localhost/ArcticTern_1/activity/index/index.html',
  'accept-encoding' => 'gzip, deflate, br',
  'accept-language' => 'zh-CN,zh;q=0.9',
  'cookie' => 'thinkphp_show_page_trace=0|0',
)
[ info ] [ PARAM ] array (
)
[ info ] [ RUN ] app\index\controller\Index->index[ D:\xampp\htdocs\ArcticTern_1\application\index\controller\Index.php ]
[ info ] [ VIEW ] D:\xampp\htdocs\ArcticTern_1/application/index\view\index\index.html [ array (
) ]
[ info ] [ LOG ] INIT File
---------------------------------------------------------------
[ 2018-07-06T08:07:59+08:00 ] 0.0.0.0 GET /ArcticTern_1/trip_planning/index/index.html
[ info ] localhost/ArcticTern_1/trip_planning/index/index.html [运行时间：0.027659s][吞吐率：36.15req/s] [内存消耗：1,727.63kb] [文件加载：48]
[ info ] [ LANG ] D:\xampp\htdocs\ArcticTern_1\thinkphp\lang\zh-cn.php
[ info ] [ ROUTE ] array (
  'type' => 'module',
  'module' => 
  array (
    0 => 'trip_planning',
    1 => 'index',
    2 => 'index',
  ),
)
[ info ] [ HEADER ] array (
  'host' => 'localhost',
  'connection' => 'keep-alive',
  'upgrade-insecure-requests' => '1',
  'user-agent' => 'Mozilla/5.0 (Windows NT 10.0; WOW64) AppleWebKit/537.36 (KHTML, like Gecko) Chrome/67.0.3396.62 Safari/537.36',
  'accept' => 'text/html,application/xhtml+xml,application/xml;q=0.9,image/webp,image/apng,*/*;q=0.8',
  'referer' => 'http://localhost/ArcticTern_1/index/index/index.html',
  'accept-encoding' => 'gzip, deflate, br',
  'accept-language' => 'zh-CN,zh;q=0.9',
  'cookie' => 'thinkphp_show_page_trace=0|0; thinkphp_show_page_trace=0|0',
)
[ info ] [ PARAM ] array (
)
[ info ] [ RUN ] app\trip_planning\controller\Index->index[ D:\xampp\htdocs\ArcticTern_1\application\trip_planning\controller\Index.php ]
[ info ] [ VIEW ] D:\xampp\htdocs\ArcticTern_1/application/trip_planning\view\index\index.html [ array (
) ]
[ info ] [ LOG ] INIT File
---------------------------------------------------------------
[ 2018-07-06T08:08:07+08:00 ] 0.0.0.0 GET /ArcticTern_1/trip_planning/index/create.html
[ info ] localhost/ArcticTern_1/trip_planning/index/create.html [运行时间：0.156609s][吞吐率：6.39req/s] [内存消耗：1,723.60kb] [文件加载：48]
[ info ] [ LANG ] D:\xampp\htdocs\ArcticTern_1\thinkphp\lang\zh-cn.php
[ info ] [ ROUTE ] array (
  'type' => 'module',
  'module' => 
  array (
    0 => 'trip_planning',
    1 => 'index',
    2 => 'create',
  ),
)
[ info ] [ HEADER ] array (
  'host' => 'localhost',
  'connection' => 'keep-alive',
  'upgrade-insecure-requests' => '1',
  'user-agent' => 'Mozilla/5.0 (Windows NT 10.0; WOW64) AppleWebKit/537.36 (KHTML, like Gecko) Chrome/67.0.3396.62 Safari/537.36',
  'accept' => 'text/html,application/xhtml+xml,application/xml;q=0.9,image/webp,image/apng,*/*;q=0.8',
  'referer' => 'http://localhost/ArcticTern_1/trip_planning/index/index.html',
  'accept-encoding' => 'gzip, deflate, br',
  'accept-language' => 'zh-CN,zh;q=0.9',
  'cookie' => 'thinkphp_show_page_trace=0|0; thinkphp_show_page_trace=0|0',
)
[ info ] [ PARAM ] array (
)
[ info ] [ RUN ] app\trip_planning\controller\Index->create[ D:\xampp\htdocs\ArcticTern_1\application\trip_planning\controller\Index.php ]
[ info ] [ VIEW ] D:\xampp\htdocs\ArcticTern_1/application/trip_planning\view\index\create.html [ array (
) ]
[ info ] [ LOG ] INIT File
---------------------------------------------------------------
[ 2018-07-06T08:10:09+08:00 ] 0.0.0.0 GET /ArcticTern_1/trip_planning/index/create.html
[ info ] localhost/ArcticTern_1/trip_planning/index/create.html [运行时间：0.029170s][吞吐率：34.28req/s] [内存消耗：1,723.48kb] [文件加载：48]
[ info ] [ LANG ] D:\xampp\htdocs\ArcticTern_1\thinkphp\lang\zh-cn.php
[ info ] [ ROUTE ] array (
  'type' => 'module',
  'module' => 
  array (
    0 => 'trip_planning',
    1 => 'index',
    2 => 'create',
  ),
)
[ info ] [ HEADER ] array (
  'host' => 'localhost',
  'connection' => 'keep-alive',
  'cache-control' => 'max-age=0',
  'upgrade-insecure-requests' => '1',
  'user-agent' => 'Mozilla/5.0 (Windows NT 10.0; WOW64) AppleWebKit/537.36 (KHTML, like Gecko) Chrome/67.0.3396.62 Safari/537.36',
  'accept' => 'text/html,application/xhtml+xml,application/xml;q=0.9,image/webp,image/apng,*/*;q=0.8',
  'accept-encoding' => 'gzip, deflate, br',
  'accept-language' => 'zh-CN,zh;q=0.9',
  'cookie' => 'thinkphp_show_page_trace=0|0; thinkphp_show_page_trace=0|0',
)
[ info ] [ PARAM ] array (
)
[ info ] [ RUN ] app\trip_planning\controller\Index->create[ D:\xampp\htdocs\ArcticTern_1\application\trip_planning\controller\Index.php ]
[ info ] [ VIEW ] D:\xampp\htdocs\ArcticTern_1/application/trip_planning\view\index\create.html [ array (
) ]
[ info ] [ LOG ] INIT File
---------------------------------------------------------------
[ 2018-07-06T08:10:24+08:00 ] 0.0.0.0 GET /ArcticTern_1/trip_planning/index/create.html
[ info ] localhost/ArcticTern_1/trip_planning/index/create.html [运行时间：0.027315s][吞吐率：36.61req/s] [内存消耗：1,723.08kb] [文件加载：48]
[ info ] [ LANG ] D:\xampp\htdocs\ArcticTern_1\thinkphp\lang\zh-cn.php
[ info ] [ ROUTE ] array (
  'type' => 'module',
  'module' => 
  array (
    0 => 'trip_planning',
    1 => 'index',
    2 => 'create',
  ),
)
[ info ] [ HEADER ] array (
  'host' => 'localhost',
  'connection' => 'keep-alive',
  'cache-control' => 'max-age=0',
  'upgrade-insecure-requests' => '1',
  'user-agent' => 'Mozilla/5.0 (Windows NT 10.0; WOW64) AppleWebKit/537.36 (KHTML, like Gecko) Chrome/67.0.3396.62 Safari/537.36',
  'accept' => 'text/html,application/xhtml+xml,application/xml;q=0.9,image/webp,image/apng,*/*;q=0.8',
  'accept-encoding' => 'gzip, deflate, br',
  'accept-language' => 'zh-CN,zh;q=0.9',
)
[ info ] [ PARAM ] array (
)
[ info ] [ RUN ] app\trip_planning\controller\Index->create[ D:\xampp\htdocs\ArcticTern_1\application\trip_planning\controller\Index.php ]
[ info ] [ VIEW ] D:\xampp\htdocs\ArcticTern_1/application/trip_planning\view\index\create.html [ array (
) ]
[ info ] [ LOG ] INIT File
---------------------------------------------------------------
[ 2018-07-06T08:10:36+08:00 ] 0.0.0.0 GET /ArcticTern_1/trip_planning/index/create.html
[ info ] localhost/ArcticTern_1/trip_planning/index/create.html [运行时间：0.027788s][吞吐率：35.99req/s] [内存消耗：1,723.52kb] [文件加载：48]
[ info ] [ LANG ] D:\xampp\htdocs\ArcticTern_1\thinkphp\lang\zh-cn.php
[ info ] [ ROUTE ] array (
  'type' => 'module',
  'module' => 
  array (
    0 => 'trip_planning',
    1 => 'index',
    2 => 'create',
  ),
)
[ info ] [ HEADER ] array (
  'host' => 'localhost',
  'connection' => 'keep-alive',
  'cache-control' => 'max-age=0',
  'upgrade-insecure-requests' => '1',
  'user-agent' => 'Mozilla/5.0 (Windows NT 10.0; WOW64) AppleWebKit/537.36 (KHTML, like Gecko) Chrome/67.0.3396.62 Safari/537.36',
  'accept' => 'text/html,application/xhtml+xml,application/xml;q=0.9,image/webp,image/apng,*/*;q=0.8',
  'accept-encoding' => 'gzip, deflate, br',
  'accept-language' => 'zh-CN,zh;q=0.9',
  'cookie' => 'thinkphp_show_page_trace=0|0',
)
[ info ] [ PARAM ] array (
)
[ info ] [ RUN ] app\trip_planning\controller\Index->create[ D:\xampp\htdocs\ArcticTern_1\application\trip_planning\controller\Index.php ]
[ info ] [ VIEW ] D:\xampp\htdocs\ArcticTern_1/application/trip_planning\view\index\create.html [ array (
) ]
[ info ] [ LOG ] INIT File
---------------------------------------------------------------
[ 2018-07-06T08:11:41+08:00 ] 0.0.0.0 GET /ArcticTern_1/about/index/index.html
[ info ] localhost/ArcticTern_1/about/index/index.html [运行时间：0.021323s][吞吐率：46.90req/s] [内存消耗：1,713.70kb] [文件加载：48]
[ info ] [ LANG ] D:\xampp\htdocs\ArcticTern_1\thinkphp\lang\zh-cn.php
[ info ] [ ROUTE ] array (
  'type' => 'module',
  'module' => 
  array (
    0 => 'about',
    1 => 'index',
    2 => 'index',
  ),
)
[ info ] [ HEADER ] array (
  'host' => 'localhost',
  'connection' => 'keep-alive',
  'upgrade-insecure-requests' => '1',
  'user-agent' => 'Mozilla/5.0 (Windows NT 10.0; WOW64) AppleWebKit/537.36 (KHTML, like Gecko) Chrome/67.0.3396.62 Safari/537.36',
  'accept' => 'text/html,application/xhtml+xml,application/xml;q=0.9,image/webp,image/apng,*/*;q=0.8',
  'referer' => 'http://localhost/ArcticTern_1/trip_planning/index/create.html',
  'accept-encoding' => 'gzip, deflate, br',
  'accept-language' => 'zh-CN,zh;q=0.9',
)
[ info ] [ PARAM ] array (
)
[ info ] [ RUN ] app\about\controller\Index->index[ D:\xampp\htdocs\ArcticTern_1\application\about\controller\Index.php ]
[ info ] [ VIEW ] D:\xampp\htdocs\ArcticTern_1/application/about\view\index\index.html [ array (
) ]
[ info ] [ LOG ] INIT File
---------------------------------------------------------------
[ 2018-07-06T08:11:43+08:00 ] 0.0.0.0 GET /ArcticTern_1/activity/index/index.html
[ info ] localhost/ArcticTern_1/activity/index/index.html [运行时间：0.029094s][吞吐率：34.37req/s] [内存消耗：1,730.39kb] [文件加载：48]
[ info ] [ LANG ] D:\xampp\htdocs\ArcticTern_1\thinkphp\lang\zh-cn.php
[ info ] [ ROUTE ] array (
  'type' => 'module',
  'module' => 
  array (
    0 => 'activity',
    1 => 'index',
    2 => 'index',
  ),
)
[ info ] [ HEADER ] array (
  'host' => 'localhost',
  'connection' => 'keep-alive',
  'upgrade-insecure-requests' => '1',
  'user-agent' => 'Mozilla/5.0 (Windows NT 10.0; WOW64) AppleWebKit/537.36 (KHTML, like Gecko) Chrome/67.0.3396.62 Safari/537.36',
  'accept' => 'text/html,application/xhtml+xml,application/xml;q=0.9,image/webp,image/apng,*/*;q=0.8',
  'referer' => 'http://localhost/ArcticTern_1/about/index/index.html',
  'accept-encoding' => 'gzip, deflate, br',
  'accept-language' => 'zh-CN,zh;q=0.9',
)
[ info ] [ PARAM ] array (
)
[ info ] [ RUN ] app\activity\controller\Index->index[ D:\xampp\htdocs\ArcticTern_1\application\activity\controller\Index.php ]
[ info ] [ VIEW ] D:\xampp\htdocs\ArcticTern_1/application/activity\view\index\index.html [ array (
) ]
[ info ] [ LOG ] INIT File
---------------------------------------------------------------
[ 2018-07-06T08:11:45+08:00 ] 0.0.0.0 GET /ArcticTern_1/activity/index/apply.html
[ info ] localhost/ArcticTern_1/activity/index/apply.html [运行时间：0.155712s][吞吐率：6.42req/s] [内存消耗：1,734.80kb] [文件加载：48]
[ info ] [ LANG ] D:\xampp\htdocs\ArcticTern_1\thinkphp\lang\zh-cn.php
[ info ] [ ROUTE ] array (
  'type' => 'module',
  'module' => 
  array (
    0 => 'activity',
    1 => 'index',
    2 => 'apply',
  ),
)
[ info ] [ HEADER ] array (
  'host' => 'localhost',
  'connection' => 'keep-alive',
  'upgrade-insecure-requests' => '1',
  'user-agent' => 'Mozilla/5.0 (Windows NT 10.0; WOW64) AppleWebKit/537.36 (KHTML, like Gecko) Chrome/67.0.3396.62 Safari/537.36',
  'accept' => 'text/html,application/xhtml+xml,application/xml;q=0.9,image/webp,image/apng,*/*;q=0.8',
  'referer' => 'http://localhost/ArcticTern_1/activity/index/index.html',
  'accept-encoding' => 'gzip, deflate, br',
  'accept-language' => 'zh-CN,zh;q=0.9',
  'cookie' => 'thinkphp_show_page_trace=0|0',
)
[ info ] [ PARAM ] array (
)
[ info ] [ RUN ] app\activity\controller\Index->apply[ D:\xampp\htdocs\ArcticTern_1\application\activity\controller\Index.php ]
[ info ] [ VIEW ] D:\xampp\htdocs\ArcticTern_1/application/activity\view\index\apply.html [ array (
) ]
[ info ] [ LOG ] INIT File
---------------------------------------------------------------
[ 2018-07-06T08:20:44+08:00 ] 0.0.0.0 GET /ArcticTern_1/activity/index/index.html
[ info ] localhost/ArcticTern_1/activity/index/index.html [运行时间：0.182059s][吞吐率：5.49req/s] [内存消耗：1,919.67kb] [文件加载：50]
[ info ] [ LANG ] D:\xampp\htdocs\ArcticTern_1\thinkphp\lang\zh-cn.php
[ info ] [ ROUTE ] array (
  'type' => 'module',
  'module' => 
  array (
    0 => 'activity',
    1 => 'index',
    2 => 'index',
  ),
)
[ info ] [ HEADER ] array (
  'host' => 'localhost',
  'connection' => 'keep-alive',
  'upgrade-insecure-requests' => '1',
  'user-agent' => 'Mozilla/5.0 (Windows NT 10.0; WOW64) AppleWebKit/537.36 (KHTML, like Gecko) Chrome/67.0.3396.62 Safari/537.36',
  'accept' => 'text/html,application/xhtml+xml,application/xml;q=0.9,image/webp,image/apng,*/*;q=0.8',
  'referer' => 'http://localhost/ArcticTern_1/activity/index/apply.html',
  'accept-encoding' => 'gzip, deflate, br',
  'accept-language' => 'zh-CN,zh;q=0.9',
  'cookie' => 'thinkphp_show_page_trace=0|0',
)
[ info ] [ PARAM ] array (
)
[ info ] [ RUN ] app\activity\controller\Index->index[ D:\xampp\htdocs\ArcticTern_1\application\activity\controller\Index.php ]
[ info ] [ VIEW ] D:\xampp\htdocs\ArcticTern_1/application/activity\view\index\index.html [ array (
) ]
[ info ] [ LOG ] INIT File
---------------------------------------------------------------
[ 2018-07-06T08:20:59+08:00 ] 0.0.0.0 GET /ArcticTern_1/activity/index/index.html
[ info ] localhost/ArcticTern_1/activity/index/index.html [运行时间：0.021981s][吞吐率：45.49req/s] [内存消耗：1,730.26kb] [文件加载：48]
[ info ] [ LANG ] D:\xampp\htdocs\ArcticTern_1\thinkphp\lang\zh-cn.php
[ info ] [ ROUTE ] array (
  'type' => 'module',
  'module' => 
  array (
    0 => 'activity',
    1 => 'index',
    2 => 'index',
  ),
)
[ info ] [ HEADER ] array (
  'host' => 'localhost',
  'connection' => 'keep-alive',
  'cache-control' => 'max-age=0',
  'upgrade-insecure-requests' => '1',
  'user-agent' => 'Mozilla/5.0 (Windows NT 10.0; WOW64) AppleWebKit/537.36 (KHTML, like Gecko) Chrome/67.0.3396.62 Safari/537.36',
  'accept' => 'text/html,application/xhtml+xml,application/xml;q=0.9,image/webp,image/apng,*/*;q=0.8',
  'accept-encoding' => 'gzip, deflate, br',
  'accept-language' => 'zh-CN,zh;q=0.9',
)
[ info ] [ PARAM ] array (
)
[ info ] [ RUN ] app\activity\controller\Index->index[ D:\xampp\htdocs\ArcticTern_1\application\activity\controller\Index.php ]
[ info ] [ VIEW ] D:\xampp\htdocs\ArcticTern_1/application/activity\view\index\index.html [ array (
) ]
[ info ] [ LOG ] INIT File
---------------------------------------------------------------
[ 2018-07-06T08:23:10+08:00 ] 0.0.0.0 GET /ArcticTern_1/trip_planning/index/index.html
[ info ] localhost/ArcticTern_1/trip_planning/index/index.html [运行时间：0.027320s][吞吐率：36.60req/s] [内存消耗：1,727.22kb] [文件加载：48]
[ info ] [ LANG ] D:\xampp\htdocs\ArcticTern_1\thinkphp\lang\zh-cn.php
[ info ] [ ROUTE ] array (
  'type' => 'module',
  'module' => 
  array (
    0 => 'trip_planning',
    1 => 'index',
    2 => 'index',
  ),
)
[ info ] [ HEADER ] array (
  'host' => 'localhost',
  'connection' => 'keep-alive',
  'upgrade-insecure-requests' => '1',
  'user-agent' => 'Mozilla/5.0 (Windows NT 10.0; WOW64) AppleWebKit/537.36 (KHTML, like Gecko) Chrome/67.0.3396.62 Safari/537.36',
  'accept' => 'text/html,application/xhtml+xml,application/xml;q=0.9,image/webp,image/apng,*/*;q=0.8',
  'referer' => 'http://localhost/ArcticTern_1/activity/index/index.html',
  'accept-encoding' => 'gzip, deflate, br',
  'accept-language' => 'zh-CN,zh;q=0.9',
)
[ info ] [ PARAM ] array (
)
[ info ] [ RUN ] app\trip_planning\controller\Index->index[ D:\xampp\htdocs\ArcticTern_1\application\trip_planning\controller\Index.php ]
[ info ] [ VIEW ] D:\xampp\htdocs\ArcticTern_1/application/trip_planning\view\index\index.html [ array (
) ]
[ info ] [ LOG ] INIT File
---------------------------------------------------------------
[ 2018-07-06T08:24:45+08:00 ] 0.0.0.0 GET /ArcticTern_1/trip_planning/index/ziye.html
[ info ] localhost/ArcticTern_1/trip_planning/index/ziye.html [运行时间：0.178866s][吞吐率：5.59req/s] [内存消耗：1,719.42kb] [文件加载：48]
[ info ] [ LANG ] D:\xampp\htdocs\ArcticTern_1\thinkphp\lang\zh-cn.php
[ info ] [ ROUTE ] array (
  'type' => 'module',
  'module' => 
  array (
    0 => 'trip_planning',
    1 => 'index',
    2 => 'ziye',
  ),
)
[ info ] [ HEADER ] array (
  'host' => 'localhost',
  'connection' => 'keep-alive',
  'upgrade-insecure-requests' => '1',
  'user-agent' => 'Mozilla/5.0 (Windows NT 10.0; WOW64) AppleWebKit/537.36 (KHTML, like Gecko) Chrome/67.0.3396.62 Safari/537.36',
  'accept' => 'text/html,application/xhtml+xml,application/xml;q=0.9,image/webp,image/apng,*/*;q=0.8',
  'referer' => 'http://localhost/ArcticTern_1/trip_planning/index/index.html',
  'accept-encoding' => 'gzip, deflate, br',
  'accept-language' => 'zh-CN,zh;q=0.9',
  'cookie' => 'thinkphp_show_page_trace=0|0',
)
[ info ] [ PARAM ] array (
)
[ info ] [ RUN ] app\trip_planning\controller\Index->ziye[ D:\xampp\htdocs\ArcticTern_1\application\trip_planning\controller\Index.php ]
[ info ] [ VIEW ] D:\xampp\htdocs\ArcticTern_1/application/trip_planning\view\index\ziye.html [ array (
) ]
[ info ] [ LOG ] INIT File
---------------------------------------------------------------
[ 2018-07-06T09:06:07+08:00 ] 0.0.0.0 GET /ArcticTern_1/index/index/index.html
[ info ] localhost/ArcticTern_1/index/index/index.html [运行时间：0.030060s][吞吐率：33.27req/s] [内存消耗：1,778.23kb] [文件加载：50]
[ info ] [ LANG ] D:\xampp\htdocs\ArcticTern_1\thinkphp\lang\zh-cn.php
[ info ] [ ROUTE ] array (
  'type' => 'module',
  'module' => 
  array (
    0 => 'index',
    1 => 'index',
    2 => 'index',
  ),
)
[ info ] [ HEADER ] array (
  'host' => 'localhost',
  'connection' => 'keep-alive',
  'upgrade-insecure-requests' => '1',
  'user-agent' => 'Mozilla/5.0 (Windows NT 10.0; WOW64) AppleWebKit/537.36 (KHTML, like Gecko) Chrome/67.0.3396.62 Safari/537.36',
  'accept' => 'text/html,application/xhtml+xml,application/xml;q=0.9,image/webp,image/apng,*/*;q=0.8',
  'referer' => 'http://localhost/ArcticTern_1/trip_planning/index/index.html',
  'accept-encoding' => 'gzip, deflate, br',
  'accept-language' => 'zh-CN,zh;q=0.9',
)
[ info ] [ PARAM ] array (
)
[ info ] [ RUN ] app\index\controller\Index->index[ D:\xampp\htdocs\ArcticTern_1\application\index\controller\Index.php ]
[ info ] [ VIEW ] D:\xampp\htdocs\ArcticTern_1/application/index\view\index\index.html [ array (
) ]
[ info ] [ LOG ] INIT File
---------------------------------------------------------------
[ 2018-07-06T09:12:17+08:00 ] 0.0.0.0 GET /ArcticTern_1/trip_planning/index/ziye.html
[ info ] localhost/ArcticTern_1/trip_planning/index/ziye.html [运行时间：0.027280s][吞吐率：36.66req/s] [内存消耗：1,719.45kb] [文件加载：48]
[ info ] [ LANG ] D:\xampp\htdocs\ArcticTern_1\thinkphp\lang\zh-cn.php
[ info ] [ ROUTE ] array (
  'type' => 'module',
  'module' => 
  array (
    0 => 'trip_planning',
    1 => 'index',
    2 => 'ziye',
  ),
)
[ info ] [ HEADER ] array (
  'host' => 'localhost',
  'connection' => 'keep-alive',
  'upgrade-insecure-requests' => '1',
  'user-agent' => 'Mozilla/5.0 (Windows NT 10.0; WOW64) AppleWebKit/537.36 (KHTML, like Gecko) Chrome/67.0.3396.62 Safari/537.36',
  'accept' => 'text/html,application/xhtml+xml,application/xml;q=0.9,image/webp,image/apng,*/*;q=0.8',
  'referer' => 'http://localhost/ArcticTern_1/index/index/index.html',
  'accept-encoding' => 'gzip, deflate, br',
  'accept-language' => 'zh-CN,zh;q=0.9',
  'cookie' => 'thinkphp_show_page_trace=0|0',
)
[ info ] [ PARAM ] array (
)
[ info ] [ RUN ] app\trip_planning\controller\Index->ziye[ D:\xampp\htdocs\ArcticTern_1\application\trip_planning\controller\Index.php ]
[ info ] [ VIEW ] D:\xampp\htdocs\ArcticTern_1/application/trip_planning\view\index\ziye.html [ array (
) ]
[ info ] [ LOG ] INIT File
---------------------------------------------------------------
[ 2018-07-06T09:12:21+08:00 ] 0.0.0.0 GET /ArcticTern_1/trip_planning/index/index.html
[ info ] localhost/ArcticTern_1/trip_planning/index/index.html [运行时间：0.021861s][吞吐率：45.74req/s] [内存消耗：1,727.54kb] [文件加载：48]
[ info ] [ LANG ] D:\xampp\htdocs\ArcticTern_1\thinkphp\lang\zh-cn.php
[ info ] [ ROUTE ] array (
  'type' => 'module',
  'module' => 
  array (
    0 => 'trip_planning',
    1 => 'index',
    2 => 'index',
  ),
)
[ info ] [ HEADER ] array (
  'host' => 'localhost',
  'connection' => 'keep-alive',
  'upgrade-insecure-requests' => '1',
  'user-agent' => 'Mozilla/5.0 (Windows NT 10.0; WOW64) AppleWebKit/537.36 (KHTML, like Gecko) Chrome/67.0.3396.62 Safari/537.36',
  'accept' => 'text/html,application/xhtml+xml,application/xml;q=0.9,image/webp,image/apng,*/*;q=0.8',
  'referer' => 'http://localhost/ArcticTern_1/trip_planning/index/ziye.html',
  'accept-encoding' => 'gzip, deflate, br',
  'accept-language' => 'zh-CN,zh;q=0.9',
  'cookie' => 'thinkphp_show_page_trace=0|0',
)
[ info ] [ PARAM ] array (
)
[ info ] [ RUN ] app\trip_planning\controller\Index->index[ D:\xampp\htdocs\ArcticTern_1\application\trip_planning\controller\Index.php ]
[ info ] [ VIEW ] D:\xampp\htdocs\ArcticTern_1/application/trip_planning\view\index\index.html [ array (
) ]
[ info ] [ LOG ] INIT File
---------------------------------------------------------------
[ 2018-07-06T09:25:17+08:00 ] 0.0.0.0 GET /ArcticTern_1/trip_planning/index/index.html
[ info ] localhost/ArcticTern_1/trip_planning/index/index.html [运行时间：0.246992s][吞吐率：4.05req/s] [内存消耗：1,443.91kb] [文件加载：45]
[ info ] [ LANG ] D:\xampp\htdocs\ArcticTern_1\thinkphp\lang\zh-cn.php
[ info ] [ ROUTE ] array (
  'type' => 'module',
  'module' => 
  array (
    0 => 'trip_planning',
    1 => 'index',
    2 => 'index',
  ),
)
[ info ] [ HEADER ] array (
  'host' => 'localhost',
  'connection' => 'keep-alive',
  'cache-control' => 'max-age=0',
  'upgrade-insecure-requests' => '1',
  'user-agent' => 'Mozilla/5.0 (Windows NT 10.0; WOW64) AppleWebKit/537.36 (KHTML, like Gecko) Chrome/67.0.3396.62 Safari/537.36',
  'accept' => 'text/html,application/xhtml+xml,application/xml;q=0.9,image/webp,image/apng,*/*;q=0.8',
  'accept-encoding' => 'gzip, deflate, br',
  'accept-language' => 'zh-CN,zh;q=0.9',
  'cookie' => 'thinkphp_show_page_trace=0|0',
)
[ info ] [ PARAM ] array (
)
[ info ] [ RUN ] app\trip_planning\controller\Index->index[ D:\xampp\htdocs\ArcticTern_1\application\trip_planning\controller\Index.php ]
[ info ] [ LOG ] INIT File
[ error ] [1]Class 'app\trip_planning\controller\Db' not found[D:\xampp\htdocs\ArcticTern_1\application\trip_planning\controller\Index.php:8]
---------------------------------------------------------------
[ 2018-07-06T09:30:04+08:00 ] 0.0.0.0 GET /ArcticTern_1/trip_planning/index/index.html
[ info ] localhost/ArcticTern_1/trip_planning/index/index.html [运行时间：0.131663s][吞吐率：7.60req/s] [内存消耗：2,689.05kb] [文件加载：60]
[ info ] [ LANG ] D:\xampp\htdocs\ArcticTern_1\thinkphp\lang\zh-cn.php
[ info ] [ ROUTE ] array (
  'type' => 'module',
  'module' => 
  array (
    0 => 'trip_planning',
    1 => 'index',
    2 => 'index',
  ),
)
[ info ] [ HEADER ] array (
  'host' => 'localhost',
  'connection' => 'keep-alive',
  'cache-control' => 'max-age=0',
  'upgrade-insecure-requests' => '1',
  'user-agent' => 'Mozilla/5.0 (Windows NT 10.0; WOW64) AppleWebKit/537.36 (KHTML, like Gecko) Chrome/67.0.3396.62 Safari/537.36',
  'accept' => 'text/html,application/xhtml+xml,application/xml;q=0.9,image/webp,image/apng,*/*;q=0.8',
  'accept-encoding' => 'gzip, deflate, br',
  'accept-language' => 'zh-CN,zh;q=0.9',
  'cookie' => 'thinkphp_show_page_trace=0|0',
)
[ info ] [ PARAM ] array (
)
[ info ] [ RUN ] app\trip_planning\controller\Index->index[ D:\xampp\htdocs\ArcticTern_1\application\trip_planning\controller\Index.php ]
[ info ] [ DB ] INIT mysql
[ info ] [ VIEW ] D:\xampp\htdocs\ArcticTern_1/application/trip_planning\view\index\index.html [ array (
  0 => 'index',
) ]
[ info ] [ LOG ] INIT File
[ sql ] [ DB ] CONNECT:[ UseTime:0.012212s ] mysql:host=127.0.0.1;dbname=arctictern;charset=utf8
[ sql ] [ SQL ] SHOW COLUMNS FROM `trip_planning` [ RunTime:0.027010s ]
[ sql ] [ SQL ] SELECT * FROM `trip_planning` [ RunTime:0.000905s ]
[ error ] [8]未定义变量: des[D:\xampp\htdocs\ArcticTern_1\runtime\temp\9600d004d6211a68f83c9a11ace4a10f.php:205]
---------------------------------------------------------------
[ 2018-07-06T09:31:11+08:00 ] 0.0.0.0 GET /ArcticTern_1/trip_planning/index/index.html
[ info ] localhost/ArcticTern_1/trip_planning/index/index.html [运行时间：0.055579s][吞吐率：17.99req/s] [内存消耗：2,689.06kb] [文件加载：60]
[ info ] [ LANG ] D:\xampp\htdocs\ArcticTern_1\thinkphp\lang\zh-cn.php
[ info ] [ ROUTE ] array (
  'type' => 'module',
  'module' => 
  array (
    0 => 'trip_planning',
    1 => 'index',
    2 => 'index',
  ),
)
[ info ] [ HEADER ] array (
  'host' => 'localhost',
  'connection' => 'keep-alive',
  'cache-control' => 'max-age=0',
  'upgrade-insecure-requests' => '1',
  'user-agent' => 'Mozilla/5.0 (Windows NT 10.0; WOW64) AppleWebKit/537.36 (KHTML, like Gecko) Chrome/67.0.3396.62 Safari/537.36',
  'accept' => 'text/html,application/xhtml+xml,application/xml;q=0.9,image/webp,image/apng,*/*;q=0.8',
  'accept-encoding' => 'gzip, deflate, br',
  'accept-language' => 'zh-CN,zh;q=0.9',
  'cookie' => 'thinkphp_show_page_trace=0|0',
)
[ info ] [ PARAM ] array (
)
[ info ] [ RUN ] app\trip_planning\controller\Index->index[ D:\xampp\htdocs\ArcticTern_1\application\trip_planning\controller\Index.php ]
[ info ] [ DB ] INIT mysql
[ info ] [ VIEW ] D:\xampp\htdocs\ArcticTern_1/application/trip_planning\view\index\index.html [ array (
  0 => 'index',
) ]
[ info ] [ LOG ] INIT File
[ sql ] [ DB ] CONNECT:[ UseTime:0.000639s ] mysql:host=127.0.0.1;dbname=arctictern;charset=utf8
[ sql ] [ SQL ] SHOW COLUMNS FROM `trip_planning` [ RunTime:0.011525s ]
[ sql ] [ SQL ] SELECT * FROM `trip_planning` [ RunTime:0.000552s ]
[ error ] [8]未定义变量: des[D:\xampp\htdocs\ArcticTern_1\runtime\temp\9600d004d6211a68f83c9a11ace4a10f.php:205]
---------------------------------------------------------------
[ 2018-07-06T09:36:01+08:00 ] 0.0.0.0 GET /ArcticTern_1/trip_planning/index/index.html
[ info ] localhost/ArcticTern_1/trip_planning/index/index.html [运行时间：0.061184s][吞吐率：16.34req/s] [内存消耗：2,670.30kb] [文件加载：56]
[ info ] [ LANG ] D:\xampp\htdocs\ArcticTern_1\thinkphp\lang\zh-cn.php
[ info ] [ ROUTE ] array (
  'type' => 'module',
  'module' => 
  array (
    0 => 'trip_planning',
    1 => 'index',
    2 => 'index',
  ),
)
[ info ] [ HEADER ] array (
  'host' => 'localhost',
  'connection' => 'keep-alive',
  'cache-control' => 'max-age=0',
  'upgrade-insecure-requests' => '1',
  'user-agent' => 'Mozilla/5.0 (Windows NT 10.0; WOW64) AppleWebKit/537.36 (KHTML, like Gecko) Chrome/67.0.3396.62 Safari/537.36',
  'accept' => 'text/html,application/xhtml+xml,application/xml;q=0.9,image/webp,image/apng,*/*;q=0.8',
  'accept-encoding' => 'gzip, deflate, br',
  'accept-language' => 'zh-CN,zh;q=0.9',
  'cookie' => 'thinkphp_show_page_trace=0|0',
)
[ info ] [ PARAM ] array (
)
[ info ] [ RUN ] app\trip_planning\controller\Index->index[ D:\xampp\htdocs\ArcticTern_1\application\trip_planning\controller\Index.php ]
[ info ] [ DB ] INIT mysql
[ info ] [ VIEW ] D:\xampp\htdocs\ArcticTern_1/application/trip_planning\view\index\index.html [ array (
  0 => 'index',
) ]
[ info ] [ LOG ] INIT File
[ sql ] [ DB ] CONNECT:[ UseTime:0.010684s ] mysql:host=127.0.0.1;dbname=arctictern;charset=utf8
[ sql ] [ SQL ] SHOW COLUMNS FROM `trip_planning` [ RunTime:0.011580s ]
[ sql ] [ SQL ] SELECT * FROM `trip_planning` [ RunTime:0.000568s ]
---------------------------------------------------------------
[ 2018-07-06T09:36:28+08:00 ] 0.0.0.0 GET /ArcticTern_1/trip_planning/index/index.html
[ info ] localhost/ArcticTern_1/trip_planning/index/index.html [运行时间：0.053843s][吞吐率：18.57req/s] [内存消耗：2,670.38kb] [文件加载：56]
[ info ] [ LANG ] D:\xampp\htdocs\ArcticTern_1\thinkphp\lang\zh-cn.php
[ info ] [ ROUTE ] array (
  'type' => 'module',
  'module' => 
  array (
    0 => 'trip_planning',
    1 => 'index',
    2 => 'index',
  ),
)
[ info ] [ HEADER ] array (
  'host' => 'localhost',
  'connection' => 'keep-alive',
  'cache-control' => 'max-age=0',
  'upgrade-insecure-requests' => '1',
  'user-agent' => 'Mozilla/5.0 (Windows NT 10.0; WOW64) AppleWebKit/537.36 (KHTML, like Gecko) Chrome/67.0.3396.62 Safari/537.36',
  'accept' => 'text/html,application/xhtml+xml,application/xml;q=0.9,image/webp,image/apng,*/*;q=0.8',
  'accept-encoding' => 'gzip, deflate, br',
  'accept-language' => 'zh-CN,zh;q=0.9',
  'cookie' => 'thinkphp_show_page_trace=0|0',
)
[ info ] [ PARAM ] array (
)
[ info ] [ RUN ] app\trip_planning\controller\Index->index[ D:\xampp\htdocs\ArcticTern_1\application\trip_planning\controller\Index.php ]
[ info ] [ DB ] INIT mysql
[ info ] [ VIEW ] D:\xampp\htdocs\ArcticTern_1/application/trip_planning\view\index\index.html [ array (
  0 => 'index',
) ]
[ info ] [ LOG ] INIT File
[ sql ] [ DB ] CONNECT:[ UseTime:0.000654s ] mysql:host=127.0.0.1;dbname=arctictern;charset=utf8
[ sql ] [ SQL ] SHOW COLUMNS FROM `trip_planning` [ RunTime:0.012503s ]
[ sql ] [ SQL ] SELECT * FROM `trip_planning` [ RunTime:0.000591s ]
---------------------------------------------------------------
[ 2018-07-06T09:38:28+08:00 ] 0.0.0.0 GET /ArcticTern_1/trip_planning/index/index.html
[ info ] localhost/ArcticTern_1/trip_planning/index/index.html [运行时间：0.055452s][吞吐率：18.03req/s] [内存消耗：2,667.39kb] [文件加载：56]
[ info ] [ LANG ] D:\xampp\htdocs\ArcticTern_1\thinkphp\lang\zh-cn.php
[ info ] [ ROUTE ] array (
  'type' => 'module',
  'module' => 
  array (
    0 => 'trip_planning',
    1 => 'index',
    2 => 'index',
  ),
)
[ info ] [ HEADER ] array (
  'host' => 'localhost',
  'connection' => 'keep-alive',
  'cache-control' => 'max-age=0',
  'upgrade-insecure-requests' => '1',
  'user-agent' => 'Mozilla/5.0 (Windows NT 10.0; WOW64) AppleWebKit/537.36 (KHTML, like Gecko) Chrome/67.0.3396.62 Safari/537.36',
  'accept' => 'text/html,application/xhtml+xml,application/xml;q=0.9,image/webp,image/apng,*/*;q=0.8',
  'accept-encoding' => 'gzip, deflate, br',
  'accept-language' => 'zh-CN,zh;q=0.9',
  'cookie' => 'thinkphp_show_page_trace=0|0',
)
[ info ] [ PARAM ] array (
)
[ info ] [ RUN ] app\trip_planning\controller\Index->index[ D:\xampp\htdocs\ArcticTern_1\application\trip_planning\controller\Index.php ]
[ info ] [ DB ] INIT mysql
[ info ] [ VIEW ] D:\xampp\htdocs\ArcticTern_1/application/trip_planning\view\index\index.html [ array (
  0 => 'index',
) ]
[ info ] [ LOG ] INIT File
[ sql ] [ DB ] CONNECT:[ UseTime:0.000723s ] mysql:host=127.0.0.1;dbname=arctictern;charset=utf8
[ sql ] [ SQL ] SHOW COLUMNS FROM `trip_planning` [ RunTime:0.012443s ]
[ sql ] [ SQL ] SELECT * FROM `trip_planning` [ RunTime:0.000596s ]
---------------------------------------------------------------
[ 2018-07-06T09:39:19+08:00 ] 0.0.0.0 GET /ArcticTern_1/trip_planning/index/index.html
[ info ] localhost/ArcticTern_1/trip_planning/index/index.html [运行时间：0.053584s][吞吐率：18.66req/s] [内存消耗：2,668.23kb] [文件加载：56]
[ info ] [ LANG ] D:\xampp\htdocs\ArcticTern_1\thinkphp\lang\zh-cn.php
[ info ] [ ROUTE ] array (
  'type' => 'module',
  'module' => 
  array (
    0 => 'trip_planning',
    1 => 'index',
    2 => 'index',
  ),
)
[ info ] [ HEADER ] array (
  'host' => 'localhost',
  'connection' => 'keep-alive',
  'cache-control' => 'max-age=0',
  'upgrade-insecure-requests' => '1',
  'user-agent' => 'Mozilla/5.0 (Windows NT 10.0; WOW64) AppleWebKit/537.36 (KHTML, like Gecko) Chrome/67.0.3396.62 Safari/537.36',
  'accept' => 'text/html,application/xhtml+xml,application/xml;q=0.9,image/webp,image/apng,*/*;q=0.8',
  'accept-encoding' => 'gzip, deflate, br',
  'accept-language' => 'zh-CN,zh;q=0.9',
  'cookie' => 'thinkphp_show_page_trace=0|0',
)
[ info ] [ PARAM ] array (
)
[ info ] [ RUN ] app\trip_planning\controller\Index->index[ D:\xampp\htdocs\ArcticTern_1\application\trip_planning\controller\Index.php ]
[ info ] [ DB ] INIT mysql
[ info ] [ VIEW ] D:\xampp\htdocs\ArcticTern_1/application/trip_planning\view\index\index.html [ array (
  0 => 'index',
) ]
[ info ] [ LOG ] INIT File
[ sql ] [ DB ] CONNECT:[ UseTime:0.000665s ] mysql:host=127.0.0.1;dbname=arctictern;charset=utf8
[ sql ] [ SQL ] SHOW COLUMNS FROM `trip_planning` [ RunTime:0.012600s ]
[ sql ] [ SQL ] SELECT * FROM `trip_planning` [ RunTime:0.000606s ]
---------------------------------------------------------------
[ 2018-07-06T09:41:07+08:00 ] 0.0.0.0 GET /ArcticTern_1/trip_planning/index/index.html
[ info ] localhost/ArcticTern_1/trip_planning/index/index.html [运行时间：0.052745s][吞吐率：18.96req/s] [内存消耗：2,669.17kb] [文件加载：56]
[ info ] [ LANG ] D:\xampp\htdocs\ArcticTern_1\thinkphp\lang\zh-cn.php
[ info ] [ ROUTE ] array (
  'type' => 'module',
  'module' => 
  array (
    0 => 'trip_planning',
    1 => 'index',
    2 => 'index',
  ),
)
[ info ] [ HEADER ] array (
  'host' => 'localhost',
  'connection' => 'keep-alive',
  'cache-control' => 'max-age=0',
  'upgrade-insecure-requests' => '1',
  'user-agent' => 'Mozilla/5.0 (Windows NT 10.0; WOW64) AppleWebKit/537.36 (KHTML, like Gecko) Chrome/67.0.3396.62 Safari/537.36',
  'accept' => 'text/html,application/xhtml+xml,application/xml;q=0.9,image/webp,image/apng,*/*;q=0.8',
  'accept-encoding' => 'gzip, deflate, br',
  'accept-language' => 'zh-CN,zh;q=0.9',
  'cookie' => 'thinkphp_show_page_trace=0|0',
)
[ info ] [ PARAM ] array (
)
[ info ] [ RUN ] app\trip_planning\controller\Index->index[ D:\xampp\htdocs\ArcticTern_1\application\trip_planning\controller\Index.php ]
[ info ] [ DB ] INIT mysql
[ info ] [ VIEW ] D:\xampp\htdocs\ArcticTern_1/application/trip_planning\view\index\index.html [ array (
  0 => 'index',
) ]
[ info ] [ LOG ] INIT File
[ sql ] [ DB ] CONNECT:[ UseTime:0.000741s ] mysql:host=127.0.0.1;dbname=arctictern;charset=utf8
[ sql ] [ SQL ] SHOW COLUMNS FROM `trip_planning` [ RunTime:0.012721s ]
[ sql ] [ SQL ] SELECT * FROM `trip_planning` [ RunTime:0.000459s ]
---------------------------------------------------------------
[ 2018-07-06T09:41:27+08:00 ] 0.0.0.0 GET /ArcticTern_1/trip_planning/index/ziye.html
[ info ] localhost/ArcticTern_1/trip_planning/index/ziye.html [运行时间：0.028551s][吞吐率：35.02req/s] [内存消耗：1,772.23kb] [文件加载：50]
[ info ] [ LANG ] D:\xampp\htdocs\ArcticTern_1\thinkphp\lang\zh-cn.php
[ info ] [ ROUTE ] array (
  'type' => 'module',
  'module' => 
  array (
    0 => 'trip_planning',
    1 => 'index',
    2 => 'ziye',
  ),
)
[ info ] [ HEADER ] array (
  'host' => 'localhost',
  'connection' => 'keep-alive',
  'upgrade-insecure-requests' => '1',
  'user-agent' => 'Mozilla/5.0 (Windows NT 10.0; WOW64) AppleWebKit/537.36 (KHTML, like Gecko) Chrome/67.0.3396.62 Safari/537.36',
  'accept' => 'text/html,application/xhtml+xml,application/xml;q=0.9,image/webp,image/apng,*/*;q=0.8',
  'referer' => 'http://localhost/ArcticTern_1/trip_planning/index/index.html',
  'accept-encoding' => 'gzip, deflate, br',
  'accept-language' => 'zh-CN,zh;q=0.9',
  'cookie' => 'thinkphp_show_page_trace=0|0',
)
[ info ] [ PARAM ] array (
)
[ info ] [ RUN ] app\trip_planning\controller\Index->ziye[ D:\xampp\htdocs\ArcticTern_1\application\trip_planning\controller\Index.php ]
[ info ] [ VIEW ] D:\xampp\htdocs\ArcticTern_1/application/trip_planning\view\index\ziye.html [ array (
) ]
[ info ] [ LOG ] INIT File
---------------------------------------------------------------
[ 2018-07-06T09:42:54+08:00 ] 0.0.0.0 GET /ArcticTern_1/trip_planning/index/index.html
[ info ] localhost/ArcticTern_1/trip_planning/index/index.html [运行时间：0.044284s][吞吐率：22.58req/s] [内存消耗：2,493.41kb] [文件加载：54]
[ info ] [ LANG ] D:\xampp\htdocs\ArcticTern_1\thinkphp\lang\zh-cn.php
[ info ] [ ROUTE ] array (
  'type' => 'module',
  'module' => 
  array (
    0 => 'trip_planning',
    1 => 'index',
    2 => 'index',
  ),
)
[ info ] [ HEADER ] array (
  'host' => 'localhost',
  'connection' => 'keep-alive',
  'upgrade-insecure-requests' => '1',
  'user-agent' => 'Mozilla/5.0 (Windows NT 10.0; WOW64) AppleWebKit/537.36 (KHTML, like Gecko) Chrome/67.0.3396.62 Safari/537.36',
  'accept' => 'text/html,application/xhtml+xml,application/xml;q=0.9,image/webp,image/apng,*/*;q=0.8',
  'referer' => 'http://localhost/ArcticTern_1/trip_planning/index/ziye.html',
  'accept-encoding' => 'gzip, deflate, br',
  'accept-language' => 'zh-CN,zh;q=0.9',
  'cookie' => 'thinkphp_show_page_trace=0|0',
)
[ info ] [ PARAM ] array (
)
[ info ] [ RUN ] app\trip_planning\controller\Index->index[ D:\xampp\htdocs\ArcticTern_1\application\trip_planning\controller\Index.php ]
[ info ] [ DB ] INIT mysql
[ info ] [ VIEW ] D:\xampp\htdocs\ArcticTern_1/application/trip_planning\view\index\index.html [ array (
  0 => 'index',
) ]
[ info ] [ LOG ] INIT File
[ sql ] [ DB ] CONNECT:[ UseTime:0.000718s ] mysql:host=127.0.0.1;dbname=arctictern;charset=utf8
[ sql ] [ SQL ] SHOW COLUMNS FROM `trip_planning` [ RunTime:0.012161s ]
[ sql ] [ SQL ] SELECT * FROM `trip_planning` [ RunTime:0.000549s ]
---------------------------------------------------------------
[ 2018-07-06T09:51:14+08:00 ] 0.0.0.0 GET /ArcticTern_1/fingerpost/index/index.html
[ info ] localhost/ArcticTern_1/fingerpost/index/index.html [运行时间：0.032844s][吞吐率：30.45req/s] [内存消耗：1,938.64kb] [文件加载：50]
[ info ] [ LANG ] D:\xampp\htdocs\ArcticTern_1\thinkphp\lang\zh-cn.php
[ info ] [ ROUTE ] array (
  'type' => 'module',
  'module' => 
  array (
    0 => 'fingerpost',
    1 => 'index',
    2 => 'index',
  ),
)
[ info ] [ HEADER ] array (
  'host' => 'localhost',
  'connection' => 'keep-alive',
  'upgrade-insecure-requests' => '1',
  'user-agent' => 'Mozilla/5.0 (Windows NT 10.0; WOW64) AppleWebKit/537.36 (KHTML, like Gecko) Chrome/67.0.3396.62 Safari/537.36',
  'accept' => 'text/html,application/xhtml+xml,application/xml;q=0.9,image/webp,image/apng,*/*;q=0.8',
  'referer' => 'http://localhost/ArcticTern_1/trip_planning/index/index.html',
  'accept-encoding' => 'gzip, deflate, br',
  'accept-language' => 'zh-CN,zh;q=0.9',
)
[ info ] [ PARAM ] array (
)
[ info ] [ RUN ] app\fingerpost\controller\Index->index[ D:\xampp\htdocs\ArcticTern_1\application\fingerpost\controller\Index.php ]
[ info ] [ VIEW ] D:\xampp\htdocs\ArcticTern_1/application/fingerpost\view\index\index.html [ array (
) ]
[ info ] [ LOG ] INIT File
---------------------------------------------------------------
[ 2018-07-06T09:51:26+08:00 ] 0.0.0.0 GET /ArcticTern_1/fingerpost/index/details.html
[ info ] localhost/ArcticTern_1/fingerpost/index/details.html [运行时间：0.180233s][吞吐率：5.55req/s] [内存消耗：1,944.52kb] [文件加载：50]
[ info ] [ LANG ] D:\xampp\htdocs\ArcticTern_1\thinkphp\lang\zh-cn.php
[ info ] [ ROUTE ] array (
  'type' => 'module',
  'module' => 
  array (
    0 => 'fingerpost',
    1 => 'index',
    2 => 'details',
  ),
)
[ info ] [ HEADER ] array (
  'host' => 'localhost',
  'connection' => 'keep-alive',
  'upgrade-insecure-requests' => '1',
  'user-agent' => 'Mozilla/5.0 (Windows NT 10.0; WOW64) AppleWebKit/537.36 (KHTML, like Gecko) Chrome/67.0.3396.62 Safari/537.36',
  'accept' => 'text/html,application/xhtml+xml,application/xml;q=0.9,image/webp,image/apng,*/*;q=0.8',
  'referer' => 'http://localhost/ArcticTern_1/fingerpost/index/index.html',
  'accept-encoding' => 'gzip, deflate, br',
  'accept-language' => 'zh-CN,zh;q=0.9',
  'cookie' => 'thinkphp_show_page_trace=0|0',
)
[ info ] [ PARAM ] array (
)
[ info ] [ RUN ] app\fingerpost\controller\Index->details[ D:\xampp\htdocs\ArcticTern_1\application\fingerpost\controller\Index.php ]
[ info ] [ VIEW ] D:\xampp\htdocs\ArcticTern_1/application/fingerpost\view\index\details.html [ array (
) ]
[ info ] [ LOG ] INIT File
---------------------------------------------------------------
[ 2018-07-06T09:51:27+08:00 ] 0.0.0.0 GET /ArcticTern_1/public/static/js/details.js
[ info ] localhost/ArcticTern_1/public/static/js/details.js [运行时间：0.050462s][吞吐率：19.82req/s] [内存消耗：1,428.46kb] [文件加载：43]
[ info ] [ LANG ] D:\xampp\htdocs\ArcticTern_1\thinkphp\lang\zh-cn.php
[ info ] [ ROUTE ] array (
  'type' => 'module',
  'module' => 
  array (
    0 => 'public',
    1 => 'static',
    2 => 'js',
  ),
)
[ info ] [ HEADER ] array (
  'host' => 'localhost',
  'connection' => 'keep-alive',
  'user-agent' => 'Mozilla/5.0 (Windows NT 10.0; WOW64) AppleWebKit/537.36 (KHTML, like Gecko) Chrome/67.0.3396.62 Safari/537.36',
  'accept' => '*/*',
  'referer' => 'http://localhost/ArcticTern_1/fingerpost/index/details.html',
  'accept-encoding' => 'gzip, deflate, br',
  'accept-language' => 'zh-CN,zh;q=0.9',
)
[ info ] [ PARAM ] array (
)
[ info ] [ LOG ] INIT File
---------------------------------------------------------------
[ 2018-07-06T09:51:27+08:00 ] 0.0.0.0 GET /ArcticTern_1/public/static/js/details.js
[ info ] localhost/ArcticTern_1/public/static/js/details.js [运行时间：0.030226s][吞吐率：33.08req/s] [内存消耗：1,428.46kb] [文件加载：43]
[ info ] [ LANG ] D:\xampp\htdocs\ArcticTern_1\thinkphp\lang\zh-cn.php
[ info ] [ ROUTE ] array (
  'type' => 'module',
  'module' => 
  array (
    0 => 'public',
    1 => 'static',
    2 => 'js',
  ),
)
[ info ] [ HEADER ] array (
  'host' => 'localhost',
  'connection' => 'keep-alive',
  'user-agent' => 'Mozilla/5.0 (Windows NT 10.0; WOW64) AppleWebKit/537.36 (KHTML, like Gecko) Chrome/67.0.3396.62 Safari/537.36',
  'accept' => '*/*',
  'referer' => 'http://localhost/ArcticTern_1/fingerpost/index/details.html',
  'accept-encoding' => 'gzip, deflate, br',
  'accept-language' => 'zh-CN,zh;q=0.9',
)
[ info ] [ PARAM ] array (
)
[ info ] [ LOG ] INIT File
---------------------------------------------------------------
[ 2018-07-06T10:01:11+08:00 ] 0.0.0.0 GET /ArcticTern_1/trip_planning/index/index.html
[ info ] localhost/ArcticTern_1/trip_planning/index/index.html [运行时间：0.052936s][吞吐率：18.89req/s] [内存消耗：2,493.41kb] [文件加载：54]
[ info ] [ LANG ] D:\xampp\htdocs\ArcticTern_1\thinkphp\lang\zh-cn.php
[ info ] [ ROUTE ] array (
  'type' => 'module',
  'module' => 
  array (
    0 => 'trip_planning',
    1 => 'index',
    2 => 'index',
  ),
)
[ info ] [ HEADER ] array (
  'host' => 'localhost',
  'connection' => 'keep-alive',
  'upgrade-insecure-requests' => '1',
  'user-agent' => 'Mozilla/5.0 (Windows NT 10.0; WOW64) AppleWebKit/537.36 (KHTML, like Gecko) Chrome/67.0.3396.62 Safari/537.36',
  'accept' => 'text/html,application/xhtml+xml,application/xml;q=0.9,image/webp,image/apng,*/*;q=0.8',
  'referer' => 'http://localhost/ArcticTern_1/fingerpost/index/details.html',
  'accept-encoding' => 'gzip, deflate, br',
  'accept-language' => 'zh-CN,zh;q=0.9',
  'cookie' => 'thinkphp_show_page_trace=0|0',
)
[ info ] [ PARAM ] array (
)
[ info ] [ RUN ] app\trip_planning\controller\Index->index[ D:\xampp\htdocs\ArcticTern_1\application\trip_planning\controller\Index.php ]
[ info ] [ DB ] INIT mysql
[ info ] [ VIEW ] D:\xampp\htdocs\ArcticTern_1/application/trip_planning\view\index\index.html [ array (
  0 => 'index',
) ]
[ info ] [ LOG ] INIT File
[ sql ] [ DB ] CONNECT:[ UseTime:0.000740s ] mysql:host=127.0.0.1;dbname=arctictern;charset=utf8
[ sql ] [ SQL ] SHOW COLUMNS FROM `trip_planning` [ RunTime:0.012237s ]
[ sql ] [ SQL ] SELECT * FROM `trip_planning` [ RunTime:0.000844s ]
---------------------------------------------------------------
[ 2018-07-06T10:03:26+08:00 ] 0.0.0.0 GET /ArcticTern_1/trip_planning/index/ziye.html
[ info ] localhost/ArcticTern_1/trip_planning/index/ziye.html [运行时间：0.029706s][吞吐率：33.66req/s] [内存消耗：1,772.23kb] [文件加载：50]
[ info ] [ LANG ] D:\xampp\htdocs\ArcticTern_1\thinkphp\lang\zh-cn.php
[ info ] [ ROUTE ] array (
  'type' => 'module',
  'module' => 
  array (
    0 => 'trip_planning',
    1 => 'index',
    2 => 'ziye',
  ),
)
[ info ] [ HEADER ] array (
  'host' => 'localhost',
  'connection' => 'keep-alive',
  'upgrade-insecure-requests' => '1',
  'user-agent' => 'Mozilla/5.0 (Windows NT 10.0; WOW64) AppleWebKit/537.36 (KHTML, like Gecko) Chrome/67.0.3396.62 Safari/537.36',
  'accept' => 'text/html,application/xhtml+xml,application/xml;q=0.9,image/webp,image/apng,*/*;q=0.8',
  'referer' => 'http://localhost/ArcticTern_1/trip_planning/index/index.html',
  'accept-encoding' => 'gzip, deflate, br',
  'accept-language' => 'zh-CN,zh;q=0.9',
  'cookie' => 'thinkphp_show_page_trace=0|0',
)
[ info ] [ PARAM ] array (
)
[ info ] [ RUN ] app\trip_planning\controller\Index->ziye[ D:\xampp\htdocs\ArcticTern_1\application\trip_planning\controller\Index.php ]
[ info ] [ VIEW ] D:\xampp\htdocs\ArcticTern_1/application/trip_planning\view\index\ziye.html [ array (
) ]
[ info ] [ LOG ] INIT File
---------------------------------------------------------------
[ 2018-07-06T11:02:29+08:00 ] 0.0.0.0 GET /ArcticTern_1/trip_planning/index/index.html
[ info ] localhost/ArcticTern_1/trip_planning/index/index.html [运行时间：0.051561s][吞吐率：19.39req/s] [内存消耗：2,495.85kb] [文件加载：54]
[ info ] [ LANG ] D:\xampp\htdocs\ArcticTern_1\thinkphp\lang\zh-cn.php
[ info ] [ ROUTE ] array (
  'type' => 'module',
  'module' => 
  array (
    0 => 'trip_planning',
    1 => 'index',
    2 => 'index',
  ),
)
[ info ] [ HEADER ] array (
  'host' => 'localhost',
  'connection' => 'keep-alive',
  'upgrade-insecure-requests' => '1',
  'user-agent' => 'Mozilla/5.0 (Windows NT 10.0; WOW64) AppleWebKit/537.36 (KHTML, like Gecko) Chrome/67.0.3396.62 Safari/537.36',
  'accept' => 'text/html,application/xhtml+xml,application/xml;q=0.9,image/webp,image/apng,*/*;q=0.8',
  'referer' => 'http://localhost/ArcticTern_1/trip_planning/index/ziye.html',
  'accept-encoding' => 'gzip, deflate, br',
  'accept-language' => 'zh-CN,zh;q=0.9',
  'cookie' => 'thinkphp_show_page_trace=0|0',
)
[ info ] [ PARAM ] array (
)
[ info ] [ RUN ] app\trip_planning\controller\Index->index[ D:\xampp\htdocs\ArcticTern_1\application\trip_planning\controller\Index.php ]
[ info ] [ DB ] INIT mysql
[ info ] [ VIEW ] D:\xampp\htdocs\ArcticTern_1/application/trip_planning\view\index\index.html [ array (
  0 => 'index',
) ]
[ info ] [ LOG ] INIT File
[ sql ] [ DB ] CONNECT:[ UseTime:0.000815s ] mysql:host=127.0.0.1;dbname=arctictern;charset=utf8
[ sql ] [ SQL ] SHOW COLUMNS FROM `trip_planning` [ RunTime:0.014115s ]
[ sql ] [ SQL ] SELECT * FROM `trip_planning` [ RunTime:0.000595s ]
